This file contains any messages produced by compilers while
running configure, to aid debugging if configure makes a mistake.

It was created by ou configure 0, which was
generated by GNU Autoconf 2.69.  Invocation command line was

  $ ./configure --disable-option-checking --prefix=/usr/local --cache-file=/dev/null --srcdir=.

## --------- ##
## Platform. ##
## --------- ##

hostname = sudo
uname -m = i686
uname -r = 3.9.6-301.fc19.x86_64
uname -s = Linux
uname -v = #1 SMP Mon Jun 17 14:26:26 UTC 2013

/usr/bin/uname -p = i686
/bin/uname -X     = unknown

/bin/arch              = i686
/usr/bin/arch -k       = unknown
/usr/convex/getsysinfo = unknown
/usr/bin/hostinfo      = unknown
/bin/machine           = unknown
/usr/bin/oslevel       = unknown
/bin/universe          = unknown

PATH: /usr/lib64/qt-3.3/bin
PATH: /usr/libexec/lightdm
PATH: /usr/local/bin
PATH: /usr/bin
PATH: /bin
PATH: /usr/local/sbin
PATH: /usr/sbin
PATH: /home/cac/algs4/bin
PATH: /usr/class/cs143/cool/bin
PATH: /usr/local/sbin
PATH: /usr/sbin
PATH: /sbin
PATH: /home/cac/bin


## ----------- ##
## Core tests. ##
## ----------- ##

configure:2568: checking build system type
configure:2582: result: i686-pc-linux-gnu
configure:2602: checking host system type
configure:2615: result: i686-pc-linux-gnu
configure:2683: checking for gcc
configure:2699: found /usr/bin/gcc
configure:2710: result: gcc
configure:2939: checking for C compiler version
configure:2948: gcc --version >&5
gcc (GCC) 4.8.1 20130603 (Red Hat 4.8.1-1)
Copyright (C) 2013 Free Software Foundation, Inc.
This is free software; see the source for copying conditions.  There is NO
warranty; not even for MERCHANTABILITY or FITNESS FOR A PARTICULAR PURPOSE.

configure:2959: $? = 0
configure:2948: gcc -v >&5
Using built-in specs.
COLLECT_GCC=gcc
COLLECT_LTO_WRAPPER=/usr/libexec/gcc/x86_64-redhat-linux/4.8.1/lto-wrapper
Target: x86_64-redhat-linux
Configured with: ../configure --prefix=/usr --mandir=/usr/share/man --infodir=/usr/share/info --with-bugurl=http://bugzilla.redhat.com/bugzilla --enable-bootstrap --enable-shared --enable-threads=posix --enable-checking=release --with-system-zlib --enable-__cxa_atexit --disable-libunwind-exceptions --enable-gnu-unique-object --enable-linker-build-id --with-linker-hash-style=gnu --enable-languages=c,c++,objc,obj-c++,java,fortran,ada,go,lto --enable-plugin --enable-initfini-array --enable-java-awt=gtk --disable-dssi --with-java-home=/usr/lib/jvm/java-1.5.0-gcj-1.5.0.0/jre --enable-libgcj-multifile --enable-java-maintainer-mode --with-ecj-jar=/usr/share/java/eclipse-ecj.jar --disable-libjava-multilib --with-isl=/builddir/build/BUILD/gcc-4.8.1-20130603/obj-x86_64-redhat-linux/isl-install --with-cloog=/builddir/build/BUILD/gcc-4.8.1-20130603/obj-x86_64-redhat-linux/cloog-install --with-tune=generic --with-arch_32=i686 --build=x86_64-redhat-linux
Thread model: posix
gcc version 4.8.1 20130603 (Red Hat 4.8.1-1) (GCC) 
configure:2959: $? = 0
configure:2948: gcc -V >&5
gcc: error: unrecognized command line option '-V'
gcc: fatal error: no input files
compilation terminated.
configure:2959: $? = 4
configure:2948: gcc -qversion >&5
gcc: error: unrecognized command line option '-qversion'
gcc: fatal error: no input files
compilation terminated.
configure:2959: $? = 4
configure:2979: checking whether the C compiler works
configure:3001: gcc    conftest.c  >&5
configure:3005: $? = 0
configure:3053: result: yes
configure:3056: checking for C compiler default output file name
configure:3058: result: a.out
configure:3064: checking for suffix of executables
configure:3071: gcc -o conftest    conftest.c  >&5
configure:3075: $? = 0
configure:3097: result: 
configure:3119: checking whether we are cross compiling
configure:3127: gcc -o conftest    conftest.c  >&5
configure:3131: $? = 0
configure:3138: ./conftest
configure:3142: $? = 0
configure:3157: result: no
configure:3162: checking for suffix of object files
configure:3184: gcc -c   conftest.c >&5
configure:3188: $? = 0
configure:3209: result: o
configure:3213: checking whether we are using the GNU C compiler
configure:3232: gcc -c   conftest.c >&5
configure:3232: $? = 0
configure:3241: result: yes
configure:3250: checking whether gcc accepts -g
configure:3270: gcc -c -g  conftest.c >&5
configure:3270: $? = 0
configure:3311: result: yes
configure:3328: checking for gcc option to accept ISO C89
configure:3391: gcc  -c -g -O2  conftest.c >&5
configure:3391: $? = 0
configure:3404: result: none needed
configure:3430: checking how to run the C preprocessor
configure:3461: gcc -E  conftest.c
configure:3461: $? = 0
configure:3475: gcc -E  conftest.c
conftest.c:9:28: fatal error: ac_nonexistent.h: No such file or directory
 #include <ac_nonexistent.h>
                            ^
compilation terminated.
configure:3475: $? = 1
configure: failed program was:
| /* confdefs.h */
| #define PACKAGE_NAME "ou"
| #define PACKAGE_TARNAME "ou"
| #define PACKAGE_VERSION "0"
| #define PACKAGE_STRING "ou 0"
| #define PACKAGE_BUGREPORT "oleh_derevenko@users.sourceforge.net"
| #define PACKAGE_URL ""
| /* end confdefs.h.  */
| #include <ac_nonexistent.h>
configure:3500: result: gcc -E
configure:3520: gcc -E  conftest.c
configure:3520: $? = 0
configure:3534: gcc -E  conftest.c
conftest.c:9:28: fatal error: ac_nonexistent.h: No such file or directory
 #include <ac_nonexistent.h>
                            ^
compilation terminated.
configure:3534: $? = 1
configure: failed program was:
| /* confdefs.h */
| #define PACKAGE_NAME "ou"
| #define PACKAGE_TARNAME "ou"
| #define PACKAGE_VERSION "0"
| #define PACKAGE_STRING "ou 0"
| #define PACKAGE_BUGREPORT "oleh_derevenko@users.sourceforge.net"
| #define PACKAGE_URL ""
| /* end confdefs.h.  */
| #include <ac_nonexistent.h>
configure:3563: checking for grep that handles long lines and -e
configure:3621: result: /usr/bin/grep
configure:3626: checking for egrep
configure:3688: result: /usr/bin/grep -E
configure:3693: checking for ANSI C header files
configure:3713: gcc -c -g -O2  conftest.c >&5
configure:3713: $? = 0
configure:3786: gcc -o conftest -g -O2   conftest.c  >&5
configure:3786: $? = 0
configure:3786: ./conftest
configure:3786: $? = 0
configure:3797: result: yes
configure:3810: checking for sys/types.h
configure:3810: gcc -c -g -O2  conftest.c >&5
configure:3810: $? = 0
configure:3810: result: yes
configure:3810: checking for sys/stat.h
configure:3810: gcc -c -g -O2  conftest.c >&5
configure:3810: $? = 0
configure:3810: result: yes
configure:3810: checking for stdlib.h
configure:3810: gcc -c -g -O2  conftest.c >&5
configure:3810: $? = 0
configure:3810: result: yes
configure:3810: checking for string.h
configure:3810: gcc -c -g -O2  conftest.c >&5
configure:3810: $? = 0
configure:3810: result: yes
configure:3810: checking for memory.h
configure:3810: gcc -c -g -O2  conftest.c >&5
configure:3810: $? = 0
configure:3810: result: yes
configure:3810: checking for strings.h
configure:3810: gcc -c -g -O2  conftest.c >&5
configure:3810: $? = 0
configure:3810: result: yes
configure:3810: checking for inttypes.h
configure:3810: gcc -c -g -O2  conftest.c >&5
configure:3810: $? = 0
configure:3810: result: yes
configure:3810: checking for stdint.h
configure:3810: gcc -c -g -O2  conftest.c >&5
configure:3810: $? = 0
configure:3810: result: yes
configure:3810: checking for unistd.h
configure:3810: gcc -c -g -O2  conftest.c >&5
configure:3810: $? = 0
configure:3810: result: yes
configure:3823: checking minix/config.h usability
configure:3823: gcc -c -g -O2  conftest.c >&5
conftest.c:52:26: fatal error: minix/config.h: No such file or directory
 #include <minix/config.h>
                          ^
compilation terminated.
configure:3823: $? = 1
configure: failed program was:
| /* confdefs.h */
| #define PACKAGE_NAME "ou"
| #define PACKAGE_TARNAME "ou"
| #define PACKAGE_VERSION "0"
| #define PACKAGE_STRING "ou 0"
| #define PACKAGE_BUGREPORT "oleh_derevenko@users.sourceforge.net"
| #define PACKAGE_URL ""
| #define STDC_HEADERS 1
| #define HAVE_SYS_TYPES_H 1
| #define HAVE_SYS_STAT_H 1
| #define HAVE_STDLIB_H 1
| #define HAVE_STRING_H 1
| #define HAVE_MEMORY_H 1
| #define HAVE_STRINGS_H 1
| #define HAVE_INTTYPES_H 1
| #define HAVE_STDINT_H 1
| #define HAVE_UNISTD_H 1
| /* end confdefs.h.  */
| #include <stdio.h>
| #ifdef HAVE_SYS_TYPES_H
| # include <sys/types.h>
| #endif
| #ifdef HAVE_SYS_STAT_H
| # include <sys/stat.h>
| #endif
| #ifdef STDC_HEADERS
| # include <stdlib.h>
| # include <stddef.h>
| #else
| # ifdef HAVE_STDLIB_H
| #  include <stdlib.h>
| # endif
| #endif
| #ifdef HAVE_STRING_H
| # if !defined STDC_HEADERS && defined HAVE_MEMORY_H
| #  include <memory.h>
| # endif
| # include <string.h>
| #endif
| #ifdef HAVE_STRINGS_H
| # include <strings.h>
| #endif
| #ifdef HAVE_INTTYPES_H
| # include <inttypes.h>
| #endif
| #ifdef HAVE_STDINT_H
| # include <stdint.h>
| #endif
| #ifdef HAVE_UNISTD_H
| # include <unistd.h>
| #endif
| #include <minix/config.h>
configure:3823: result: no
configure:3823: checking minix/config.h presence
configure:3823: gcc -E  conftest.c
conftest.c:19:26: fatal error: minix/config.h: No such file or directory
 #include <minix/config.h>
                          ^
compilation terminated.
configure:3823: $? = 1
configure: failed program was:
| /* confdefs.h */
| #define PACKAGE_NAME "ou"
| #define PACKAGE_TARNAME "ou"
| #define PACKAGE_VERSION "0"
| #define PACKAGE_STRING "ou 0"
| #define PACKAGE_BUGREPORT "oleh_derevenko@users.sourceforge.net"
| #define PACKAGE_URL ""
| #define STDC_HEADERS 1
| #define HAVE_SYS_TYPES_H 1
| #define HAVE_SYS_STAT_H 1
| #define HAVE_STDLIB_H 1
| #define HAVE_STRING_H 1
| #define HAVE_MEMORY_H 1
| #define HAVE_STRINGS_H 1
| #define HAVE_INTTYPES_H 1
| #define HAVE_STDINT_H 1
| #define HAVE_UNISTD_H 1
| /* end confdefs.h.  */
| #include <minix/config.h>
configure:3823: result: no
configure:3823: checking for minix/config.h
configure:3823: result: no
configure:3844: checking whether it is safe to define __EXTENSIONS__
configure:3862: gcc -c -g -O2  conftest.c >&5
configure:3862: $? = 0
configure:3869: result: yes
configure:3899: checking for a BSD-compatible install
configure:3967: result: /usr/bin/install -c
configure:3978: checking whether build environment is sane
configure:4033: result: yes
configure:4184: checking for a thread-safe mkdir -p
configure:4223: result: /usr/bin/mkdir -p
configure:4230: checking for gawk
configure:4246: found /usr/bin/gawk
configure:4257: result: gawk
configure:4268: checking whether make sets $(MAKE)
configure:4290: result: yes
configure:4320: checking for style of include used by make
configure:4348: result: GNU
configure:4382: checking whether make supports nested variables
configure:4399: result: yes
configure:4484: checking dependency style of gcc
configure:4595: result: gcc3
configure:4612: checking target OS
configure:4643: result: unix
configure:4713: checking for g++
configure:4729: found /usr/bin/g++
configure:4740: result: g++
configure:4767: checking for C++ compiler version
configure:4776: g++ --version >&5
g++ (GCC) 4.8.1 20130603 (Red Hat 4.8.1-1)
Copyright (C) 2013 Free Software Foundation, Inc.
This is free software; see the source for copying conditions.  There is NO
warranty; not even for MERCHANTABILITY or FITNESS FOR A PARTICULAR PURPOSE.

configure:4787: $? = 0
configure:4776: g++ -v >&5
Using built-in specs.
COLLECT_GCC=g++
COLLECT_LTO_WRAPPER=/usr/libexec/gcc/x86_64-redhat-linux/4.8.1/lto-wrapper
Target: x86_64-redhat-linux
Configured with: ../configure --prefix=/usr --mandir=/usr/share/man --infodir=/usr/share/info --with-bugurl=http://bugzilla.redhat.com/bugzilla --enable-bootstrap --enable-shared --enable-threads=posix --enable-checking=release --with-system-zlib --enable-__cxa_atexit --disable-libunwind-exceptions --enable-gnu-unique-object --enable-linker-build-id --with-linker-hash-style=gnu --enable-languages=c,c++,objc,obj-c++,java,fortran,ada,go,lto --enable-plugin --enable-initfini-array --enable-java-awt=gtk --disable-dssi --with-java-home=/usr/lib/jvm/java-1.5.0-gcj-1.5.0.0/jre --enable-libgcj-multifile --enable-java-maintainer-mode --with-ecj-jar=/usr/share/java/eclipse-ecj.jar --disable-libjava-multilib --with-isl=/builddir/build/BUILD/gcc-4.8.1-20130603/obj-x86_64-redhat-linux/isl-install --with-cloog=/builddir/build/BUILD/gcc-4.8.1-20130603/obj-x86_64-redhat-linux/cloog-install --with-tune=generic --with-arch_32=i686 --build=x86_64-redhat-linux
Thread model: posix
gcc version 4.8.1 20130603 (Red Hat 4.8.1-1) (GCC) 
configure:4787: $? = 0
configure:4776: g++ -V >&5
g++: error: unrecognized command line option '-V'
g++: fatal error: no input files
compilation terminated.
configure:4787: $? = 4
configure:4776: g++ -qversion >&5
g++: error: unrecognized command line option '-qversion'
g++: fatal error: no input files
compilation terminated.
configure:4787: $? = 4
configure:4791: checking whether we are using the GNU C++ compiler
configure:4810: g++ -c   conftest.cpp >&5
configure:4810: $? = 0
configure:4819: result: yes
configure:4828: checking whether g++ accepts -g
configure:4848: g++ -c -g  conftest.cpp >&5
configure:4848: $? = 0
configure:4889: result: yes
configure:4914: checking dependency style of g++
configure:5025: result: gcc3
configure:5088: checking for gcc
configure:5115: result: gcc
configure:5344: checking for C compiler version
configure:5353: gcc --version >&5
gcc (GCC) 4.8.1 20130603 (Red Hat 4.8.1-1)
Copyright (C) 2013 Free Software Foundation, Inc.
This is free software; see the source for copying conditions.  There is NO
warranty; not even for MERCHANTABILITY or FITNESS FOR A PARTICULAR PURPOSE.

configure:5364: $? = 0
configure:5353: gcc -v >&5
Using built-in specs.
COLLECT_GCC=gcc
COLLECT_LTO_WRAPPER=/usr/libexec/gcc/x86_64-redhat-linux/4.8.1/lto-wrapper
Target: x86_64-redhat-linux
Configured with: ../configure --prefix=/usr --mandir=/usr/share/man --infodir=/usr/share/info --with-bugurl=http://bugzilla.redhat.com/bugzilla --enable-bootstrap --enable-shared --enable-threads=posix --enable-checking=release --with-system-zlib --enable-__cxa_atexit --disable-libunwind-exceptions --enable-gnu-unique-object --enable-linker-build-id --with-linker-hash-style=gnu --enable-languages=c,c++,objc,obj-c++,java,fortran,ada,go,lto --enable-plugin --enable-initfini-array --enable-java-awt=gtk --disable-dssi --with-java-home=/usr/lib/jvm/java-1.5.0-gcj-1.5.0.0/jre --enable-libgcj-multifile --enable-java-maintainer-mode --with-ecj-jar=/usr/share/java/eclipse-ecj.jar --disable-libjava-multilib --with-isl=/builddir/build/BUILD/gcc-4.8.1-20130603/obj-x86_64-redhat-linux/isl-install --with-cloog=/builddir/build/BUILD/gcc-4.8.1-20130603/obj-x86_64-redhat-linux/cloog-install --with-tune=generic --with-arch_32=i686 --build=x86_64-redhat-linux
Thread model: posix
gcc version 4.8.1 20130603 (Red Hat 4.8.1-1) (GCC) 
configure:5364: $? = 0
configure:5353: gcc -V >&5
gcc: error: unrecognized command line option '-V'
gcc: fatal error: no input files
compilation terminated.
configure:5364: $? = 4
configure:5353: gcc -qversion >&5
gcc: error: unrecognized command line option '-qversion'
gcc: fatal error: no input files
compilation terminated.
configure:5364: $? = 4
configure:5368: checking whether we are using the GNU C compiler
configure:5396: result: yes
configure:5405: checking whether gcc accepts -g
configure:5466: result: yes
configure:5483: checking for gcc option to accept ISO C89
configure:5559: result: none needed
configure:5583: checking for gawk
configure:5610: result: gawk
configure:5665: checking for ranlib
configure:5681: found /usr/bin/ranlib
configure:5692: result: ranlib
configure:5719: checking how to run the C preprocessor
configure:5789: result: gcc -E
configure:5809: gcc -E  conftest.c
configure:5809: $? = 0
configure:5823: gcc -E  conftest.c
conftest.c:26:28: fatal error: ac_nonexistent.h: No such file or directory
 #include <ac_nonexistent.h>
                            ^
compilation terminated.
configure:5823: $? = 1
configure: failed program was:
| /* confdefs.h */
| #define PACKAGE_NAME "ou"
| #define PACKAGE_TARNAME "ou"
| #define PACKAGE_VERSION "0"
| #define PACKAGE_STRING "ou 0"
| #define PACKAGE_BUGREPORT "oleh_derevenko@users.sourceforge.net"
| #define PACKAGE_URL ""
| #define STDC_HEADERS 1
| #define HAVE_SYS_TYPES_H 1
| #define HAVE_SYS_STAT_H 1
| #define HAVE_STDLIB_H 1
| #define HAVE_STRING_H 1
| #define HAVE_MEMORY_H 1
| #define HAVE_STRINGS_H 1
| #define HAVE_INTTYPES_H 1
| #define HAVE_STDINT_H 1
| #define HAVE_UNISTD_H 1
| #define __EXTENSIONS__ 1
| #define _ALL_SOURCE 1
| #define _GNU_SOURCE 1
| #define _POSIX_PTHREAD_SEMANTICS 1
| #define _TANDEM_SOURCE 1
| #define PACKAGE "ou"
| #define VERSION "0"
| /* end confdefs.h.  */
| #include <ac_nonexistent.h>
configure:6201: checking how to print strings
configure:6228: result: printf
configure:6249: checking for a sed that does not truncate output
configure:6313: result: /usr/bin/sed
configure:6331: checking for fgrep
configure:6393: result: /usr/bin/grep -F
configure:6428: checking for ld used by gcc
configure:6495: result: /usr/bin/ld
configure:6502: checking if the linker (/usr/bin/ld) is GNU ld
configure:6517: result: yes
configure:6529: checking for BSD- or MS-compatible name lister (nm)
configure:6578: result: /usr/bin/nm -B
configure:6708: checking the name lister (/usr/bin/nm -B) interface
configure:6715: gcc -c -g -O2  conftest.c >&5
configure:6718: /usr/bin/nm -B "conftest.o"
configure:6721: output
0000000000000000 B some_variable
configure:6728: result: BSD nm
configure:6731: checking whether ln -s works
configure:6735: result: yes
configure:6743: checking the maximum length of command line arguments
configure:6873: result: 1572864
configure:6890: checking whether the shell understands some XSI constructs
configure:6900: result: yes
configure:6904: checking whether the shell understands "+="
configure:6910: result: yes
configure:6945: checking how to convert i686-pc-linux-gnu file names to i686-pc-linux-gnu format
configure:6985: result: func_convert_file_noop
configure:6992: checking how to convert i686-pc-linux-gnu file names to toolchain format
configure:7012: result: func_convert_file_noop
configure:7019: checking for /usr/bin/ld option to reload object files
configure:7026: result: -r
configure:7100: checking for objdump
configure:7127: result: objdump
configure:7156: checking how to recognize dependent libraries
configure:7358: result: pass_all
configure:7443: checking for dlltool
configure:7470: result: dlltool
configure:7500: checking how to associate runtime and link libraries
configure:7527: result: printf %s\n
configure:7587: checking for ar
configure:7603: found /usr/bin/ar
configure:7614: result: ar
configure:7651: checking for archiver @FILE support
configure:7668: gcc -c -g -O2  conftest.c >&5
configure:7668: $? = 0
configure:7671: ar cru libconftest.a @conftest.lst >&5
configure:7674: $? = 0
configure:7679: ar cru libconftest.a @conftest.lst >&5
ar: conftest.o: No such file or directory
configure:7682: $? = 1
configure:7694: result: @
configure:7752: checking for strip
configure:7768: found /usr/bin/strip
configure:7779: result: strip
configure:7851: checking for ranlib
configure:7878: result: ranlib
configure:7980: checking command to parse /usr/bin/nm -B output from gcc object
configure:8100: gcc -c -g -O2  conftest.c >&5
configure:8103: $? = 0
configure:8107: /usr/bin/nm -B conftest.o \| sed -n -e 's/^.*[ ]\([ABCDGIRSTW][ABCDGIRSTW]*\)[ ][ ]*\([_A-Za-z][_A-Za-z0-9]*\)$/\1 \2 \2/p' | sed '/ __gnu_lto/d' \> conftest.nm
configure:8110: $? = 0
configure:8176: gcc -o conftest -g -O2   conftest.c conftstm.o >&5
configure:8179: $? = 0
configure:8217: result: ok
configure:8254: checking for sysroot
configure:8284: result: no
configure:8540: checking for mt
configure:8570: result: no
configure:8590: checking if : is a manifest tool
configure:8596: : '-?'
configure:8604: result: no
configure:9243: checking for dlfcn.h
configure:9243: gcc -c -g -O2  conftest.c >&5
configure:9243: $? = 0
configure:9243: result: yes
configure:9458: checking for objdir
configure:9473: result: .libs
configure:9740: checking if gcc supports -fno-rtti -fno-exceptions
configure:9758: gcc -c -g -O2  -fno-rtti -fno-exceptions conftest.c >&5
cc1: warning: command line option '-fno-rtti' is valid for C++/ObjC++ but not for C [enabled by default]
configure:9762: $? = 0
configure:9775: result: no
configure:10102: checking for gcc option to produce PIC
configure:10109: result: -fPIC -DPIC
configure:10117: checking if gcc PIC flag -fPIC -DPIC works
configure:10135: gcc -c -g -O2  -fPIC -DPIC -DPIC conftest.c >&5
configure:10139: $? = 0
configure:10152: result: yes
configure:10181: checking if gcc static flag -static works
configure:10209: result: yes
configure:10224: checking if gcc supports -c -o file.o
configure:10245: gcc -c -g -O2  -o out/conftest2.o conftest.c >&5
configure:10249: $? = 0
configure:10271: result: yes
configure:10279: checking if gcc supports -c -o file.o
configure:10326: result: yes
configure:10359: checking whether the gcc linker (/usr/bin/ld) supports shared libraries
configure:11512: result: yes
configure:11549: checking whether -lc should be explicitly linked in
configure:11557: gcc -c -g -O2  conftest.c >&5
configure:11560: $? = 0
configure:11575: gcc -shared  -fPIC -DPIC conftest.o  -v -Wl,-soname -Wl,conftest -o conftest 2\>\&1 \| /usr/bin/grep  -lc  \>/dev/null 2\>\&1
configure:11578: $? = 0
configure:11592: result: no
configure:11752: checking dynamic linker characteristics
configure:12263: gcc -o conftest -g -O2   -Wl,-rpath -Wl,/foo conftest.c  >&5
configure:12263: $? = 0
configure:12489: result: GNU/Linux ld.so
configure:12596: checking how to hardcode library paths into programs
configure:12621: result: immediate
configure:13161: checking whether stripping libraries is possible
configure:13166: result: yes
configure:13201: checking if libtool supports shared libraries
configure:13203: result: yes
configure:13206: checking whether to build shared libraries
configure:13227: result: yes
configure:13230: checking whether to build static libraries
configure:13234: result: yes
configure:13257: checking how to run the C++ preprocessor
configure:13284: g++ -E  conftest.cpp
configure:13284: $? = 0
configure:13298: g++ -E  conftest.cpp
conftest.cpp:28:28: fatal error: ac_nonexistent.h: No such file or directory
 #include <ac_nonexistent.h>
                            ^
compilation terminated.
configure:13298: $? = 1
configure: failed program was:
| /* confdefs.h */
| #define PACKAGE_NAME "ou"
| #define PACKAGE_TARNAME "ou"
| #define PACKAGE_VERSION "0"
| #define PACKAGE_STRING "ou 0"
| #define PACKAGE_BUGREPORT "oleh_derevenko@users.sourceforge.net"
| #define PACKAGE_URL ""
| #define STDC_HEADERS 1
| #define HAVE_SYS_TYPES_H 1
| #define HAVE_SYS_STAT_H 1
| #define HAVE_STDLIB_H 1
| #define HAVE_STRING_H 1
| #define HAVE_MEMORY_H 1
| #define HAVE_STRINGS_H 1
| #define HAVE_INTTYPES_H 1
| #define HAVE_STDINT_H 1
| #define HAVE_UNISTD_H 1
| #define __EXTENSIONS__ 1
| #define _ALL_SOURCE 1
| #define _GNU_SOURCE 1
| #define _POSIX_PTHREAD_SEMANTICS 1
| #define _TANDEM_SOURCE 1
| #define PACKAGE "ou"
| #define VERSION "0"
| #define HAVE_DLFCN_H 1
| #define LT_OBJDIR ".libs/"
| /* end confdefs.h.  */
| #include <ac_nonexistent.h>
configure:13323: result: g++ -E
configure:13343: g++ -E  conftest.cpp
configure:13343: $? = 0
configure:13357: g++ -E  conftest.cpp
conftest.cpp:28:28: fatal error: ac_nonexistent.h: No such file or directory
 #include <ac_nonexistent.h>
                            ^
compilation terminated.
configure:13357: $? = 1
configure: failed program was:
| /* confdefs.h */
| #define PACKAGE_NAME "ou"
| #define PACKAGE_TARNAME "ou"
| #define PACKAGE_VERSION "0"
| #define PACKAGE_STRING "ou 0"
| #define PACKAGE_BUGREPORT "oleh_derevenko@users.sourceforge.net"
| #define PACKAGE_URL ""
| #define STDC_HEADERS 1
| #define HAVE_SYS_TYPES_H 1
| #define HAVE_SYS_STAT_H 1
| #define HAVE_STDLIB_H 1
| #define HAVE_STRING_H 1
| #define HAVE_MEMORY_H 1
| #define HAVE_STRINGS_H 1
| #define HAVE_INTTYPES_H 1
| #define HAVE_STDINT_H 1
| #define HAVE_UNISTD_H 1
| #define __EXTENSIONS__ 1
| #define _ALL_SOURCE 1
| #define _GNU_SOURCE 1
| #define _POSIX_PTHREAD_SEMANTICS 1
| #define _TANDEM_SOURCE 1
| #define PACKAGE "ou"
| #define VERSION "0"
| #define HAVE_DLFCN_H 1
| #define LT_OBJDIR ".libs/"
| /* end confdefs.h.  */
| #include <ac_nonexistent.h>
configure:13526: checking for ld used by g++
configure:13593: result: /usr/bin/ld
configure:13600: checking if the linker (/usr/bin/ld) is GNU ld
configure:13615: result: yes
configure:13670: checking whether the g++ linker (/usr/bin/ld) supports shared libraries
configure:14675: result: yes
configure:14711: g++ -c -g -O2  conftest.cpp >&5
configure:14714: $? = 0
configure:15234: checking for g++ option to produce PIC
configure:15241: result: -fPIC -DPIC
configure:15249: checking if g++ PIC flag -fPIC -DPIC works
configure:15267: g++ -c -g -O2  -fPIC -DPIC -DPIC conftest.cpp >&5
configure:15271: $? = 0
configure:15284: result: yes
configure:15307: checking if g++ static flag -static works
configure:15335: result: no
configure:15347: checking if g++ supports -c -o file.o
configure:15368: g++ -c -g -O2  -o out/conftest2.o conftest.cpp >&5
configure:15372: $? = 0
configure:15394: result: yes
configure:15399: checking if g++ supports -c -o file.o
configure:15446: result: yes
configure:15476: checking whether the g++ linker (/usr/bin/ld) supports shared libraries
configure:15512: result: yes
configure:15653: checking dynamic linker characteristics
configure:16324: result: GNU/Linux ld.so
configure:16377: checking how to hardcode library paths into programs
configure:16402: result: immediate
configure:16466: checking for main in -lc
configure:16485: gcc -o conftest -g -O2   conftest.c -lc   >&5
configure:16485: $? = 0
configure:16494: result: yes
configure:16505: checking for main in -lpthread
configure:16524: gcc -o conftest -g -O2   conftest.c -lpthread  -lc  >&5
configure:16524: $? = 0
configure:16533: result: yes
configure:16551: checking for ANSI C header files
configure:16655: result: yes
configure:16666: checking for inttypes.h
configure:16666: result: yes
configure:16666: checking malloc.h usability
configure:16666: gcc -c -g -O2  conftest.c >&5
configure:16666: $? = 0
configure:16666: result: yes
configure:16666: checking malloc.h presence
configure:16666: gcc -E  conftest.c
configure:16666: $? = 0
configure:16666: result: yes
configure:16666: checking for malloc.h
configure:16666: result: yes
configure:16666: checking stddef.h usability
configure:16666: gcc -c -g -O2  conftest.c >&5
configure:16666: $? = 0
configure:16666: result: yes
configure:16666: checking stddef.h presence
configure:16666: gcc -E  conftest.c
configure:16666: $? = 0
configure:16666: result: yes
configure:16666: checking for stddef.h
configure:16666: result: yes
configure:16666: checking for stdlib.h
configure:16666: result: yes
configure:16666: checking for string.h
configure:16666: result: yes
configure:16678: checking for stdbool.h that conforms to C99
configure:16745: gcc -c -g -O2  conftest.c >&5
configure:16745: $? = 0
configure:16752: result: yes
configure:16754: checking for _Bool
configure:16754: gcc -c -g -O2  conftest.c >&5
configure:16754: $? = 0
configure:16754: gcc -c -g -O2  conftest.c >&5
conftest.c: In function 'main':
conftest.c:73:20: error: expected expression before ')' token
 if (sizeof ((_Bool)))
                    ^
configure:16754: $? = 1
configure: failed program was:
| /* confdefs.h */
| #define PACKAGE_NAME "ou"
| #define PACKAGE_TARNAME "ou"
| #define PACKAGE_VERSION "0"
| #define PACKAGE_STRING "ou 0"
| #define PACKAGE_BUGREPORT "oleh_derevenko@users.sourceforge.net"
| #define PACKAGE_URL ""
| #define STDC_HEADERS 1
| #define HAVE_SYS_TYPES_H 1
| #define HAVE_SYS_STAT_H 1
| #define HAVE_STDLIB_H 1
| #define HAVE_STRING_H 1
| #define HAVE_MEMORY_H 1
| #define HAVE_STRINGS_H 1
| #define HAVE_INTTYPES_H 1
| #define HAVE_STDINT_H 1
| #define HAVE_UNISTD_H 1
| #define __EXTENSIONS__ 1
| #define _ALL_SOURCE 1
| #define _GNU_SOURCE 1
| #define _POSIX_PTHREAD_SEMANTICS 1
| #define _TANDEM_SOURCE 1
| #define PACKAGE "ou"
| #define VERSION "0"
| #define HAVE_DLFCN_H 1
| #define LT_OBJDIR ".libs/"
| #define HAVE_LIBC 1
| #define HAVE_LIBPTHREAD 1
| #define _REENTRANT 1
| #define STDC_HEADERS 1
| #define HAVE_INTTYPES_H 1
| #define HAVE_MALLOC_H 1
| #define HAVE_STDDEF_H 1
| #define HAVE_STDLIB_H 1
| #define HAVE_STRING_H 1
| /* end confdefs.h.  */
| #include <stdio.h>
| #ifdef HAVE_SYS_TYPES_H
| # include <sys/types.h>
| #endif
| #ifdef HAVE_SYS_STAT_H
| # include <sys/stat.h>
| #endif
| #ifdef STDC_HEADERS
| # include <stdlib.h>
| # include <stddef.h>
| #else
| # ifdef HAVE_STDLIB_H
| #  include <stdlib.h>
| # endif
| #endif
| #ifdef HAVE_STRING_H
| # if !defined STDC_HEADERS && defined HAVE_MEMORY_H
| #  include <memory.h>
| # endif
| # include <string.h>
| #endif
| #ifdef HAVE_STRINGS_H
| # include <strings.h>
| #endif
| #ifdef HAVE_INTTYPES_H
| # include <inttypes.h>
| #endif
| #ifdef HAVE_STDINT_H
| # include <stdint.h>
| #endif
| #ifdef HAVE_UNISTD_H
| # include <unistd.h>
| #endif
| int
| main ()
| {
| if (sizeof ((_Bool)))
| 	    return 0;
|   ;
|   return 0;
| }
configure:16754: result: yes
configure:16771: checking for an ANSI C-conforming const
configure:16837: gcc -c -g -O2  conftest.c >&5
configure:16837: $? = 0
configure:16844: result: yes
configure:16852: checking for inline
configure:16868: gcc -c -g -O2  conftest.c >&5
configure:16868: $? = 0
configure:16876: result: inline
configure:16894: checking for int16_t
configure:16894: gcc -c -g -O2  conftest.c >&5
configure:16894: $? = 0
configure:16894: gcc -c -g -O2  conftest.c >&5
conftest.c: In function 'main':
conftest.c:76:12: error: size of array 'test_array' is negative
 static int test_array [1 - 2 * !((int16_t) (((((int16_t) 1 << N) << N) - 1) * 2 + 1)
            ^
configure:16894: $? = 1
configure: failed program was:
| /* confdefs.h */
| #define PACKAGE_NAME "ou"
| #define PACKAGE_TARNAME "ou"
| #define PACKAGE_VERSION "0"
| #define PACKAGE_STRING "ou 0"
| #define PACKAGE_BUGREPORT "oleh_derevenko@users.sourceforge.net"
| #define PACKAGE_URL ""
| #define STDC_HEADERS 1
| #define HAVE_SYS_TYPES_H 1
| #define HAVE_SYS_STAT_H 1
| #define HAVE_STDLIB_H 1
| #define HAVE_STRING_H 1
| #define HAVE_MEMORY_H 1
| #define HAVE_STRINGS_H 1
| #define HAVE_INTTYPES_H 1
| #define HAVE_STDINT_H 1
| #define HAVE_UNISTD_H 1
| #define __EXTENSIONS__ 1
| #define _ALL_SOURCE 1
| #define _GNU_SOURCE 1
| #define _POSIX_PTHREAD_SEMANTICS 1
| #define _TANDEM_SOURCE 1
| #define PACKAGE "ou"
| #define VERSION "0"
| #define HAVE_DLFCN_H 1
| #define LT_OBJDIR ".libs/"
| #define HAVE_LIBC 1
| #define HAVE_LIBPTHREAD 1
| #define _REENTRANT 1
| #define STDC_HEADERS 1
| #define HAVE_INTTYPES_H 1
| #define HAVE_MALLOC_H 1
| #define HAVE_STDDEF_H 1
| #define HAVE_STDLIB_H 1
| #define HAVE_STRING_H 1
| #define HAVE__BOOL 1
| #define HAVE_STDBOOL_H 1
| /* end confdefs.h.  */
| #include <stdio.h>
| #ifdef HAVE_SYS_TYPES_H
| # include <sys/types.h>
| #endif
| #ifdef HAVE_SYS_STAT_H
| # include <sys/stat.h>
| #endif
| #ifdef STDC_HEADERS
| # include <stdlib.h>
| # include <stddef.h>
| #else
| # ifdef HAVE_STDLIB_H
| #  include <stdlib.h>
| # endif
| #endif
| #ifdef HAVE_STRING_H
| # if !defined STDC_HEADERS && defined HAVE_MEMORY_H
| #  include <memory.h>
| # endif
| # include <string.h>
| #endif
| #ifdef HAVE_STRINGS_H
| # include <strings.h>
| #endif
| #ifdef HAVE_INTTYPES_H
| # include <inttypes.h>
| #endif
| #ifdef HAVE_STDINT_H
| # include <stdint.h>
| #endif
| #ifdef HAVE_UNISTD_H
| # include <unistd.h>
| #endif
| 	        enum { N = 16 / 2 - 1 };
| int
| main ()
| {
| static int test_array [1 - 2 * !((int16_t) (((((int16_t) 1 << N) << N) - 1) * 2 + 1)
| 		 < (int16_t) (((((int16_t) 1 << N) << N) - 1) * 2 + 2))];
| test_array [0] = 0;
| return test_array [0];
| 
|   ;
|   return 0;
| }
configure:16894: result: yes
configure:16905: checking for int32_t
configure:16905: gcc -c -g -O2  conftest.c >&5
configure:16905: $? = 0
configure:16905: gcc -c -g -O2  conftest.c >&5
conftest.c: In function 'main':
conftest.c:77:53: warning: integer overflow in expression [-Woverflow]
    < (int32_t) (((((int32_t) 1 << N) << N) - 1) * 2 + 2))];
                                                     ^
conftest.c:76:12: error: storage size of 'test_array' isn't constant
 static int test_array [1 - 2 * !((int32_t) (((((int32_t) 1 << N) << N) - 1) * 2 + 1)
            ^
configure:16905: $? = 1
configure: failed program was:
| /* confdefs.h */
| #define PACKAGE_NAME "ou"
| #define PACKAGE_TARNAME "ou"
| #define PACKAGE_VERSION "0"
| #define PACKAGE_STRING "ou 0"
| #define PACKAGE_BUGREPORT "oleh_derevenko@users.sourceforge.net"
| #define PACKAGE_URL ""
| #define STDC_HEADERS 1
| #define HAVE_SYS_TYPES_H 1
| #define HAVE_SYS_STAT_H 1
| #define HAVE_STDLIB_H 1
| #define HAVE_STRING_H 1
| #define HAVE_MEMORY_H 1
| #define HAVE_STRINGS_H 1
| #define HAVE_INTTYPES_H 1
| #define HAVE_STDINT_H 1
| #define HAVE_UNISTD_H 1
| #define __EXTENSIONS__ 1
| #define _ALL_SOURCE 1
| #define _GNU_SOURCE 1
| #define _POSIX_PTHREAD_SEMANTICS 1
| #define _TANDEM_SOURCE 1
| #define PACKAGE "ou"
| #define VERSION "0"
| #define HAVE_DLFCN_H 1
| #define LT_OBJDIR ".libs/"
| #define HAVE_LIBC 1
| #define HAVE_LIBPTHREAD 1
| #define _REENTRANT 1
| #define STDC_HEADERS 1
| #define HAVE_INTTYPES_H 1
| #define HAVE_MALLOC_H 1
| #define HAVE_STDDEF_H 1
| #define HAVE_STDLIB_H 1
| #define HAVE_STRING_H 1
| #define HAVE__BOOL 1
| #define HAVE_STDBOOL_H 1
| /* end confdefs.h.  */
| #include <stdio.h>
| #ifdef HAVE_SYS_TYPES_H
| # include <sys/types.h>
| #endif
| #ifdef HAVE_SYS_STAT_H
| # include <sys/stat.h>
| #endif
| #ifdef STDC_HEADERS
| # include <stdlib.h>
| # include <stddef.h>
| #else
| # ifdef HAVE_STDLIB_H
| #  include <stdlib.h>
| # endif
| #endif
| #ifdef HAVE_STRING_H
| # if !defined STDC_HEADERS && defined HAVE_MEMORY_H
| #  include <memory.h>
| # endif
| # include <string.h>
| #endif
| #ifdef HAVE_STRINGS_H
| # include <strings.h>
| #endif
| #ifdef HAVE_INTTYPES_H
| # include <inttypes.h>
| #endif
| #ifdef HAVE_STDINT_H
| # include <stdint.h>
| #endif
| #ifdef HAVE_UNISTD_H
| # include <unistd.h>
| #endif
| 	        enum { N = 32 / 2 - 1 };
| int
| main ()
| {
| static int test_array [1 - 2 * !((int32_t) (((((int32_t) 1 << N) << N) - 1) * 2 + 1)
| 		 < (int32_t) (((((int32_t) 1 << N) << N) - 1) * 2 + 2))];
| test_array [0] = 0;
| return test_array [0];
| 
|   ;
|   return 0;
| }
configure:16905: result: yes
configure:16916: checking for int64_t
configure:16916: gcc -c -g -O2  conftest.c >&5
configure:16916: $? = 0
configure:16916: gcc -c -g -O2  conftest.c >&5
conftest.c: In function 'main':
conftest.c:77:53: warning: integer overflow in expression [-Woverflow]
    < (int64_t) (((((int64_t) 1 << N) << N) - 1) * 2 + 2))];
                                                     ^
conftest.c:76:12: error: storage size of 'test_array' isn't constant
 static int test_array [1 - 2 * !((int64_t) (((((int64_t) 1 << N) << N) - 1) * 2 + 1)
            ^
configure:16916: $? = 1
configure: failed program was:
| /* confdefs.h */
| #define PACKAGE_NAME "ou"
| #define PACKAGE_TARNAME "ou"
| #define PACKAGE_VERSION "0"
| #define PACKAGE_STRING "ou 0"
| #define PACKAGE_BUGREPORT "oleh_derevenko@users.sourceforge.net"
| #define PACKAGE_URL ""
| #define STDC_HEADERS 1
| #define HAVE_SYS_TYPES_H 1
| #define HAVE_SYS_STAT_H 1
| #define HAVE_STDLIB_H 1
| #define HAVE_STRING_H 1
| #define HAVE_MEMORY_H 1
| #define HAVE_STRINGS_H 1
| #define HAVE_INTTYPES_H 1
| #define HAVE_STDINT_H 1
| #define HAVE_UNISTD_H 1
| #define __EXTENSIONS__ 1
| #define _ALL_SOURCE 1
| #define _GNU_SOURCE 1
| #define _POSIX_PTHREAD_SEMANTICS 1
| #define _TANDEM_SOURCE 1
| #define PACKAGE "ou"
| #define VERSION "0"
| #define HAVE_DLFCN_H 1
| #define LT_OBJDIR ".libs/"
| #define HAVE_LIBC 1
| #define HAVE_LIBPTHREAD 1
| #define _REENTRANT 1
| #define STDC_HEADERS 1
| #define HAVE_INTTYPES_H 1
| #define HAVE_MALLOC_H 1
| #define HAVE_STDDEF_H 1
| #define HAVE_STDLIB_H 1
| #define HAVE_STRING_H 1
| #define HAVE__BOOL 1
| #define HAVE_STDBOOL_H 1
| /* end confdefs.h.  */
| #include <stdio.h>
| #ifdef HAVE_SYS_TYPES_H
| # include <sys/types.h>
| #endif
| #ifdef HAVE_SYS_STAT_H
| # include <sys/stat.h>
| #endif
| #ifdef STDC_HEADERS
| # include <stdlib.h>
| # include <stddef.h>
| #else
| # ifdef HAVE_STDLIB_H
| #  include <stdlib.h>
| # endif
| #endif
| #ifdef HAVE_STRING_H
| # if !defined STDC_HEADERS && defined HAVE_MEMORY_H
| #  include <memory.h>
| # endif
| # include <string.h>
| #endif
| #ifdef HAVE_STRINGS_H
| # include <strings.h>
| #endif
| #ifdef HAVE_INTTYPES_H
| # include <inttypes.h>
| #endif
| #ifdef HAVE_STDINT_H
| # include <stdint.h>
| #endif
| #ifdef HAVE_UNISTD_H
| # include <unistd.h>
| #endif
| 	        enum { N = 64 / 2 - 1 };
| int
| main ()
| {
| static int test_array [1 - 2 * !((int64_t) (((((int64_t) 1 << N) << N) - 1) * 2 + 1)
| 		 < (int64_t) (((((int64_t) 1 << N) << N) - 1) * 2 + 2))];
| test_array [0] = 0;
| return test_array [0];
| 
|   ;
|   return 0;
| }
configure:16916: result: yes
configure:16927: checking for int8_t
configure:16927: gcc -c -g -O2  conftest.c >&5
configure:16927: $? = 0
configure:16927: gcc -c -g -O2  conftest.c >&5
conftest.c: In function 'main':
conftest.c:76:12: error: size of array 'test_array' is negative
 static int test_array [1 - 2 * !((int8_t) (((((int8_t) 1 << N) << N) - 1) * 2 + 1)
            ^
configure:16927: $? = 1
configure: failed program was:
| /* confdefs.h */
| #define PACKAGE_NAME "ou"
| #define PACKAGE_TARNAME "ou"
| #define PACKAGE_VERSION "0"
| #define PACKAGE_STRING "ou 0"
| #define PACKAGE_BUGREPORT "oleh_derevenko@users.sourceforge.net"
| #define PACKAGE_URL ""
| #define STDC_HEADERS 1
| #define HAVE_SYS_TYPES_H 1
| #define HAVE_SYS_STAT_H 1
| #define HAVE_STDLIB_H 1
| #define HAVE_STRING_H 1
| #define HAVE_MEMORY_H 1
| #define HAVE_STRINGS_H 1
| #define HAVE_INTTYPES_H 1
| #define HAVE_STDINT_H 1
| #define HAVE_UNISTD_H 1
| #define __EXTENSIONS__ 1
| #define _ALL_SOURCE 1
| #define _GNU_SOURCE 1
| #define _POSIX_PTHREAD_SEMANTICS 1
| #define _TANDEM_SOURCE 1
| #define PACKAGE "ou"
| #define VERSION "0"
| #define HAVE_DLFCN_H 1
| #define LT_OBJDIR ".libs/"
| #define HAVE_LIBC 1
| #define HAVE_LIBPTHREAD 1
| #define _REENTRANT 1
| #define STDC_HEADERS 1
| #define HAVE_INTTYPES_H 1
| #define HAVE_MALLOC_H 1
| #define HAVE_STDDEF_H 1
| #define HAVE_STDLIB_H 1
| #define HAVE_STRING_H 1
| #define HAVE__BOOL 1
| #define HAVE_STDBOOL_H 1
| /* end confdefs.h.  */
| #include <stdio.h>
| #ifdef HAVE_SYS_TYPES_H
| # include <sys/types.h>
| #endif
| #ifdef HAVE_SYS_STAT_H
| # include <sys/stat.h>
| #endif
| #ifdef STDC_HEADERS
| # include <stdlib.h>
| # include <stddef.h>
| #else
| # ifdef HAVE_STDLIB_H
| #  include <stdlib.h>
| # endif
| #endif
| #ifdef HAVE_STRING_H
| # if !defined STDC_HEADERS && defined HAVE_MEMORY_H
| #  include <memory.h>
| # endif
| # include <string.h>
| #endif
| #ifdef HAVE_STRINGS_H
| # include <strings.h>
| #endif
| #ifdef HAVE_INTTYPES_H
| # include <inttypes.h>
| #endif
| #ifdef HAVE_STDINT_H
| # include <stdint.h>
| #endif
| #ifdef HAVE_UNISTD_H
| # include <unistd.h>
| #endif
| 	        enum { N = 8 / 2 - 1 };
| int
| main ()
| {
| static int test_array [1 - 2 * !((int8_t) (((((int8_t) 1 << N) << N) - 1) * 2 + 1)
| 		 < (int8_t) (((((int8_t) 1 << N) << N) - 1) * 2 + 2))];
| test_array [0] = 0;
| return test_array [0];
| 
|   ;
|   return 0;
| }
configure:16927: result: yes
configure:16938: checking for size_t
configure:16938: gcc -c -g -O2  conftest.c >&5
configure:16938: $? = 0
configure:16938: gcc -c -g -O2  conftest.c >&5
conftest.c: In function 'main':
conftest.c:75:21: error: expected expression before ')' token
 if (sizeof ((size_t)))
                     ^
configure:16938: $? = 1
configure: failed program was:
| /* confdefs.h */
| #define PACKAGE_NAME "ou"
| #define PACKAGE_TARNAME "ou"
| #define PACKAGE_VERSION "0"
| #define PACKAGE_STRING "ou 0"
| #define PACKAGE_BUGREPORT "oleh_derevenko@users.sourceforge.net"
| #define PACKAGE_URL ""
| #define STDC_HEADERS 1
| #define HAVE_SYS_TYPES_H 1
| #define HAVE_SYS_STAT_H 1
| #define HAVE_STDLIB_H 1
| #define HAVE_STRING_H 1
| #define HAVE_MEMORY_H 1
| #define HAVE_STRINGS_H 1
| #define HAVE_INTTYPES_H 1
| #define HAVE_STDINT_H 1
| #define HAVE_UNISTD_H 1
| #define __EXTENSIONS__ 1
| #define _ALL_SOURCE 1
| #define _GNU_SOURCE 1
| #define _POSIX_PTHREAD_SEMANTICS 1
| #define _TANDEM_SOURCE 1
| #define PACKAGE "ou"
| #define VERSION "0"
| #define HAVE_DLFCN_H 1
| #define LT_OBJDIR ".libs/"
| #define HAVE_LIBC 1
| #define HAVE_LIBPTHREAD 1
| #define _REENTRANT 1
| #define STDC_HEADERS 1
| #define HAVE_INTTYPES_H 1
| #define HAVE_MALLOC_H 1
| #define HAVE_STDDEF_H 1
| #define HAVE_STDLIB_H 1
| #define HAVE_STRING_H 1
| #define HAVE__BOOL 1
| #define HAVE_STDBOOL_H 1
| /* end confdefs.h.  */
| #include <stdio.h>
| #ifdef HAVE_SYS_TYPES_H
| # include <sys/types.h>
| #endif
| #ifdef HAVE_SYS_STAT_H
| # include <sys/stat.h>
| #endif
| #ifdef STDC_HEADERS
| # include <stdlib.h>
| # include <stddef.h>
| #else
| # ifdef HAVE_STDLIB_H
| #  include <stdlib.h>
| # endif
| #endif
| #ifdef HAVE_STRING_H
| # if !defined STDC_HEADERS && defined HAVE_MEMORY_H
| #  include <memory.h>
| # endif
| # include <string.h>
| #endif
| #ifdef HAVE_STRINGS_H
| # include <strings.h>
| #endif
| #ifdef HAVE_INTTYPES_H
| # include <inttypes.h>
| #endif
| #ifdef HAVE_STDINT_H
| # include <stdint.h>
| #endif
| #ifdef HAVE_UNISTD_H
| # include <unistd.h>
| #endif
| int
| main ()
| {
| if (sizeof ((size_t)))
| 	    return 0;
|   ;
|   return 0;
| }
configure:16938: result: yes
configure:16949: checking for uint16_t
configure:16949: gcc -c -g -O2  conftest.c >&5
configure:16949: $? = 0
configure:16949: result: yes
configure:16961: checking for uint32_t
configure:16961: gcc -c -g -O2  conftest.c >&5
configure:16961: $? = 0
configure:16961: result: yes
configure:16975: checking for uint64_t
configure:16975: gcc -c -g -O2  conftest.c >&5
configure:16975: $? = 0
configure:16975: result: yes
configure:16989: checking for uint8_t
configure:16989: gcc -c -g -O2  conftest.c >&5
configure:16989: $? = 0
configure:16989: result: yes
configure:17003: checking for working volatile
configure:17022: gcc -c -g -O2  conftest.c >&5
configure:17022: $? = 0
configure:17029: result: yes
configure:17037: checking for ptrdiff_t
configure:17037: gcc -c -g -O2  conftest.c >&5
configure:17037: $? = 0
configure:17037: gcc -c -g -O2  conftest.c >&5
conftest.c: In function 'main':
conftest.c:75:24: error: expected expression before ')' token
 if (sizeof ((ptrdiff_t)))
                        ^
configure:17037: $? = 1
configure: failed program was:
| /* confdefs.h */
| #define PACKAGE_NAME "ou"
| #define PACKAGE_TARNAME "ou"
| #define PACKAGE_VERSION "0"
| #define PACKAGE_STRING "ou 0"
| #define PACKAGE_BUGREPORT "oleh_derevenko@users.sourceforge.net"
| #define PACKAGE_URL ""
| #define STDC_HEADERS 1
| #define HAVE_SYS_TYPES_H 1
| #define HAVE_SYS_STAT_H 1
| #define HAVE_STDLIB_H 1
| #define HAVE_STRING_H 1
| #define HAVE_MEMORY_H 1
| #define HAVE_STRINGS_H 1
| #define HAVE_INTTYPES_H 1
| #define HAVE_STDINT_H 1
| #define HAVE_UNISTD_H 1
| #define __EXTENSIONS__ 1
| #define _ALL_SOURCE 1
| #define _GNU_SOURCE 1
| #define _POSIX_PTHREAD_SEMANTICS 1
| #define _TANDEM_SOURCE 1
| #define PACKAGE "ou"
| #define VERSION "0"
| #define HAVE_DLFCN_H 1
| #define LT_OBJDIR ".libs/"
| #define HAVE_LIBC 1
| #define HAVE_LIBPTHREAD 1
| #define _REENTRANT 1
| #define STDC_HEADERS 1
| #define HAVE_INTTYPES_H 1
| #define HAVE_MALLOC_H 1
| #define HAVE_STDDEF_H 1
| #define HAVE_STDLIB_H 1
| #define HAVE_STRING_H 1
| #define HAVE__BOOL 1
| #define HAVE_STDBOOL_H 1
| /* end confdefs.h.  */
| #include <stdio.h>
| #ifdef HAVE_SYS_TYPES_H
| # include <sys/types.h>
| #endif
| #ifdef HAVE_SYS_STAT_H
| # include <sys/stat.h>
| #endif
| #ifdef STDC_HEADERS
| # include <stdlib.h>
| # include <stddef.h>
| #else
| # ifdef HAVE_STDLIB_H
| #  include <stdlib.h>
| # endif
| #endif
| #ifdef HAVE_STRING_H
| # if !defined STDC_HEADERS && defined HAVE_MEMORY_H
| #  include <memory.h>
| # endif
| # include <string.h>
| #endif
| #ifdef HAVE_STRINGS_H
| # include <strings.h>
| #endif
| #ifdef HAVE_INTTYPES_H
| # include <inttypes.h>
| #endif
| #ifdef HAVE_STDINT_H
| # include <stdint.h>
| #endif
| #ifdef HAVE_UNISTD_H
| # include <unistd.h>
| #endif
| int
| main ()
| {
| if (sizeof ((ptrdiff_t)))
| 	    return 0;
|   ;
|   return 0;
| }
configure:17037: result: yes
configure:17051: checking for memset
configure:17051: gcc -o conftest -g -O2   conftest.c -lpthread -lc  >&5
conftest.c:63:6: warning: conflicting types for built-in function 'memset' [enabled by default]
 char memset ();
      ^
configure:17051: $? = 0
configure:17051: result: yes
configure:17270: checking that generated files are newer than configure
configure:17276: result: done
configure:17303: creating ./config.status

## ---------------------- ##
## Running config.status. ##
## ---------------------- ##

This file was extended by ou config.status 0, which was
generated by GNU Autoconf 2.69.  Invocation command line was

  CONFIG_FILES    = 
  CONFIG_HEADERS  = 
  CONFIG_LINKS    = 
  CONFIG_COMMANDS = 
  $ ./config.status 

on sudo

config.status:1074: creating Makefile
config.status:1074: creating include/ou/Makefile
config.status:1074: creating src/ou/Makefile
config.status:1074: creating test/Makefile
config.status:1246: executing depfiles commands
config.status:1246: executing libtool commands

## ---------------- ##
## Cache variables. ##
## ---------------- ##

ac_cv_build=i686-pc-linux-gnu
ac_cv_c_compiler_gnu=yes
ac_cv_c_const=yes
ac_cv_c_inline=inline
ac_cv_c_int16_t=yes
ac_cv_c_int32_t=yes
ac_cv_c_int64_t=yes
ac_cv_c_int8_t=yes
ac_cv_c_uint16_t=yes
ac_cv_c_uint32_t=yes
ac_cv_c_uint64_t=yes
ac_cv_c_uint8_t=yes
ac_cv_c_volatile=yes
ac_cv_cxx_compiler_gnu=yes
ac_cv_env_CCC_set=
ac_cv_env_CCC_value=
ac_cv_env_CC_set=
ac_cv_env_CC_value=
ac_cv_env_CFLAGS_set=
ac_cv_env_CFLAGS_value=
ac_cv_env_CPPFLAGS_set=
ac_cv_env_CPPFLAGS_value=
ac_cv_env_CPP_set=
ac_cv_env_CPP_value=
ac_cv_env_CXXCPP_set=
ac_cv_env_CXXCPP_value=
ac_cv_env_CXXFLAGS_set=
ac_cv_env_CXXFLAGS_value=
ac_cv_env_CXX_set=
ac_cv_env_CXX_value=
ac_cv_env_LDFLAGS_set=
ac_cv_env_LDFLAGS_value=
ac_cv_env_LIBS_set=
ac_cv_env_LIBS_value=
ac_cv_env_OU_NAMESPACE_set=set
ac_cv_env_OU_NAMESPACE_value=odeou
ac_cv_env_build_alias_set=
ac_cv_env_build_alias_value=
ac_cv_env_host_alias_set=
ac_cv_env_host_alias_value=
ac_cv_env_target_alias_set=
ac_cv_env_target_alias_value=
ac_cv_func_memset=yes
ac_cv_header_dlfcn_h=yes
ac_cv_header_inttypes_h=yes
ac_cv_header_malloc_h=yes
ac_cv_header_memory_h=yes
ac_cv_header_minix_config_h=no
ac_cv_header_stdbool_h=yes
ac_cv_header_stdc=yes
ac_cv_header_stddef_h=yes
ac_cv_header_stdint_h=yes
ac_cv_header_stdlib_h=yes
ac_cv_header_string_h=yes
ac_cv_header_strings_h=yes
ac_cv_header_sys_stat_h=yes
ac_cv_header_sys_types_h=yes
ac_cv_header_unistd_h=yes
ac_cv_host=i686-pc-linux-gnu
ac_cv_lib_c_main=yes
ac_cv_lib_pthread_main=yes
ac_cv_objext=o
ac_cv_path_EGREP='/usr/bin/grep -E'
ac_cv_path_FGREP='/usr/bin/grep -F'
ac_cv_path_GREP=/usr/bin/grep
ac_cv_path_SED=/usr/bin/sed
ac_cv_path_install='/usr/bin/install -c'
ac_cv_path_mkdir=/usr/bin/mkdir
ac_cv_prog_AWK=gawk
ac_cv_prog_CPP='gcc -E'
ac_cv_prog_CXXCPP='g++ -E'
ac_cv_prog_ac_ct_AR=ar
ac_cv_prog_ac_ct_CC=gcc
ac_cv_prog_ac_ct_CXX=g++
ac_cv_prog_ac_ct_DLLTOOL=dlltool
ac_cv_prog_ac_ct_OBJDUMP=objdump
ac_cv_prog_ac_ct_RANLIB=ranlib
ac_cv_prog_ac_ct_STRIP=strip
ac_cv_prog_cc_c89=
ac_cv_prog_cc_g=yes
ac_cv_prog_cxx_g=yes
ac_cv_prog_make_make_set=yes
ac_cv_safe_to_define___extensions__=yes
ac_cv_type__Bool=yes
ac_cv_type_ptrdiff_t=yes
ac_cv_type_size_t=yes
am_cv_CC_dependencies_compiler_type=gcc3
am_cv_CXX_dependencies_compiler_type=gcc3
am_cv_make_support_nested_variables=yes
lt_cv_ar_at_file=@
lt_cv_archive_cmds_need_lc=no
lt_cv_deplibs_check_method=pass_all
lt_cv_file_magic_cmd='$MAGIC_CMD'
lt_cv_file_magic_test_file=
lt_cv_ld_reload_flag=-r
lt_cv_nm_interface='BSD nm'
lt_cv_objdir=.libs
lt_cv_path_LD=/usr/bin/ld
lt_cv_path_LDCXX=/usr/bin/ld
lt_cv_path_NM='/usr/bin/nm -B'
lt_cv_path_mainfest_tool=no
lt_cv_prog_compiler_c_o=yes
lt_cv_prog_compiler_c_o_CXX=yes
lt_cv_prog_compiler_pic='-fPIC -DPIC'
lt_cv_prog_compiler_pic_CXX='-fPIC -DPIC'
lt_cv_prog_compiler_pic_works=yes
lt_cv_prog_compiler_pic_works_CXX=yes
lt_cv_prog_compiler_rtti_exceptions=no
lt_cv_prog_compiler_static_works=yes
lt_cv_prog_compiler_static_works_CXX=no
lt_cv_prog_gnu_ld=yes
lt_cv_prog_gnu_ldcxx=yes
lt_cv_sharedlib_from_linklib_cmd='printf %s\n'
lt_cv_shlibpath_overrides_runpath=no
lt_cv_sys_global_symbol_pipe='sed -n -e '\''s/^.*[	 ]\([ABCDGIRSTW][ABCDGIRSTW]*\)[	 ][	 ]*\([_A-Za-z][_A-Za-z0-9]*\)$/\1 \2 \2/p'\'' | sed '\''/ __gnu_lto/d'\'''
lt_cv_sys_global_symbol_to_c_name_address='sed -n -e '\''s/^: \([^ ]*\)[ ]*$/  {\"\1\", (void *) 0},/p'\'' -e '\''s/^[ABCDGIRSTW]* \([^ ]*\) \([^ ]*\)$/  {"\2", (void *) \&\2},/p'\'''
lt_cv_sys_global_symbol_to_c_name_address_lib_prefix='sed -n -e '\''s/^: \([^ ]*\)[ ]*$/  {\"\1\", (void *) 0},/p'\'' -e '\''s/^[ABCDGIRSTW]* \([^ ]*\) \(lib[^ ]*\)$/  {"\2", (void *) \&\2},/p'\'' -e '\''s/^[ABCDGIRSTW]* \([^ ]*\) \([^ ]*\)$/  {"lib\2", (void *) \&\2},/p'\'''
lt_cv_sys_global_symbol_to_cdecl='sed -n -e '\''s/^T .* \(.*\)$/extern int \1();/p'\'' -e '\''s/^[ABCDGIRSTW]* .* \(.*\)$/extern char \1;/p'\'''
lt_cv_sys_max_cmd_len=1572864
lt_cv_to_host_file_cmd=func_convert_file_noop
lt_cv_to_tool_file_cmd=func_convert_file_noop

## ----------------- ##
## Output variables. ##
## ----------------- ##

ACLOCAL='${SHELL} /home/cac/Projects/OMGWTF2A/ode-0.12/missing aclocal-1.13'
AMDEPBACKSLASH='\'
AMDEP_FALSE='#'
AMDEP_TRUE=''
AMTAR='$${TAR-tar}'
AM_BACKSLASH='\'
AM_DEFAULT_V='$(AM_DEFAULT_VERBOSITY)'
AM_DEFAULT_VERBOSITY='1'
AM_V='$(V)'
AR='ar'
AS='as'
AUTOCONF='${SHELL} /home/cac/Projects/OMGWTF2A/ode-0.12/missing autoconf'
AUTOHEADER='${SHELL} /home/cac/Projects/OMGWTF2A/ode-0.12/missing autoheader'
AUTOMAKE='${SHELL} /home/cac/Projects/OMGWTF2A/ode-0.12/missing automake-1.13'
AWK='gawk'
CC='gcc'
CCDEPMODE='depmode=gcc3'
CFLAGS='-g -O2'
CPP='gcc -E'
CPPFLAGS=' -D_OU_NAMESPACE=odeou'
CXX='g++'
CXXCPP='g++ -E'
CXXDEPMODE='depmode=gcc3'
CXXFLAGS='-g -O2'
CYGPATH_W='echo'
DEFS='-DPACKAGE_NAME=\"ou\" -DPACKAGE_TARNAME=\"ou\" -DPACKAGE_VERSION=\"0\" -DPACKAGE_STRING=\"ou\ 0\" -DPACKAGE_BUGREPORT=\"oleh_derevenko@users.sourceforge.net\" -DPACKAGE_URL=\"\" -DSTDC_HEADERS=1 -DHAVE_SYS_TYPES_H=1 -DHAVE_SYS_STAT_H=1 -DHAVE_STDLIB_H=1 -DHAVE_STRING_H=1 -DHAVE_MEMORY_H=1 -DHAVE_STRINGS_H=1 -DHAVE_INTTYPES_H=1 -DHAVE_STDINT_H=1 -DHAVE_UNISTD_H=1 -D__EXTENSIONS__=1 -D_ALL_SOURCE=1 -D_GNU_SOURCE=1 -D_POSIX_PTHREAD_SEMANTICS=1 -D_TANDEM_SOURCE=1 -DPACKAGE=\"ou\" -DVERSION=\"0\" -DHAVE_DLFCN_H=1 -DLT_OBJDIR=\".libs/\" -DHAVE_LIBC=1 -DHAVE_LIBPTHREAD=1 -D_REENTRANT=1 -DSTDC_HEADERS=1 -DHAVE_INTTYPES_H=1 -DHAVE_MALLOC_H=1 -DHAVE_STDDEF_H=1 -DHAVE_STDLIB_H=1 -DHAVE_STRING_H=1 -DHAVE__BOOL=1 -DHAVE_STDBOOL_H=1 -DHAVE_PTRDIFF_T=1 -DHAVE_MEMSET=1 -D_OU_TARGET_OS=_OU_TARGET_OS_GENUNIX'
DEPDIR='.deps'
DLLTOOL='dlltool'
DSYMUTIL=''
DUMPBIN=''
ECHO_C=''
ECHO_N='-n'
ECHO_T=''
EGREP='/usr/bin/grep -E'
EXEEXT=''
FGREP='/usr/bin/grep -F'
GREP='/usr/bin/grep'
INSTALL_DATA='${INSTALL} -m 644'
INSTALL_PROGRAM='${INSTALL}'
INSTALL_SCRIPT='${INSTALL}'
INSTALL_STRIP_PROGRAM='$(install_sh) -c -s'
LD='/usr/bin/ld'
LDFLAGS=''
LIBOBJS=''
LIBS='-lpthread -lc '
LIBTOOL='$(SHELL) $(top_builddir)/libtool'
LIPO=''
LN_S='ln -s'
LTLIBOBJS=''
MAKEINFO='${SHELL} /home/cac/Projects/OMGWTF2A/ode-0.12/missing makeinfo'
MANIFEST_TOOL=':'
MKDIR_P='/usr/bin/mkdir -p'
NM='/usr/bin/nm -B'
NMEDIT=''
OBJDUMP='objdump'
OBJEXT='o'
OTOOL64=''
OTOOL=''
OU_NAMESPACE='odeou'
PACKAGE='ou'
PACKAGE_BUGREPORT='oleh_derevenko@users.sourceforge.net'
PACKAGE_NAME='ou'
PACKAGE_STRING='ou 0'
PACKAGE_TARNAME='ou'
PACKAGE_URL=''
PACKAGE_VERSION='0'
PATH_SEPARATOR=':'
RANLIB='ranlib'
SED='/usr/bin/sed'
SET_MAKE=''
SHELL='/bin/sh'
STRIP='strip'
VERSION='0'
ac_ct_AR='ar'
ac_ct_CC='gcc'
ac_ct_CXX='g++'
ac_ct_DUMPBIN=''
am__EXEEXT_FALSE=''
am__EXEEXT_TRUE='#'
am__fastdepCC_FALSE='#'
am__fastdepCC_TRUE=''
am__fastdepCXX_FALSE='#'
am__fastdepCXX_TRUE=''
am__include='include'
am__isrc=''
am__leading_dot='.'
am__nodep='_no'
am__quote=''
am__tar='$${TAR-tar} chof - "$$tardir"'
am__untar='$${TAR-tar} xf -'
bindir='${exec_prefix}/bin'
build='i686-pc-linux-gnu'
build_alias=''
build_cpu='i686'
build_os='linux-gnu'
build_vendor='pc'
datadir='${datarootdir}'
datarootdir='${prefix}/share'
docdir='${datarootdir}/doc/${PACKAGE_TARNAME}'
dvidir='${docdir}'
exec_prefix='${prefix}'
host='i686-pc-linux-gnu'
host_alias=''
host_cpu='i686'
host_os='linux-gnu'
host_vendor='pc'
htmldir='${docdir}'
includedir='${prefix}/include'
infodir='${datarootdir}/info'
install_sh='${SHELL} /home/cac/Projects/OMGWTF2A/ode-0.12/install-sh'
libdir='${exec_prefix}/lib'
libexecdir='${exec_prefix}/libexec'
localedir='${datarootdir}/locale'
localstatedir='${prefix}/var'
mandir='${datarootdir}/man'
mkdir_p='$(MKDIR_P)'
oldincludedir='/usr/include'
pdfdir='${docdir}'
prefix='/usr/local'
program_transform_name='s,x,x,'
psdir='${docdir}'
sbindir='${exec_prefix}/sbin'
sharedstatedir='${prefix}/com'
sysconfdir='${prefix}/etc'
target_alias=''

## ----------- ##
## confdefs.h. ##
## ----------- ##

/* confdefs.h */
#define PACKAGE_NAME "ou"
#define PACKAGE_TARNAME "ou"
#define PACKAGE_VERSION "0"
#define PACKAGE_STRING "ou 0"
#define PACKAGE_BUGREPORT "oleh_derevenko@users.sourceforge.net"
#define PACKAGE_URL ""
#define STDC_HEADERS 1
#define HAVE_SYS_TYPES_H 1
#define HAVE_SYS_STAT_H 1
#define HAVE_STDLIB_H 1
#define HAVE_STRING_H 1
#define HAVE_MEMORY_H 1
#define HAVE_STRINGS_H 1
#define HAVE_INTTYPES_H 1
#define HAVE_STDINT_H 1
#define HAVE_UNISTD_H 1
#define __EXTENSIONS__ 1
#define _ALL_SOURCE 1
#define _GNU_SOURCE 1
#define _POSIX_PTHREAD_SEMANTICS 1
#define _TANDEM_SOURCE 1
#define PACKAGE "ou"
#define VERSION "0"
#define HAVE_DLFCN_H 1
#define LT_OBJDIR ".libs/"
#define HAVE_LIBC 1
#define HAVE_LIBPTHREAD 1
#define _REENTRANT 1
#define STDC_HEADERS 1
#define HAVE_INTTYPES_H 1
#define HAVE_MALLOC_H 1
#define HAVE_STDDEF_H 1
#define HAVE_STDLIB_H 1
#define HAVE_STRING_H 1
#define HAVE__BOOL 1
#define HAVE_STDBOOL_H 1
#define HAVE_PTRDIFF_T 1
#define HAVE_MEMSET 1
#define _OU_TARGET_OS _OU_TARGET_OS_GENUNIX

configure: exit 0
