This file contains any messages produced by compilers while
running configure, to aid debugging if configure makes a mistake.

It was created by ODE configure 0.12, which was
generated by GNU Autoconf 2.69.  Invocation command line was

  $ ./configure 

## --------- ##
## Platform. ##
## --------- ##

hostname = sudo
uname -m = i686
uname -r = 3.9.6-301.fc19.x86_64
uname -s = Linux
uname -v = #1 SMP Mon Jun 17 14:26:26 UTC 2013

/usr/bin/uname -p = i686
/bin/uname -X     = unknown

/bin/arch              = i686
/usr/bin/arch -k       = unknown
/usr/convex/getsysinfo = unknown
/usr/bin/hostinfo      = unknown
/bin/machine           = unknown
/usr/bin/oslevel       = unknown
/bin/universe          = unknown

PATH: /usr/lib64/qt-3.3/bin
PATH: /usr/libexec/lightdm
PATH: /usr/local/bin
PATH: /usr/bin
PATH: /bin
PATH: /usr/local/sbin
PATH: /usr/sbin
PATH: /home/cac/algs4/bin
PATH: /usr/class/cs143/cool/bin
PATH: /usr/local/sbin
PATH: /usr/sbin
PATH: /sbin
PATH: /home/cac/bin


## ----------- ##
## Core tests. ##
## ----------- ##

configure:2721: checking build system type
configure:2735: result: i686-pc-linux-gnu
configure:2755: checking host system type
configure:2768: result: i686-pc-linux-gnu
configure:2805: checking for a BSD-compatible install
configure:2873: result: /usr/bin/install -c
configure:2884: checking whether build environment is sane
configure:2939: result: yes
configure:3090: checking for a thread-safe mkdir -p
configure:3129: result: /usr/bin/mkdir -p
configure:3136: checking for gawk
configure:3152: found /usr/bin/gawk
configure:3163: result: gawk
configure:3174: checking whether make sets $(MAKE)
configure:3196: result: yes
configure:3225: checking whether make supports nested variables
configure:3242: result: yes
configure:3329: checking whether make sets $(MAKE)
configure:3351: result: yes
configure:3418: checking for g++
configure:3434: found /usr/bin/g++
configure:3445: result: g++
configure:3472: checking for C++ compiler version
configure:3481: g++ --version >&5
g++ (GCC) 4.8.1 20130603 (Red Hat 4.8.1-1)
Copyright (C) 2013 Free Software Foundation, Inc.
This is free software; see the source for copying conditions.  There is NO
warranty; not even for MERCHANTABILITY or FITNESS FOR A PARTICULAR PURPOSE.

configure:3492: $? = 0
configure:3481: g++ -v >&5
Using built-in specs.
COLLECT_GCC=g++
COLLECT_LTO_WRAPPER=/usr/libexec/gcc/x86_64-redhat-linux/4.8.1/lto-wrapper
Target: x86_64-redhat-linux
Configured with: ../configure --prefix=/usr --mandir=/usr/share/man --infodir=/usr/share/info --with-bugurl=http://bugzilla.redhat.com/bugzilla --enable-bootstrap --enable-shared --enable-threads=posix --enable-checking=release --with-system-zlib --enable-__cxa_atexit --disable-libunwind-exceptions --enable-gnu-unique-object --enable-linker-build-id --with-linker-hash-style=gnu --enable-languages=c,c++,objc,obj-c++,java,fortran,ada,go,lto --enable-plugin --enable-initfini-array --enable-java-awt=gtk --disable-dssi --with-java-home=/usr/lib/jvm/java-1.5.0-gcj-1.5.0.0/jre --enable-libgcj-multifile --enable-java-maintainer-mode --with-ecj-jar=/usr/share/java/eclipse-ecj.jar --disable-libjava-multilib --with-isl=/builddir/build/BUILD/gcc-4.8.1-20130603/obj-x86_64-redhat-linux/isl-install --with-cloog=/builddir/build/BUILD/gcc-4.8.1-20130603/obj-x86_64-redhat-linux/cloog-install --with-tune=generic --with-arch_32=i686 --build=x86_64-redhat-linux
Thread model: posix
gcc version 4.8.1 20130603 (Red Hat 4.8.1-1) (GCC) 
configure:3492: $? = 0
configure:3481: g++ -V >&5
g++: error: unrecognized command line option '-V'
g++: fatal error: no input files
compilation terminated.
configure:3492: $? = 4
configure:3481: g++ -qversion >&5
g++: error: unrecognized command line option '-qversion'
g++: fatal error: no input files
compilation terminated.
configure:3492: $? = 4
configure:3512: checking whether the C++ compiler works
configure:3534: g++    conftest.cpp  >&5
configure:3538: $? = 0
configure:3586: result: yes
configure:3589: checking for C++ compiler default output file name
configure:3591: result: a.out
configure:3597: checking for suffix of executables
configure:3604: g++ -o conftest    conftest.cpp  >&5
configure:3608: $? = 0
configure:3630: result: 
configure:3652: checking whether we are cross compiling
configure:3660: g++ -o conftest    conftest.cpp  >&5
configure:3664: $? = 0
configure:3671: ./conftest
configure:3675: $? = 0
configure:3690: result: no
configure:3695: checking for suffix of object files
configure:3717: g++ -c   conftest.cpp >&5
configure:3721: $? = 0
configure:3742: result: o
configure:3746: checking whether we are using the GNU C++ compiler
configure:3765: g++ -c   conftest.cpp >&5
configure:3765: $? = 0
configure:3774: result: yes
configure:3783: checking whether g++ accepts -g
configure:3803: g++ -c -g  conftest.cpp >&5
configure:3803: $? = 0
configure:3844: result: yes
configure:3878: checking for style of include used by make
configure:3906: result: GNU
configure:3932: checking dependency style of g++
configure:4043: result: gcc3
configure:4106: checking for gcc
configure:4122: found /usr/bin/gcc
configure:4133: result: gcc
configure:4362: checking for C compiler version
configure:4371: gcc --version >&5
gcc (GCC) 4.8.1 20130603 (Red Hat 4.8.1-1)
Copyright (C) 2013 Free Software Foundation, Inc.
This is free software; see the source for copying conditions.  There is NO
warranty; not even for MERCHANTABILITY or FITNESS FOR A PARTICULAR PURPOSE.

configure:4382: $? = 0
configure:4371: gcc -v >&5
Using built-in specs.
COLLECT_GCC=gcc
COLLECT_LTO_WRAPPER=/usr/libexec/gcc/x86_64-redhat-linux/4.8.1/lto-wrapper
Target: x86_64-redhat-linux
Configured with: ../configure --prefix=/usr --mandir=/usr/share/man --infodir=/usr/share/info --with-bugurl=http://bugzilla.redhat.com/bugzilla --enable-bootstrap --enable-shared --enable-threads=posix --enable-checking=release --with-system-zlib --enable-__cxa_atexit --disable-libunwind-exceptions --enable-gnu-unique-object --enable-linker-build-id --with-linker-hash-style=gnu --enable-languages=c,c++,objc,obj-c++,java,fortran,ada,go,lto --enable-plugin --enable-initfini-array --enable-java-awt=gtk --disable-dssi --with-java-home=/usr/lib/jvm/java-1.5.0-gcj-1.5.0.0/jre --enable-libgcj-multifile --enable-java-maintainer-mode --with-ecj-jar=/usr/share/java/eclipse-ecj.jar --disable-libjava-multilib --with-isl=/builddir/build/BUILD/gcc-4.8.1-20130603/obj-x86_64-redhat-linux/isl-install --with-cloog=/builddir/build/BUILD/gcc-4.8.1-20130603/obj-x86_64-redhat-linux/cloog-install --with-tune=generic --with-arch_32=i686 --build=x86_64-redhat-linux
Thread model: posix
gcc version 4.8.1 20130603 (Red Hat 4.8.1-1) (GCC) 
configure:4382: $? = 0
configure:4371: gcc -V >&5
gcc: error: unrecognized command line option '-V'
gcc: fatal error: no input files
compilation terminated.
configure:4382: $? = 4
configure:4371: gcc -qversion >&5
gcc: error: unrecognized command line option '-qversion'
gcc: fatal error: no input files
compilation terminated.
configure:4382: $? = 4
configure:4386: checking whether we are using the GNU C compiler
configure:4405: gcc -c   conftest.c >&5
configure:4405: $? = 0
configure:4414: result: yes
configure:4423: checking whether gcc accepts -g
configure:4443: gcc -c -g  conftest.c >&5
configure:4443: $? = 0
configure:4484: result: yes
configure:4501: checking for gcc option to accept ISO C89
configure:4564: gcc  -c -g -O2  conftest.c >&5
configure:4564: $? = 0
configure:4577: result: none needed
configure:4599: checking dependency style of gcc
configure:4710: result: gcc3
configure:4726: checking whether gcc and cc understand -c and -o together
configure:4757: gcc -c conftest.c -o conftest2.o >&5
configure:4761: $? = 0
configure:4767: gcc -c conftest.c -o conftest2.o >&5
configure:4771: $? = 0
configure:4782: cc -c conftest.c >&5
configure:4786: $? = 0
configure:4794: cc -c conftest.c -o conftest2.o >&5
configure:4798: $? = 0
configure:4804: cc -c conftest.c -o conftest2.o >&5
configure:4808: $? = 0
configure:4826: result: yes
configure:4856: checking how to run the C preprocessor
configure:4887: gcc -E  conftest.c
configure:4887: $? = 0
configure:4901: gcc -E  conftest.c
conftest.c:11:28: fatal error: ac_nonexistent.h: No such file or directory
 #include <ac_nonexistent.h>
                            ^
compilation terminated.
configure:4901: $? = 1
configure: failed program was:
| /* confdefs.h */
| #define PACKAGE_NAME "ODE"
| #define PACKAGE_TARNAME "ode"
| #define PACKAGE_VERSION "0.12"
| #define PACKAGE_STRING "ODE 0.12"
| #define PACKAGE_BUGREPORT "ode@ode.org"
| #define PACKAGE_URL ""
| #define PACKAGE "ode"
| #define VERSION "0.12"
| /* end confdefs.h.  */
| #include <ac_nonexistent.h>
configure:4926: result: gcc -E
configure:4946: gcc -E  conftest.c
configure:4946: $? = 0
configure:4960: gcc -E  conftest.c
conftest.c:11:28: fatal error: ac_nonexistent.h: No such file or directory
 #include <ac_nonexistent.h>
                            ^
compilation terminated.
configure:4960: $? = 1
configure: failed program was:
| /* confdefs.h */
| #define PACKAGE_NAME "ODE"
| #define PACKAGE_TARNAME "ode"
| #define PACKAGE_VERSION "0.12"
| #define PACKAGE_STRING "ODE 0.12"
| #define PACKAGE_BUGREPORT "ode@ode.org"
| #define PACKAGE_URL ""
| #define PACKAGE "ode"
| #define VERSION "0.12"
| /* end confdefs.h.  */
| #include <ac_nonexistent.h>
configure:4992: checking for gawk
configure:5019: result: gawk
configure:5031: checking whether ln -s works
configure:5035: result: yes
configure:5120: checking how to print strings
configure:5147: result: printf
configure:5168: checking for a sed that does not truncate output
configure:5232: result: /usr/bin/sed
configure:5250: checking for grep that handles long lines and -e
configure:5308: result: /usr/bin/grep
configure:5313: checking for egrep
configure:5375: result: /usr/bin/grep -E
configure:5380: checking for fgrep
configure:5442: result: /usr/bin/grep -F
configure:5477: checking for ld used by gcc
configure:5544: result: /usr/bin/ld
configure:5551: checking if the linker (/usr/bin/ld) is GNU ld
configure:5566: result: yes
configure:5578: checking for BSD- or MS-compatible name lister (nm)
configure:5627: result: /usr/bin/nm -B
configure:5757: checking the name lister (/usr/bin/nm -B) interface
configure:5764: gcc -c -g -O2  conftest.c >&5
configure:5767: /usr/bin/nm -B "conftest.o"
configure:5770: output
0000000000000000 B some_variable
configure:5777: result: BSD nm
configure:5781: checking the maximum length of command line arguments
configure:5911: result: 1572864
configure:5928: checking whether the shell understands some XSI constructs
configure:5938: result: yes
configure:5942: checking whether the shell understands "+="
configure:5948: result: yes
configure:5983: checking how to convert i686-pc-linux-gnu file names to i686-pc-linux-gnu format
configure:6023: result: func_convert_file_noop
configure:6030: checking how to convert i686-pc-linux-gnu file names to toolchain format
configure:6050: result: func_convert_file_noop
configure:6057: checking for /usr/bin/ld option to reload object files
configure:6064: result: -r
configure:6138: checking for objdump
configure:6154: found /usr/bin/objdump
configure:6165: result: objdump
configure:6194: checking how to recognize dependent libraries
configure:6396: result: pass_all
configure:6481: checking for dlltool
configure:6511: result: no
configure:6538: checking how to associate runtime and link libraries
configure:6565: result: printf %s\n
configure:6626: checking for ar
configure:6642: found /usr/bin/ar
configure:6653: result: ar
configure:6690: checking for archiver @FILE support
configure:6707: gcc -c -g -O2  conftest.c >&5
configure:6707: $? = 0
configure:6710: ar cru libconftest.a @conftest.lst >&5
configure:6713: $? = 0
configure:6718: ar cru libconftest.a @conftest.lst >&5
ar: conftest.o: No such file or directory
configure:6721: $? = 1
configure:6733: result: @
configure:6791: checking for strip
configure:6807: found /usr/bin/strip
configure:6818: result: strip
configure:6890: checking for ranlib
configure:6906: found /usr/bin/ranlib
configure:6917: result: ranlib
configure:7019: checking command to parse /usr/bin/nm -B output from gcc object
configure:7139: gcc -c -g -O2  conftest.c >&5
configure:7142: $? = 0
configure:7146: /usr/bin/nm -B conftest.o \| sed -n -e 's/^.*[ ]\([ABCDGIRSTW][ABCDGIRSTW]*\)[ ][ ]*\([_A-Za-z][_A-Za-z0-9]*\)$/\1 \2 \2/p' | sed '/ __gnu_lto/d' \> conftest.nm
configure:7149: $? = 0
configure:7215: gcc -o conftest -g -O2   conftest.c conftstm.o >&5
configure:7218: $? = 0
configure:7256: result: ok
configure:7293: checking for sysroot
configure:7323: result: no
configure:7579: checking for mt
configure:7609: result: no
configure:7629: checking if : is a manifest tool
configure:7635: : '-?'
configure:7643: result: no
configure:8281: checking for ANSI C header files
configure:8301: gcc -c -g -O2  conftest.c >&5
configure:8301: $? = 0
configure:8374: gcc -o conftest -g -O2   conftest.c  >&5
configure:8374: $? = 0
configure:8374: ./conftest
configure:8374: $? = 0
configure:8385: result: yes
configure:8398: checking for sys/types.h
configure:8398: gcc -c -g -O2  conftest.c >&5
configure:8398: $? = 0
configure:8398: result: yes
configure:8398: checking for sys/stat.h
configure:8398: gcc -c -g -O2  conftest.c >&5
configure:8398: $? = 0
configure:8398: result: yes
configure:8398: checking for stdlib.h
configure:8398: gcc -c -g -O2  conftest.c >&5
configure:8398: $? = 0
configure:8398: result: yes
configure:8398: checking for string.h
configure:8398: gcc -c -g -O2  conftest.c >&5
configure:8398: $? = 0
configure:8398: result: yes
configure:8398: checking for memory.h
configure:8398: gcc -c -g -O2  conftest.c >&5
configure:8398: $? = 0
configure:8398: result: yes
configure:8398: checking for strings.h
configure:8398: gcc -c -g -O2  conftest.c >&5
configure:8398: $? = 0
configure:8398: result: yes
configure:8398: checking for inttypes.h
configure:8398: gcc -c -g -O2  conftest.c >&5
configure:8398: $? = 0
configure:8398: result: yes
configure:8398: checking for stdint.h
configure:8398: gcc -c -g -O2  conftest.c >&5
configure:8398: $? = 0
configure:8398: result: yes
configure:8398: checking for unistd.h
configure:8398: gcc -c -g -O2  conftest.c >&5
configure:8398: $? = 0
configure:8398: result: yes
configure:8412: checking for dlfcn.h
configure:8412: gcc -c -g -O2  conftest.c >&5
configure:8412: $? = 0
configure:8412: result: yes
configure:8923: checking for objdir
configure:8938: result: .libs
configure:9209: checking if gcc supports -fno-rtti -fno-exceptions
configure:9227: gcc -c -g -O2  -fno-rtti -fno-exceptions conftest.c >&5
cc1: warning: command line option '-fno-rtti' is valid for C++/ObjC++ but not for C [enabled by default]
configure:9231: $? = 0
configure:9244: result: no
configure:9571: checking for gcc option to produce PIC
configure:9578: result: -fPIC -DPIC
configure:9586: checking if gcc PIC flag -fPIC -DPIC works
configure:9604: gcc -c -g -O2  -fPIC -DPIC -DPIC conftest.c >&5
configure:9608: $? = 0
configure:9621: result: yes
configure:9650: checking if gcc static flag -static works
configure:9678: result: yes
configure:9693: checking if gcc supports -c -o file.o
configure:9714: gcc -c -g -O2  -o out/conftest2.o conftest.c >&5
configure:9718: $? = 0
configure:9740: result: yes
configure:9748: checking if gcc supports -c -o file.o
configure:9795: result: yes
configure:9828: checking whether the gcc linker (/usr/bin/ld) supports shared libraries
configure:10981: result: yes
configure:11221: checking dynamic linker characteristics
configure:11732: gcc -o conftest -g -O2   -Wl,-rpath -Wl,/foo conftest.c  >&5
configure:11732: $? = 0
configure:11958: result: GNU/Linux ld.so
configure:12065: checking how to hardcode library paths into programs
configure:12090: result: immediate
configure:12630: checking whether stripping libraries is possible
configure:12635: result: yes
configure:12670: checking if libtool supports shared libraries
configure:12672: result: yes
configure:12675: checking whether to build shared libraries
configure:12696: result: no
configure:12699: checking whether to build static libraries
configure:12703: result: yes
configure:12726: checking how to run the C++ preprocessor
configure:12753: g++ -E  conftest.cpp
configure:12753: $? = 0
configure:12767: g++ -E  conftest.cpp
conftest.cpp:23:28: fatal error: ac_nonexistent.h: No such file or directory
 #include <ac_nonexistent.h>
                            ^
compilation terminated.
configure:12767: $? = 1
configure: failed program was:
| /* confdefs.h */
| #define PACKAGE_NAME "ODE"
| #define PACKAGE_TARNAME "ode"
| #define PACKAGE_VERSION "0.12"
| #define PACKAGE_STRING "ODE 0.12"
| #define PACKAGE_BUGREPORT "ode@ode.org"
| #define PACKAGE_URL ""
| #define PACKAGE "ode"
| #define VERSION "0.12"
| #define STDC_HEADERS 1
| #define HAVE_SYS_TYPES_H 1
| #define HAVE_SYS_STAT_H 1
| #define HAVE_STDLIB_H 1
| #define HAVE_STRING_H 1
| #define HAVE_MEMORY_H 1
| #define HAVE_STRINGS_H 1
| #define HAVE_INTTYPES_H 1
| #define HAVE_STDINT_H 1
| #define HAVE_UNISTD_H 1
| #define HAVE_DLFCN_H 1
| #define LT_OBJDIR ".libs/"
| /* end confdefs.h.  */
| #include <ac_nonexistent.h>
configure:12792: result: g++ -E
configure:12812: g++ -E  conftest.cpp
configure:12812: $? = 0
configure:12826: g++ -E  conftest.cpp
conftest.cpp:23:28: fatal error: ac_nonexistent.h: No such file or directory
 #include <ac_nonexistent.h>
                            ^
compilation terminated.
configure:12826: $? = 1
configure: failed program was:
| /* confdefs.h */
| #define PACKAGE_NAME "ODE"
| #define PACKAGE_TARNAME "ode"
| #define PACKAGE_VERSION "0.12"
| #define PACKAGE_STRING "ODE 0.12"
| #define PACKAGE_BUGREPORT "ode@ode.org"
| #define PACKAGE_URL ""
| #define PACKAGE "ode"
| #define VERSION "0.12"
| #define STDC_HEADERS 1
| #define HAVE_SYS_TYPES_H 1
| #define HAVE_SYS_STAT_H 1
| #define HAVE_STDLIB_H 1
| #define HAVE_STRING_H 1
| #define HAVE_MEMORY_H 1
| #define HAVE_STRINGS_H 1
| #define HAVE_INTTYPES_H 1
| #define HAVE_STDINT_H 1
| #define HAVE_UNISTD_H 1
| #define HAVE_DLFCN_H 1
| #define LT_OBJDIR ".libs/"
| /* end confdefs.h.  */
| #include <ac_nonexistent.h>
configure:12995: checking for ld used by g++
configure:13062: result: /usr/bin/ld
configure:13069: checking if the linker (/usr/bin/ld) is GNU ld
configure:13084: result: yes
configure:13139: checking whether the g++ linker (/usr/bin/ld) supports shared libraries
configure:14144: result: yes
configure:14180: g++ -c -g -O2  conftest.cpp >&5
configure:14183: $? = 0
configure:14703: checking for g++ option to produce PIC
configure:14710: result: -fPIC -DPIC
configure:14718: checking if g++ PIC flag -fPIC -DPIC works
configure:14736: g++ -c -g -O2  -fPIC -DPIC -DPIC conftest.cpp >&5
configure:14740: $? = 0
configure:14753: result: yes
configure:14776: checking if g++ static flag -static works
configure:14804: result: no
configure:14816: checking if g++ supports -c -o file.o
configure:14837: g++ -c -g -O2  -o out/conftest2.o conftest.cpp >&5
configure:14841: $? = 0
configure:14863: result: yes
configure:14868: checking if g++ supports -c -o file.o
configure:14915: result: yes
configure:14945: checking whether the g++ linker (/usr/bin/ld) supports shared libraries
configure:14981: result: yes
configure:15122: checking dynamic linker characteristics
configure:15793: result: GNU/Linux ld.so
configure:15846: checking how to hardcode library paths into programs
configure:15871: result: immediate
configure:15981: checking for windres
configure:16011: result: no
configure:16033: checking whether byte ordering is bigendian
configure:16048: gcc -c -g -O2  conftest.c >&5
conftest.c:24:9: error: unknown type name 'not'
         not a universal capable compiler
         ^
conftest.c:24:15: error: expected '=', ',', ';', 'asm' or '__attribute__' before 'universal'
         not a universal capable compiler
               ^
conftest.c:24:15: error: unknown type name 'universal'
configure:16048: $? = 1
configure: failed program was:
| /* confdefs.h */
| #define PACKAGE_NAME "ODE"
| #define PACKAGE_TARNAME "ode"
| #define PACKAGE_VERSION "0.12"
| #define PACKAGE_STRING "ODE 0.12"
| #define PACKAGE_BUGREPORT "ode@ode.org"
| #define PACKAGE_URL ""
| #define PACKAGE "ode"
| #define VERSION "0.12"
| #define STDC_HEADERS 1
| #define HAVE_SYS_TYPES_H 1
| #define HAVE_SYS_STAT_H 1
| #define HAVE_STDLIB_H 1
| #define HAVE_STRING_H 1
| #define HAVE_MEMORY_H 1
| #define HAVE_STRINGS_H 1
| #define HAVE_INTTYPES_H 1
| #define HAVE_STDINT_H 1
| #define HAVE_UNISTD_H 1
| #define HAVE_DLFCN_H 1
| #define LT_OBJDIR ".libs/"
| /* end confdefs.h.  */
| #ifndef __APPLE_CC__
| 	       not a universal capable compiler
| 	     #endif
| 	     typedef int dummy;
| 
configure:16093: gcc -c -g -O2  conftest.c >&5
configure:16093: $? = 0
configure:16111: gcc -c -g -O2  conftest.c >&5
conftest.c: In function 'main':
conftest.c:30:4: error: unknown type name 'not'
    not big endian
    ^
conftest.c:30:12: error: expected '=', ',', ';', 'asm' or '__attribute__' before 'endian'
    not big endian
            ^
configure:16111: $? = 1
configure: failed program was:
| /* confdefs.h */
| #define PACKAGE_NAME "ODE"
| #define PACKAGE_TARNAME "ode"
| #define PACKAGE_VERSION "0.12"
| #define PACKAGE_STRING "ODE 0.12"
| #define PACKAGE_BUGREPORT "ode@ode.org"
| #define PACKAGE_URL ""
| #define PACKAGE "ode"
| #define VERSION "0.12"
| #define STDC_HEADERS 1
| #define HAVE_SYS_TYPES_H 1
| #define HAVE_SYS_STAT_H 1
| #define HAVE_STDLIB_H 1
| #define HAVE_STRING_H 1
| #define HAVE_MEMORY_H 1
| #define HAVE_STRINGS_H 1
| #define HAVE_INTTYPES_H 1
| #define HAVE_STDINT_H 1
| #define HAVE_UNISTD_H 1
| #define HAVE_DLFCN_H 1
| #define LT_OBJDIR ".libs/"
| /* end confdefs.h.  */
| #include <sys/types.h>
| 		#include <sys/param.h>
| 
| int
| main ()
| {
| #if BYTE_ORDER != BIG_ENDIAN
| 		 not big endian
| 		#endif
| 
|   ;
|   return 0;
| }
configure:16239: result: no
configure:16257: checking for inline
configure:16273: gcc -c -g -O2  conftest.c >&5
configure:16273: $? = 0
configure:16281: result: inline
configure:16299: checking for working volatile
configure:16318: gcc -c -g -O2  conftest.c >&5
configure:16318: $? = 0
configure:16325: result: yes
configure:16386: checking for pkg-config
configure:16404: found /usr/bin/pkg-config
configure:16416: result: /usr/bin/pkg-config
configure:16441: checking pkg-config is at least version 0.9.0
configure:16444: result: yes
configure:16491: checking alloca.h usability
configure:16491: gcc -c -g -O2  conftest.c >&5
configure:16491: $? = 0
configure:16491: result: yes
configure:16491: checking alloca.h presence
configure:16491: gcc -E  conftest.c
configure:16491: $? = 0
configure:16491: result: yes
configure:16491: checking for alloca.h
configure:16491: result: yes
configure:16491: checking stdio.h usability
configure:16491: gcc -c -g -O2  conftest.c >&5
configure:16491: $? = 0
configure:16491: result: yes
configure:16491: checking stdio.h presence
configure:16491: gcc -E  conftest.c
configure:16491: $? = 0
configure:16491: result: yes
configure:16491: checking for stdio.h
configure:16491: result: yes
configure:16491: checking for inttypes.h
configure:16491: result: yes
configure:16491: checking for stdint.h
configure:16491: result: yes
configure:16491: checking for stdlib.h
configure:16491: result: yes
configure:16491: checking math.h usability
configure:16491: gcc -c -g -O2  conftest.c >&5
configure:16491: $? = 0
configure:16491: result: yes
configure:16491: checking math.h presence
configure:16491: gcc -E  conftest.c
configure:16491: $? = 0
configure:16491: result: yes
configure:16491: checking for math.h
configure:16491: result: yes
configure:16491: checking for string.h
configure:16491: result: yes
configure:16491: checking stdarg.h usability
configure:16491: gcc -c -g -O2  conftest.c >&5
configure:16491: $? = 0
configure:16491: result: yes
configure:16491: checking stdarg.h presence
configure:16491: gcc -E  conftest.c
configure:16491: $? = 0
configure:16491: result: yes
configure:16491: checking for stdarg.h
configure:16491: result: yes
configure:16491: checking malloc.h usability
configure:16491: gcc -c -g -O2  conftest.c >&5
configure:16491: $? = 0
configure:16491: result: yes
configure:16491: checking malloc.h presence
configure:16491: gcc -E  conftest.c
configure:16491: $? = 0
configure:16491: result: yes
configure:16491: checking for malloc.h
configure:16491: result: yes
configure:16491: checking float.h usability
configure:16491: gcc -c -g -O2  conftest.c >&5
configure:16491: $? = 0
configure:16491: result: yes
configure:16491: checking float.h presence
configure:16491: gcc -E  conftest.c
configure:16491: $? = 0
configure:16491: result: yes
configure:16491: checking for float.h
configure:16491: result: yes
configure:16491: checking time.h usability
configure:16491: gcc -c -g -O2  conftest.c >&5
configure:16491: $? = 0
configure:16491: result: yes
configure:16491: checking time.h presence
configure:16491: gcc -E  conftest.c
configure:16491: $? = 0
configure:16491: result: yes
configure:16491: checking for time.h
configure:16491: result: yes
configure:16491: checking sys/time.h usability
configure:16491: gcc -c -g -O2  conftest.c >&5
configure:16491: $? = 0
configure:16491: result: yes
configure:16491: checking sys/time.h presence
configure:16491: gcc -E  conftest.c
configure:16491: $? = 0
configure:16491: result: yes
configure:16491: checking for sys/time.h
configure:16491: result: yes
configure:16491: checking limits.h usability
configure:16491: gcc -c -g -O2  conftest.c >&5
configure:16491: $? = 0
configure:16491: result: yes
configure:16491: checking limits.h presence
configure:16491: gcc -E  conftest.c
configure:16491: $? = 0
configure:16491: result: yes
configure:16491: checking for limits.h
configure:16491: result: yes
configure:16491: checking stddef.h usability
configure:16491: gcc -c -g -O2  conftest.c >&5
configure:16491: $? = 0
configure:16491: result: yes
configure:16491: checking stddef.h presence
configure:16491: gcc -E  conftest.c
configure:16491: $? = 0
configure:16491: result: yes
configure:16491: checking for stddef.h
configure:16491: result: yes
configure:16549: checking if double precision is requested
configure:16558: result: no
configure:16607: checking which drawstuff lib to build
configure:16609: result: X11
configure:16618: checking for X11
configure:16625: $PKG_CONFIG --exists --print-errors "x11"
configure:16628: $? = 0
configure:16641: $PKG_CONFIG --exists --print-errors "x11"
configure:16644: $? = 0
configure:16681: result: yes
configure:16697: checking for GL/gl.h
configure:16697: gcc -c -g -O2  -DdSINGLE conftest.c >&5
configure:16697: $? = 0
configure:16697: result: yes
configure:16697: checking for GL/glu.h
configure:16697: gcc -c -g -O2  -DdSINGLE conftest.c >&5
configure:16697: $? = 0
configure:16697: result: yes
configure:16697: checking for GL/glext.h
configure:16697: gcc -c -g -O2  -DdSINGLE conftest.c >&5
configure:16697: $? = 0
configure:16697: result: yes
configure:16722: checking for main in -lGL
configure:16741: gcc -o conftest -g -O2  -DdSINGLE  conftest.c -lGL   >&5
configure:16741: $? = 0
configure:16750: result: yes
configure:16756: checking for main in -lGLU
configure:16775: gcc -o conftest -g -O2  -DdSINGLE  conftest.c -lGLU -lGL  >&5
configure:16775: $? = 0
configure:16784: result: yes
configure:16790: checking for main in -lopengl32
configure:16809: gcc -o conftest -g -O2  -DdSINGLE  conftest.c -lopengl32   >&5
/usr/bin/ld: cannot find -lopengl32
collect2: error: ld returned 1 exit status
configure:16809: $? = 1
configure: failed program was:
| /* confdefs.h */
| #define PACKAGE_NAME "ODE"
| #define PACKAGE_TARNAME "ode"
| #define PACKAGE_VERSION "0.12"
| #define PACKAGE_STRING "ODE 0.12"
| #define PACKAGE_BUGREPORT "ode@ode.org"
| #define PACKAGE_URL ""
| #define PACKAGE "ode"
| #define VERSION "0.12"
| #define STDC_HEADERS 1
| #define HAVE_SYS_TYPES_H 1
| #define HAVE_SYS_STAT_H 1
| #define HAVE_STDLIB_H 1
| #define HAVE_STRING_H 1
| #define HAVE_MEMORY_H 1
| #define HAVE_STRINGS_H 1
| #define HAVE_INTTYPES_H 1
| #define HAVE_STDINT_H 1
| #define HAVE_UNISTD_H 1
| #define HAVE_DLFCN_H 1
| #define LT_OBJDIR ".libs/"
| #define PENTIUM 1
| #define HAVE_ALLOCA_H 1
| #define HAVE_STDIO_H 1
| #define HAVE_INTTYPES_H 1
| #define HAVE_STDINT_H 1
| #define HAVE_STDLIB_H 1
| #define HAVE_MATH_H 1
| #define HAVE_STRING_H 1
| #define HAVE_STDARG_H 1
| #define HAVE_MALLOC_H 1
| #define HAVE_FLOAT_H 1
| #define HAVE_TIME_H 1
| #define HAVE_SYS_TIME_H 1
| #define HAVE_LIMITS_H 1
| #define HAVE_STDDEF_H 1
| #define HAVE_GL_GL_H 1
| #define HAVE_GL_GLU_H 1
| #define HAVE_GL_GLEXT_H 1
| /* end confdefs.h.  */
| 
| 
| int
| main ()
| {
| return main ();
|   ;
|   return 0;
| }
configure:16818: result: no
configure:16824: checking for main in -lglu32
configure:16843: gcc -o conftest -g -O2  -DdSINGLE  conftest.c -lglu32 -lopengl32  >&5
/usr/bin/ld: cannot find -lglu32
/usr/bin/ld: cannot find -lopengl32
collect2: error: ld returned 1 exit status
configure:16843: $? = 1
configure: failed program was:
| /* confdefs.h */
| #define PACKAGE_NAME "ODE"
| #define PACKAGE_TARNAME "ode"
| #define PACKAGE_VERSION "0.12"
| #define PACKAGE_STRING "ODE 0.12"
| #define PACKAGE_BUGREPORT "ode@ode.org"
| #define PACKAGE_URL ""
| #define PACKAGE "ode"
| #define VERSION "0.12"
| #define STDC_HEADERS 1
| #define HAVE_SYS_TYPES_H 1
| #define HAVE_SYS_STAT_H 1
| #define HAVE_STDLIB_H 1
| #define HAVE_STRING_H 1
| #define HAVE_MEMORY_H 1
| #define HAVE_STRINGS_H 1
| #define HAVE_INTTYPES_H 1
| #define HAVE_STDINT_H 1
| #define HAVE_UNISTD_H 1
| #define HAVE_DLFCN_H 1
| #define LT_OBJDIR ".libs/"
| #define PENTIUM 1
| #define HAVE_ALLOCA_H 1
| #define HAVE_STDIO_H 1
| #define HAVE_INTTYPES_H 1
| #define HAVE_STDINT_H 1
| #define HAVE_STDLIB_H 1
| #define HAVE_MATH_H 1
| #define HAVE_STRING_H 1
| #define HAVE_STDARG_H 1
| #define HAVE_MALLOC_H 1
| #define HAVE_FLOAT_H 1
| #define HAVE_TIME_H 1
| #define HAVE_SYS_TIME_H 1
| #define HAVE_LIMITS_H 1
| #define HAVE_STDDEF_H 1
| #define HAVE_GL_GL_H 1
| #define HAVE_GL_GLU_H 1
| #define HAVE_GL_GLEXT_H 1
| /* end confdefs.h.  */
| 
| 
| int
| main ()
| {
| return main ();
|   ;
|   return 0;
| }
configure:16852: result: no
configure:16898: checking if demos should be built
configure:16914: result: yes
configure:16919: checking for main in -lstdc++
configure:16938: gcc -o conftest -g -O2  -DdSINGLE  conftest.c -lstdc++   >&5
configure:16938: $? = 0
configure:16947: result: yes
configure:16956: checking for main in -lpthread
configure:16975: gcc -o conftest -g -O2  -DdSINGLE  conftest.c -lpthread   >&5
configure:16975: $? = 0
configure:16984: result: yes
configure:17018: checking for gprof
configure:17068: result: no
configure:17073: checking for stdbool.h that conforms to C99
configure:17140: gcc -c -g -O2  -DdSINGLE conftest.c >&5
configure:17140: $? = 0
configure:17147: result: yes
configure:17149: checking for _Bool
configure:17149: gcc -c -g -O2  -DdSINGLE conftest.c >&5
configure:17149: $? = 0
configure:17149: gcc -c -g -O2  -DdSINGLE conftest.c >&5
conftest.c: In function 'main':
conftest.c:77:20: error: expected expression before ')' token
 if (sizeof ((_Bool)))
                    ^
configure:17149: $? = 1
configure: failed program was:
| /* confdefs.h */
| #define PACKAGE_NAME "ODE"
| #define PACKAGE_TARNAME "ode"
| #define PACKAGE_VERSION "0.12"
| #define PACKAGE_STRING "ODE 0.12"
| #define PACKAGE_BUGREPORT "ode@ode.org"
| #define PACKAGE_URL ""
| #define PACKAGE "ode"
| #define VERSION "0.12"
| #define STDC_HEADERS 1
| #define HAVE_SYS_TYPES_H 1
| #define HAVE_SYS_STAT_H 1
| #define HAVE_STDLIB_H 1
| #define HAVE_STRING_H 1
| #define HAVE_MEMORY_H 1
| #define HAVE_STRINGS_H 1
| #define HAVE_INTTYPES_H 1
| #define HAVE_STDINT_H 1
| #define HAVE_UNISTD_H 1
| #define HAVE_DLFCN_H 1
| #define LT_OBJDIR ".libs/"
| #define PENTIUM 1
| #define HAVE_ALLOCA_H 1
| #define HAVE_STDIO_H 1
| #define HAVE_INTTYPES_H 1
| #define HAVE_STDINT_H 1
| #define HAVE_STDLIB_H 1
| #define HAVE_MATH_H 1
| #define HAVE_STRING_H 1
| #define HAVE_STDARG_H 1
| #define HAVE_MALLOC_H 1
| #define HAVE_FLOAT_H 1
| #define HAVE_TIME_H 1
| #define HAVE_SYS_TIME_H 1
| #define HAVE_LIMITS_H 1
| #define HAVE_STDDEF_H 1
| #define HAVE_GL_GL_H 1
| #define HAVE_GL_GLU_H 1
| #define HAVE_GL_GLEXT_H 1
| /* end confdefs.h.  */
| #include <stdio.h>
| #ifdef HAVE_SYS_TYPES_H
| # include <sys/types.h>
| #endif
| #ifdef HAVE_SYS_STAT_H
| # include <sys/stat.h>
| #endif
| #ifdef STDC_HEADERS
| # include <stdlib.h>
| # include <stddef.h>
| #else
| # ifdef HAVE_STDLIB_H
| #  include <stdlib.h>
| # endif
| #endif
| #ifdef HAVE_STRING_H
| # if !defined STDC_HEADERS && defined HAVE_MEMORY_H
| #  include <memory.h>
| # endif
| # include <string.h>
| #endif
| #ifdef HAVE_STRINGS_H
| # include <strings.h>
| #endif
| #ifdef HAVE_INTTYPES_H
| # include <inttypes.h>
| #endif
| #ifdef HAVE_STDINT_H
| # include <stdint.h>
| #endif
| #ifdef HAVE_UNISTD_H
| # include <unistd.h>
| #endif
| int
| main ()
| {
| if (sizeof ((_Bool)))
| 	    return 0;
|   ;
|   return 0;
| }
configure:17149: result: yes
configure:17166: checking for inline
configure:17190: result: inline
configure:17208: checking for int32_t
configure:17208: gcc -c -g -O2  -DdSINGLE conftest.c >&5
configure:17208: $? = 0
configure:17208: gcc -c -g -O2  -DdSINGLE conftest.c >&5
conftest.c: In function 'main':
conftest.c:81:53: warning: integer overflow in expression [-Woverflow]
    < (int32_t) (((((int32_t) 1 << N) << N) - 1) * 2 + 2))];
                                                     ^
conftest.c:80:12: error: storage size of 'test_array' isn't constant
 static int test_array [1 - 2 * !((int32_t) (((((int32_t) 1 << N) << N) - 1) * 2 + 1)
            ^
configure:17208: $? = 1
configure: failed program was:
| /* confdefs.h */
| #define PACKAGE_NAME "ODE"
| #define PACKAGE_TARNAME "ode"
| #define PACKAGE_VERSION "0.12"
| #define PACKAGE_STRING "ODE 0.12"
| #define PACKAGE_BUGREPORT "ode@ode.org"
| #define PACKAGE_URL ""
| #define PACKAGE "ode"
| #define VERSION "0.12"
| #define STDC_HEADERS 1
| #define HAVE_SYS_TYPES_H 1
| #define HAVE_SYS_STAT_H 1
| #define HAVE_STDLIB_H 1
| #define HAVE_STRING_H 1
| #define HAVE_MEMORY_H 1
| #define HAVE_STRINGS_H 1
| #define HAVE_INTTYPES_H 1
| #define HAVE_STDINT_H 1
| #define HAVE_UNISTD_H 1
| #define HAVE_DLFCN_H 1
| #define LT_OBJDIR ".libs/"
| #define PENTIUM 1
| #define HAVE_ALLOCA_H 1
| #define HAVE_STDIO_H 1
| #define HAVE_INTTYPES_H 1
| #define HAVE_STDINT_H 1
| #define HAVE_STDLIB_H 1
| #define HAVE_MATH_H 1
| #define HAVE_STRING_H 1
| #define HAVE_STDARG_H 1
| #define HAVE_MALLOC_H 1
| #define HAVE_FLOAT_H 1
| #define HAVE_TIME_H 1
| #define HAVE_SYS_TIME_H 1
| #define HAVE_LIMITS_H 1
| #define HAVE_STDDEF_H 1
| #define HAVE_GL_GL_H 1
| #define HAVE_GL_GLU_H 1
| #define HAVE_GL_GLEXT_H 1
| #define HAVE__BOOL 1
| #define HAVE_STDBOOL_H 1
| /* end confdefs.h.  */
| #include <stdio.h>
| #ifdef HAVE_SYS_TYPES_H
| # include <sys/types.h>
| #endif
| #ifdef HAVE_SYS_STAT_H
| # include <sys/stat.h>
| #endif
| #ifdef STDC_HEADERS
| # include <stdlib.h>
| # include <stddef.h>
| #else
| # ifdef HAVE_STDLIB_H
| #  include <stdlib.h>
| # endif
| #endif
| #ifdef HAVE_STRING_H
| # if !defined STDC_HEADERS && defined HAVE_MEMORY_H
| #  include <memory.h>
| # endif
| # include <string.h>
| #endif
| #ifdef HAVE_STRINGS_H
| # include <strings.h>
| #endif
| #ifdef HAVE_INTTYPES_H
| # include <inttypes.h>
| #endif
| #ifdef HAVE_STDINT_H
| # include <stdint.h>
| #endif
| #ifdef HAVE_UNISTD_H
| # include <unistd.h>
| #endif
| 	        enum { N = 32 / 2 - 1 };
| int
| main ()
| {
| static int test_array [1 - 2 * !((int32_t) (((((int32_t) 1 << N) << N) - 1) * 2 + 1)
| 		 < (int32_t) (((((int32_t) 1 << N) << N) - 1) * 2 + 2))];
| test_array [0] = 0;
| return test_array [0];
| 
|   ;
|   return 0;
| }
configure:17208: result: yes
configure:17219: checking for obstacks
configure:17240: gcc -o conftest -g -O2  -DdSINGLE  conftest.c  -lpthread >&5
configure:17240: $? = 0
configure:17248: result: yes
configure:17263: checking for size_t
configure:17263: gcc -c -g -O2  -DdSINGLE conftest.c >&5
configure:17263: $? = 0
configure:17263: gcc -c -g -O2  -DdSINGLE conftest.c >&5
conftest.c: In function 'main':
conftest.c:80:21: error: expected expression before ')' token
 if (sizeof ((size_t)))
                     ^
configure:17263: $? = 1
configure: failed program was:
| /* confdefs.h */
| #define PACKAGE_NAME "ODE"
| #define PACKAGE_TARNAME "ode"
| #define PACKAGE_VERSION "0.12"
| #define PACKAGE_STRING "ODE 0.12"
| #define PACKAGE_BUGREPORT "ode@ode.org"
| #define PACKAGE_URL ""
| #define PACKAGE "ode"
| #define VERSION "0.12"
| #define STDC_HEADERS 1
| #define HAVE_SYS_TYPES_H 1
| #define HAVE_SYS_STAT_H 1
| #define HAVE_STDLIB_H 1
| #define HAVE_STRING_H 1
| #define HAVE_MEMORY_H 1
| #define HAVE_STRINGS_H 1
| #define HAVE_INTTYPES_H 1
| #define HAVE_STDINT_H 1
| #define HAVE_UNISTD_H 1
| #define HAVE_DLFCN_H 1
| #define LT_OBJDIR ".libs/"
| #define PENTIUM 1
| #define HAVE_ALLOCA_H 1
| #define HAVE_STDIO_H 1
| #define HAVE_INTTYPES_H 1
| #define HAVE_STDINT_H 1
| #define HAVE_STDLIB_H 1
| #define HAVE_MATH_H 1
| #define HAVE_STRING_H 1
| #define HAVE_STDARG_H 1
| #define HAVE_MALLOC_H 1
| #define HAVE_FLOAT_H 1
| #define HAVE_TIME_H 1
| #define HAVE_SYS_TIME_H 1
| #define HAVE_LIMITS_H 1
| #define HAVE_STDDEF_H 1
| #define HAVE_GL_GL_H 1
| #define HAVE_GL_GLU_H 1
| #define HAVE_GL_GLEXT_H 1
| #define HAVE__BOOL 1
| #define HAVE_STDBOOL_H 1
| #define HAVE_OBSTACK 1
| /* end confdefs.h.  */
| #include <stdio.h>
| #ifdef HAVE_SYS_TYPES_H
| # include <sys/types.h>
| #endif
| #ifdef HAVE_SYS_STAT_H
| # include <sys/stat.h>
| #endif
| #ifdef STDC_HEADERS
| # include <stdlib.h>
| # include <stddef.h>
| #else
| # ifdef HAVE_STDLIB_H
| #  include <stdlib.h>
| # endif
| #endif
| #ifdef HAVE_STRING_H
| # if !defined STDC_HEADERS && defined HAVE_MEMORY_H
| #  include <memory.h>
| # endif
| # include <string.h>
| #endif
| #ifdef HAVE_STRINGS_H
| # include <strings.h>
| #endif
| #ifdef HAVE_INTTYPES_H
| # include <inttypes.h>
| #endif
| #ifdef HAVE_STDINT_H
| # include <stdint.h>
| #endif
| #ifdef HAVE_UNISTD_H
| # include <unistd.h>
| #endif
| int
| main ()
| {
| if (sizeof ((size_t)))
| 	    return 0;
|   ;
|   return 0;
| }
configure:17263: result: yes
configure:17274: checking for uint32_t
configure:17274: gcc -c -g -O2  -DdSINGLE conftest.c >&5
configure:17274: $? = 0
configure:17274: result: yes
configure:17289: checking for main in -lm
configure:17308: gcc -o conftest -g -O2  -DdSINGLE  conftest.c -lm   -lpthread >&5
configure:17308: $? = 0
configure:17317: result: yes
configure:17328: checking for main in -lsunmath
configure:17347: gcc -o conftest -g -O2  -DdSINGLE  conftest.c -lsunmath  -lm  -lpthread >&5
/usr/bin/ld: cannot find -lsunmath
collect2: error: ld returned 1 exit status
configure:17347: $? = 1
configure: failed program was:
| /* confdefs.h */
| #define PACKAGE_NAME "ODE"
| #define PACKAGE_TARNAME "ode"
| #define PACKAGE_VERSION "0.12"
| #define PACKAGE_STRING "ODE 0.12"
| #define PACKAGE_BUGREPORT "ode@ode.org"
| #define PACKAGE_URL ""
| #define PACKAGE "ode"
| #define VERSION "0.12"
| #define STDC_HEADERS 1
| #define HAVE_SYS_TYPES_H 1
| #define HAVE_SYS_STAT_H 1
| #define HAVE_STDLIB_H 1
| #define HAVE_STRING_H 1
| #define HAVE_MEMORY_H 1
| #define HAVE_STRINGS_H 1
| #define HAVE_INTTYPES_H 1
| #define HAVE_STDINT_H 1
| #define HAVE_UNISTD_H 1
| #define HAVE_DLFCN_H 1
| #define LT_OBJDIR ".libs/"
| #define PENTIUM 1
| #define HAVE_ALLOCA_H 1
| #define HAVE_STDIO_H 1
| #define HAVE_INTTYPES_H 1
| #define HAVE_STDINT_H 1
| #define HAVE_STDLIB_H 1
| #define HAVE_MATH_H 1
| #define HAVE_STRING_H 1
| #define HAVE_STDARG_H 1
| #define HAVE_MALLOC_H 1
| #define HAVE_FLOAT_H 1
| #define HAVE_TIME_H 1
| #define HAVE_SYS_TIME_H 1
| #define HAVE_LIMITS_H 1
| #define HAVE_STDDEF_H 1
| #define HAVE_GL_GL_H 1
| #define HAVE_GL_GLU_H 1
| #define HAVE_GL_GLEXT_H 1
| #define HAVE__BOOL 1
| #define HAVE_STDBOOL_H 1
| #define HAVE_OBSTACK 1
| #define HAVE_LIBM 1
| /* end confdefs.h.  */
| 
| 
| int
| main ()
| {
| return main ();
|   ;
|   return 0;
| }
configure:17356: result: no
configure:17370: checking for floor
configure:17370: gcc -o conftest -g -O2  -DdSINGLE  conftest.c -lm  -lpthread >&5
conftest.c:68:6: warning: conflicting types for built-in function 'floor' [enabled by default]
 char floor ();
      ^
configure:17370: $? = 0
configure:17370: result: yes
configure:17370: checking for memmove
configure:17370: gcc -o conftest -g -O2  -DdSINGLE  conftest.c -lm  -lpthread >&5
conftest.c:69:6: warning: conflicting types for built-in function 'memmove' [enabled by default]
 char memmove ();
      ^
configure:17370: $? = 0
configure:17370: result: yes
configure:17370: checking for memset
configure:17370: gcc -o conftest -g -O2  -DdSINGLE  conftest.c -lm  -lpthread >&5
conftest.c:70:6: warning: conflicting types for built-in function 'memset' [enabled by default]
 char memset ();
      ^
configure:17370: $? = 0
configure:17370: result: yes
configure:17370: checking for select
configure:17370: gcc -o conftest -g -O2  -DdSINGLE  conftest.c -lm  -lpthread >&5
configure:17370: $? = 0
configure:17370: result: yes
configure:17370: checking for sqrt
configure:17370: gcc -o conftest -g -O2  -DdSINGLE  conftest.c -lm  -lpthread >&5
conftest.c:72:6: warning: conflicting types for built-in function 'sqrt' [enabled by default]
 char sqrt ();
      ^
configure:17370: $? = 0
configure:17370: result: yes
configure:17370: checking for sqrtf
configure:17370: gcc -o conftest -g -O2  -DdSINGLE  conftest.c -lm  -lpthread >&5
conftest.c:73:6: warning: conflicting types for built-in function 'sqrtf' [enabled by default]
 char sqrtf ();
      ^
configure:17370: $? = 0
configure:17370: result: yes
configure:17370: checking for sinf
configure:17370: gcc -o conftest -g -O2  -DdSINGLE  conftest.c -lm  -lpthread >&5
conftest.c:74:6: warning: conflicting types for built-in function 'sinf' [enabled by default]
 char sinf ();
      ^
configure:17370: $? = 0
configure:17370: result: yes
configure:17370: checking for cosf
configure:17370: gcc -o conftest -g -O2  -DdSINGLE  conftest.c -lm  -lpthread >&5
conftest.c:75:6: warning: conflicting types for built-in function 'cosf' [enabled by default]
 char cosf ();
      ^
configure:17370: $? = 0
configure:17370: result: yes
configure:17370: checking for fabsf
configure:17370: gcc -o conftest -g -O2  -DdSINGLE  conftest.c -lm  -lpthread >&5
conftest.c:76:6: warning: conflicting types for built-in function 'fabsf' [enabled by default]
 char fabsf ();
      ^
configure:17370: $? = 0
configure:17370: result: yes
configure:17370: checking for atan2f
configure:17370: gcc -o conftest -g -O2  -DdSINGLE  conftest.c -lm  -lpthread >&5
conftest.c:77:6: warning: conflicting types for built-in function 'atan2f' [enabled by default]
 char atan2f ();
      ^
configure:17370: $? = 0
configure:17370: result: yes
configure:17370: checking for fmodf
configure:17370: gcc -o conftest -g -O2  -DdSINGLE  conftest.c -lm  -lpthread >&5
conftest.c:78:6: warning: conflicting types for built-in function 'fmodf' [enabled by default]
 char fmodf ();
      ^
configure:17370: $? = 0
configure:17370: result: yes
configure:17370: checking for copysignf
configure:17370: gcc -o conftest -g -O2  -DdSINGLE  conftest.c -lm  -lpthread >&5
conftest.c:79:6: warning: conflicting types for built-in function 'copysignf' [enabled by default]
 char copysignf ();
      ^
configure:17370: $? = 0
configure:17370: result: yes
configure:17370: checking for copysign
configure:17370: gcc -o conftest -g -O2  -DdSINGLE  conftest.c -lm  -lpthread >&5
conftest.c:80:6: warning: conflicting types for built-in function 'copysign' [enabled by default]
 char copysign ();
      ^
configure:17370: $? = 0
configure:17370: result: yes
configure:17370: checking for snprintf
configure:17370: gcc -o conftest -g -O2  -DdSINGLE  conftest.c -lm  -lpthread >&5
conftest.c:81:6: warning: conflicting types for built-in function 'snprintf' [enabled by default]
 char snprintf ();
      ^
configure:17370: $? = 0
configure:17370: result: yes
configure:17370: checking for vsnprintf
configure:17370: gcc -o conftest -g -O2  -DdSINGLE  conftest.c -lm  -lpthread >&5
conftest.c:82:6: warning: conflicting types for built-in function 'vsnprintf' [enabled by default]
 char vsnprintf ();
      ^
configure:17370: $? = 0
configure:17370: result: yes
configure:17370: checking for gettimeofday
configure:17370: gcc -o conftest -g -O2  -DdSINGLE  conftest.c -lm  -lpthread >&5
configure:17370: $? = 0
configure:17370: result: yes
configure:17370: checking for isnan
configure:17370: gcc -o conftest -g -O2  -DdSINGLE  conftest.c -lm  -lpthread >&5
conftest.c:84:6: warning: conflicting types for built-in function 'isnan' [enabled by default]
 char isnan ();
      ^
configure:17370: $? = 0
configure:17370: result: yes
configure:17370: checking for isnanf
configure:17370: gcc -o conftest -g -O2  -DdSINGLE  conftest.c -lm  -lpthread >&5
conftest.c:85:6: warning: conflicting types for built-in function 'isnanf' [enabled by default]
 char isnanf ();
      ^
configure:17370: $? = 0
configure:17370: result: yes
configure:17370: checking for _isnan
configure:17370: gcc -o conftest -g -O2  -DdSINGLE  conftest.c -lm  -lpthread >&5
/tmp/ccmXyuA3.o: In function `main':
/home/cac/Projects/OMGWTF2A/ode-0.12/conftest.c:97: undefined reference to `_isnan'
collect2: error: ld returned 1 exit status
configure:17370: $? = 1
configure: failed program was:
| /* confdefs.h */
| #define PACKAGE_NAME "ODE"
| #define PACKAGE_TARNAME "ode"
| #define PACKAGE_VERSION "0.12"
| #define PACKAGE_STRING "ODE 0.12"
| #define PACKAGE_BUGREPORT "ode@ode.org"
| #define PACKAGE_URL ""
| #define PACKAGE "ode"
| #define VERSION "0.12"
| #define STDC_HEADERS 1
| #define HAVE_SYS_TYPES_H 1
| #define HAVE_SYS_STAT_H 1
| #define HAVE_STDLIB_H 1
| #define HAVE_STRING_H 1
| #define HAVE_MEMORY_H 1
| #define HAVE_STRINGS_H 1
| #define HAVE_INTTYPES_H 1
| #define HAVE_STDINT_H 1
| #define HAVE_UNISTD_H 1
| #define HAVE_DLFCN_H 1
| #define LT_OBJDIR ".libs/"
| #define PENTIUM 1
| #define HAVE_ALLOCA_H 1
| #define HAVE_STDIO_H 1
| #define HAVE_INTTYPES_H 1
| #define HAVE_STDINT_H 1
| #define HAVE_STDLIB_H 1
| #define HAVE_MATH_H 1
| #define HAVE_STRING_H 1
| #define HAVE_STDARG_H 1
| #define HAVE_MALLOC_H 1
| #define HAVE_FLOAT_H 1
| #define HAVE_TIME_H 1
| #define HAVE_SYS_TIME_H 1
| #define HAVE_LIMITS_H 1
| #define HAVE_STDDEF_H 1
| #define HAVE_GL_GL_H 1
| #define HAVE_GL_GLU_H 1
| #define HAVE_GL_GLEXT_H 1
| #define HAVE__BOOL 1
| #define HAVE_STDBOOL_H 1
| #define HAVE_OBSTACK 1
| #define HAVE_LIBM 1
| #define HAVE_FLOOR 1
| #define HAVE_MEMMOVE 1
| #define HAVE_MEMSET 1
| #define HAVE_SELECT 1
| #define HAVE_SQRT 1
| #define HAVE_SQRTF 1
| #define HAVE_SINF 1
| #define HAVE_COSF 1
| #define HAVE_FABSF 1
| #define HAVE_ATAN2F 1
| #define HAVE_FMODF 1
| #define HAVE_COPYSIGNF 1
| #define HAVE_COPYSIGN 1
| #define HAVE_SNPRINTF 1
| #define HAVE_VSNPRINTF 1
| #define HAVE_GETTIMEOFDAY 1
| #define HAVE_ISNAN 1
| #define HAVE_ISNANF 1
| /* end confdefs.h.  */
| /* Define _isnan to an innocuous variant, in case <limits.h> declares _isnan.
|    For example, HP-UX 11i <limits.h> declares gettimeofday.  */
| #define _isnan innocuous__isnan
| 
| /* System header to define __stub macros and hopefully few prototypes,
|     which can conflict with char _isnan (); below.
|     Prefer <limits.h> to <assert.h> if __STDC__ is defined, since
|     <limits.h> exists even on freestanding compilers.  */
| 
| #ifdef __STDC__
| # include <limits.h>
| #else
| # include <assert.h>
| #endif
| 
| #undef _isnan
| 
| /* Override any GCC internal prototype to avoid an error.
|    Use char because int might match the return type of a GCC
|    builtin and then its argument prototype would still apply.  */
| #ifdef __cplusplus
| extern "C"
| #endif
| char _isnan ();
| /* The GNU C library defines this for functions which it implements
|     to always fail with ENOSYS.  Some functions are actually named
|     something starting with __ and the normal name is an alias.  */
| #if defined __stub__isnan || defined __stub____isnan
| choke me
| #endif
| 
| int
| main ()
| {
| return _isnan ();
|   ;
|   return 0;
| }
configure:17370: result: no
configure:17370: checking for _isnanf
configure:17370: gcc -o conftest -g -O2  -DdSINGLE  conftest.c -lm  -lpthread >&5
/tmp/ccc5Q1S9.o: In function `main':
/home/cac/Projects/OMGWTF2A/ode-0.12/conftest.c:97: undefined reference to `_isnanf'
collect2: error: ld returned 1 exit status
configure:17370: $? = 1
configure: failed program was:
| /* confdefs.h */
| #define PACKAGE_NAME "ODE"
| #define PACKAGE_TARNAME "ode"
| #define PACKAGE_VERSION "0.12"
| #define PACKAGE_STRING "ODE 0.12"
| #define PACKAGE_BUGREPORT "ode@ode.org"
| #define PACKAGE_URL ""
| #define PACKAGE "ode"
| #define VERSION "0.12"
| #define STDC_HEADERS 1
| #define HAVE_SYS_TYPES_H 1
| #define HAVE_SYS_STAT_H 1
| #define HAVE_STDLIB_H 1
| #define HAVE_STRING_H 1
| #define HAVE_MEMORY_H 1
| #define HAVE_STRINGS_H 1
| #define HAVE_INTTYPES_H 1
| #define HAVE_STDINT_H 1
| #define HAVE_UNISTD_H 1
| #define HAVE_DLFCN_H 1
| #define LT_OBJDIR ".libs/"
| #define PENTIUM 1
| #define HAVE_ALLOCA_H 1
| #define HAVE_STDIO_H 1
| #define HAVE_INTTYPES_H 1
| #define HAVE_STDINT_H 1
| #define HAVE_STDLIB_H 1
| #define HAVE_MATH_H 1
| #define HAVE_STRING_H 1
| #define HAVE_STDARG_H 1
| #define HAVE_MALLOC_H 1
| #define HAVE_FLOAT_H 1
| #define HAVE_TIME_H 1
| #define HAVE_SYS_TIME_H 1
| #define HAVE_LIMITS_H 1
| #define HAVE_STDDEF_H 1
| #define HAVE_GL_GL_H 1
| #define HAVE_GL_GLU_H 1
| #define HAVE_GL_GLEXT_H 1
| #define HAVE__BOOL 1
| #define HAVE_STDBOOL_H 1
| #define HAVE_OBSTACK 1
| #define HAVE_LIBM 1
| #define HAVE_FLOOR 1
| #define HAVE_MEMMOVE 1
| #define HAVE_MEMSET 1
| #define HAVE_SELECT 1
| #define HAVE_SQRT 1
| #define HAVE_SQRTF 1
| #define HAVE_SINF 1
| #define HAVE_COSF 1
| #define HAVE_FABSF 1
| #define HAVE_ATAN2F 1
| #define HAVE_FMODF 1
| #define HAVE_COPYSIGNF 1
| #define HAVE_COPYSIGN 1
| #define HAVE_SNPRINTF 1
| #define HAVE_VSNPRINTF 1
| #define HAVE_GETTIMEOFDAY 1
| #define HAVE_ISNAN 1
| #define HAVE_ISNANF 1
| /* end confdefs.h.  */
| /* Define _isnanf to an innocuous variant, in case <limits.h> declares _isnanf.
|    For example, HP-UX 11i <limits.h> declares gettimeofday.  */
| #define _isnanf innocuous__isnanf
| 
| /* System header to define __stub macros and hopefully few prototypes,
|     which can conflict with char _isnanf (); below.
|     Prefer <limits.h> to <assert.h> if __STDC__ is defined, since
|     <limits.h> exists even on freestanding compilers.  */
| 
| #ifdef __STDC__
| # include <limits.h>
| #else
| # include <assert.h>
| #endif
| 
| #undef _isnanf
| 
| /* Override any GCC internal prototype to avoid an error.
|    Use char because int might match the return type of a GCC
|    builtin and then its argument prototype would still apply.  */
| #ifdef __cplusplus
| extern "C"
| #endif
| char _isnanf ();
| /* The GNU C library defines this for functions which it implements
|     to always fail with ENOSYS.  Some functions are actually named
|     something starting with __ and the normal name is an alias.  */
| #if defined __stub__isnanf || defined __stub____isnanf
| choke me
| #endif
| 
| int
| main ()
| {
| return _isnanf ();
|   ;
|   return 0;
| }
configure:17370: result: no
configure:17370: checking for __isnan
configure:17370: gcc -o conftest -g -O2  -DdSINGLE  conftest.c -lm  -lpthread >&5
configure:17370: $? = 0
configure:17370: result: yes
configure:17370: checking for __isnanf
configure:17370: gcc -o conftest -g -O2  -DdSINGLE  conftest.c -lm  -lpthread >&5
configure:17370: $? = 0
configure:17370: result: yes
configure:17370: checking for strchr
configure:17370: gcc -o conftest -g -O2  -DdSINGLE  conftest.c -lm  -lpthread >&5
conftest.c:88:6: warning: conflicting types for built-in function 'strchr' [enabled by default]
 char strchr ();
      ^
configure:17370: $? = 0
configure:17370: result: yes
configure:17370: checking for strstr
configure:17370: gcc -o conftest -g -O2  -DdSINGLE  conftest.c -lm  -lpthread >&5
conftest.c:89:6: warning: conflicting types for built-in function 'strstr' [enabled by default]
 char strstr ();
      ^
configure:17370: $? = 0
configure:17370: result: yes
configure:17381: checking for working alloca.h
configure:17398: gcc -o conftest -g -O2  -DdSINGLE  conftest.c -lm  -lpthread >&5
configure:17398: $? = 0
configure:17406: result: yes
configure:17414: checking for alloca
configure:17451: gcc -o conftest -g -O2  -DdSINGLE  conftest.c -lm  -lpthread >&5
configure:17451: $? = 0
configure:17459: result: yes
configure:17567: checking for stdlib.h
configure:17567: result: yes
configure:17577: checking for GNU libc compatible malloc
configure:17601: gcc -o conftest -g -O2  -DdSINGLE  conftest.c -lm  -lpthread >&5
configure:17601: $? = 0
configure:17601: ./conftest
configure:17601: $? = 0
configure:17611: result: yes
configure:17632: checking for obstacks
configure:17661: result: yes
configure:17678: checking for stdlib.h
configure:17678: result: yes
configure:17688: checking for GNU libc compatible realloc
configure:17712: gcc -o conftest -g -O2  -DdSINGLE  conftest.c -lm  -lpthread >&5
configure:17712: $? = 0
configure:17712: ./conftest
configure:17712: $? = 0
configure:17722: result: yes
configure:17746: checking sys/select.h usability
configure:17746: gcc -c -g -O2  -DdSINGLE conftest.c >&5
configure:17746: $? = 0
configure:17746: result: yes
configure:17746: checking sys/select.h presence
configure:17746: gcc -E  -DdSINGLE conftest.c
configure:17746: $? = 0
configure:17746: result: yes
configure:17746: checking for sys/select.h
configure:17746: result: yes
configure:17746: checking sys/socket.h usability
configure:17746: gcc -c -g -O2  -DdSINGLE conftest.c >&5
configure:17746: $? = 0
configure:17746: result: yes
configure:17746: checking sys/socket.h presence
configure:17746: gcc -E  -DdSINGLE conftest.c
configure:17746: $? = 0
configure:17746: result: yes
configure:17746: checking for sys/socket.h
configure:17746: result: yes
configure:17756: checking types of arguments for select
configure:17784: gcc -c -g -O2  -DdSINGLE conftest.c >&5
configure:17784: $? = 0
configure:17795: result: int,fd_set *,struct timeval *
configure:17820: checking for vprintf
configure:17820: gcc -o conftest -g -O2  -DdSINGLE  conftest.c -lm  -lpthread >&5
conftest.c:102:6: warning: conflicting types for built-in function 'vprintf' [enabled by default]
 char vprintf ();
      ^
configure:17820: $? = 0
configure:17820: result: yes
configure:17826: checking for _doprnt
configure:17826: gcc -o conftest -g -O2  -DdSINGLE  conftest.c -lm  -lpthread >&5
/tmp/ccogdNbr.o: In function `main':
/home/cac/Projects/OMGWTF2A/ode-0.12/conftest.c:114: undefined reference to `_doprnt'
collect2: error: ld returned 1 exit status
configure:17826: $? = 1
configure: failed program was:
| /* confdefs.h */
| #define PACKAGE_NAME "ODE"
| #define PACKAGE_TARNAME "ode"
| #define PACKAGE_VERSION "0.12"
| #define PACKAGE_STRING "ODE 0.12"
| #define PACKAGE_BUGREPORT "ode@ode.org"
| #define PACKAGE_URL ""
| #define PACKAGE "ode"
| #define VERSION "0.12"
| #define STDC_HEADERS 1
| #define HAVE_SYS_TYPES_H 1
| #define HAVE_SYS_STAT_H 1
| #define HAVE_STDLIB_H 1
| #define HAVE_STRING_H 1
| #define HAVE_MEMORY_H 1
| #define HAVE_STRINGS_H 1
| #define HAVE_INTTYPES_H 1
| #define HAVE_STDINT_H 1
| #define HAVE_UNISTD_H 1
| #define HAVE_DLFCN_H 1
| #define LT_OBJDIR ".libs/"
| #define PENTIUM 1
| #define HAVE_ALLOCA_H 1
| #define HAVE_STDIO_H 1
| #define HAVE_INTTYPES_H 1
| #define HAVE_STDINT_H 1
| #define HAVE_STDLIB_H 1
| #define HAVE_MATH_H 1
| #define HAVE_STRING_H 1
| #define HAVE_STDARG_H 1
| #define HAVE_MALLOC_H 1
| #define HAVE_FLOAT_H 1
| #define HAVE_TIME_H 1
| #define HAVE_SYS_TIME_H 1
| #define HAVE_LIMITS_H 1
| #define HAVE_STDDEF_H 1
| #define HAVE_GL_GL_H 1
| #define HAVE_GL_GLU_H 1
| #define HAVE_GL_GLEXT_H 1
| #define HAVE__BOOL 1
| #define HAVE_STDBOOL_H 1
| #define HAVE_OBSTACK 1
| #define HAVE_LIBM 1
| #define HAVE_FLOOR 1
| #define HAVE_MEMMOVE 1
| #define HAVE_MEMSET 1
| #define HAVE_SELECT 1
| #define HAVE_SQRT 1
| #define HAVE_SQRTF 1
| #define HAVE_SINF 1
| #define HAVE_COSF 1
| #define HAVE_FABSF 1
| #define HAVE_ATAN2F 1
| #define HAVE_FMODF 1
| #define HAVE_COPYSIGNF 1
| #define HAVE_COPYSIGN 1
| #define HAVE_SNPRINTF 1
| #define HAVE_VSNPRINTF 1
| #define HAVE_GETTIMEOFDAY 1
| #define HAVE_ISNAN 1
| #define HAVE_ISNANF 1
| #define HAVE___ISNAN 1
| #define HAVE___ISNANF 1
| #define HAVE_STRCHR 1
| #define HAVE_STRSTR 1
| #define HAVE_ALLOCA_H 1
| #define HAVE_ALLOCA 1
| #define HAVE_STDLIB_H 1
| #define HAVE_MALLOC 1
| #define HAVE_OBSTACK 1
| #define HAVE_STDLIB_H 1
| #define HAVE_REALLOC 1
| #define HAVE_SYS_SELECT_H 1
| #define HAVE_SYS_SOCKET_H 1
| #define SELECT_TYPE_ARG1 int
| #define SELECT_TYPE_ARG234 (fd_set *)
| #define SELECT_TYPE_ARG5 (struct timeval *)
| #define HAVE_VPRINTF 1
| /* end confdefs.h.  */
| /* Define _doprnt to an innocuous variant, in case <limits.h> declares _doprnt.
|    For example, HP-UX 11i <limits.h> declares gettimeofday.  */
| #define _doprnt innocuous__doprnt
| 
| /* System header to define __stub macros and hopefully few prototypes,
|     which can conflict with char _doprnt (); below.
|     Prefer <limits.h> to <assert.h> if __STDC__ is defined, since
|     <limits.h> exists even on freestanding compilers.  */
| 
| #ifdef __STDC__
| # include <limits.h>
| #else
| # include <assert.h>
| #endif
| 
| #undef _doprnt
| 
| /* Override any GCC internal prototype to avoid an error.
|    Use char because int might match the return type of a GCC
|    builtin and then its argument prototype would still apply.  */
| #ifdef __cplusplus
| extern "C"
| #endif
| char _doprnt ();
| /* The GNU C library defines this for functions which it implements
|     to always fail with ENOSYS.  Some functions are actually named
|     something starting with __ and the normal name is an alias.  */
| #if defined __stub__doprnt || defined __stub____doprnt
| choke me
| #endif
| 
| int
| main ()
| {
| return _doprnt ();
|   ;
|   return 0;
| }
configure:17826: result: no
configure:18241: checking that generated files are newer than configure
configure:18247: result: done
configure:18351: creating ./config.status

## ---------------------- ##
## Running config.status. ##
## ---------------------- ##

This file was extended by ODE config.status 0.12, which was
generated by GNU Autoconf 2.69.  Invocation command line was

  CONFIG_FILES    = 
  CONFIG_HEADERS  = 
  CONFIG_LINKS    = 
  CONFIG_COMMANDS = 
  $ ./config.status 

on sudo

config.status:1278: creating Makefile
config.status:1278: creating include/Makefile
config.status:1278: creating include/ode/Makefile
config.status:1278: creating include/drawstuff/Makefile
config.status:1278: creating ode/Makefile
config.status:1278: creating ode/src/Makefile
config.status:1278: creating ode/src/joints/Makefile
config.status:1278: creating drawstuff/Makefile
config.status:1278: creating drawstuff/src/Makefile
config.status:1278: creating drawstuff/dstest/Makefile
config.status:1278: creating ode/demo/Makefile
config.status:1278: creating OPCODE/Makefile
config.status:1278: creating OPCODE/Ice/Makefile
config.status:1278: creating GIMPACT/Makefile
config.status:1278: creating GIMPACT/include/Makefile
config.status:1278: creating GIMPACT/include/GIMPACT/Makefile
config.status:1278: creating GIMPACT/src/Makefile
config.status:1278: creating tests/Makefile
config.status:1278: creating tests/UnitTest++/Makefile
config.status:1278: creating tests/UnitTest++/src/Makefile
config.status:1278: creating tests/UnitTest++/src/Posix/Makefile
config.status:1278: creating tests/UnitTest++/src/Win32/Makefile
config.status:1278: creating ode-config
config.status:1278: creating ode.pc
config.status:1278: creating ode/src/config.h
config.status:1507: executing depfiles commands
config.status:1507: executing libtool commands
configure:20935: === configuring in ou (/home/cac/Projects/OMGWTF2A/ode-0.12/ou)
configure:20998: running /bin/sh ./configure --disable-option-checking '--prefix=/usr/local'  --cache-file=/dev/null --srcdir=.
configure:20935: === configuring in libccd (/home/cac/Projects/OMGWTF2A/ode-0.12/libccd)
configure:20998: running /bin/sh ./configure --disable-option-checking '--prefix=/usr/local'  --cache-file=/dev/null --srcdir=.

## ---------------- ##
## Cache variables. ##
## ---------------- ##

ac_cv_build=i686-pc-linux-gnu
ac_cv_c_bigendian=no
ac_cv_c_compiler_gnu=yes
ac_cv_c_inline=inline
ac_cv_c_int32_t=yes
ac_cv_c_uint32_t=yes
ac_cv_c_volatile=yes
ac_cv_cxx_compiler_gnu=yes
ac_cv_env_CCC_set=
ac_cv_env_CCC_value=
ac_cv_env_CC_set=
ac_cv_env_CC_value=
ac_cv_env_CFLAGS_set=
ac_cv_env_CFLAGS_value=
ac_cv_env_CPPFLAGS_set=
ac_cv_env_CPPFLAGS_value=
ac_cv_env_CPP_set=
ac_cv_env_CPP_value=
ac_cv_env_CXXCPP_set=
ac_cv_env_CXXCPP_value=
ac_cv_env_CXXFLAGS_set=
ac_cv_env_CXXFLAGS_value=
ac_cv_env_CXX_set=
ac_cv_env_CXX_value=
ac_cv_env_LDFLAGS_set=
ac_cv_env_LDFLAGS_value=
ac_cv_env_LIBS_set=
ac_cv_env_LIBS_value=
ac_cv_env_PKG_CONFIG_LIBDIR_set=
ac_cv_env_PKG_CONFIG_LIBDIR_value=
ac_cv_env_PKG_CONFIG_PATH_set=
ac_cv_env_PKG_CONFIG_PATH_value=
ac_cv_env_PKG_CONFIG_set=
ac_cv_env_PKG_CONFIG_value=
ac_cv_env_X11_CFLAGS_set=
ac_cv_env_X11_CFLAGS_value=
ac_cv_env_X11_LIBS_set=
ac_cv_env_X11_LIBS_value=
ac_cv_env_build_alias_set=
ac_cv_env_build_alias_value=
ac_cv_env_host_alias_set=
ac_cv_env_host_alias_value=
ac_cv_env_target_alias_set=
ac_cv_env_target_alias_value=
ac_cv_func___isnan=yes
ac_cv_func___isnanf=yes
ac_cv_func__doprnt=no
ac_cv_func__isnan=no
ac_cv_func__isnanf=no
ac_cv_func_alloca_works=yes
ac_cv_func_atan2f=yes
ac_cv_func_copysign=yes
ac_cv_func_copysignf=yes
ac_cv_func_cosf=yes
ac_cv_func_fabsf=yes
ac_cv_func_floor=yes
ac_cv_func_fmodf=yes
ac_cv_func_gettimeofday=yes
ac_cv_func_isnan=yes
ac_cv_func_isnanf=yes
ac_cv_func_malloc_0_nonnull=yes
ac_cv_func_memmove=yes
ac_cv_func_memset=yes
ac_cv_func_obstack=yes
ac_cv_func_realloc_0_nonnull=yes
ac_cv_func_select=yes
ac_cv_func_select_args='int,fd_set *,struct timeval *'
ac_cv_func_sinf=yes
ac_cv_func_snprintf=yes
ac_cv_func_sqrt=yes
ac_cv_func_sqrtf=yes
ac_cv_func_strchr=yes
ac_cv_func_strstr=yes
ac_cv_func_vprintf=yes
ac_cv_func_vsnprintf=yes
ac_cv_header_GL_gl_h=yes
ac_cv_header_GL_glext_h=yes
ac_cv_header_GL_glu_h=yes
ac_cv_header_alloca_h=yes
ac_cv_header_dlfcn_h=yes
ac_cv_header_float_h=yes
ac_cv_header_inttypes_h=yes
ac_cv_header_limits_h=yes
ac_cv_header_malloc_h=yes
ac_cv_header_math_h=yes
ac_cv_header_memory_h=yes
ac_cv_header_stdarg_h=yes
ac_cv_header_stdbool_h=yes
ac_cv_header_stdc=yes
ac_cv_header_stddef_h=yes
ac_cv_header_stdint_h=yes
ac_cv_header_stdio_h=yes
ac_cv_header_stdlib_h=yes
ac_cv_header_string_h=yes
ac_cv_header_strings_h=yes
ac_cv_header_sys_select_h=yes
ac_cv_header_sys_socket_h=yes
ac_cv_header_sys_stat_h=yes
ac_cv_header_sys_time_h=yes
ac_cv_header_sys_types_h=yes
ac_cv_header_time_h=yes
ac_cv_header_unistd_h=yes
ac_cv_host=i686-pc-linux-gnu
ac_cv_lib_GLU_main=yes
ac_cv_lib_GL_main=yes
ac_cv_lib_glu32_main=no
ac_cv_lib_m_main=yes
ac_cv_lib_opengl32_main=no
ac_cv_lib_pthread_main=yes
ac_cv_lib_stdcpp_main=yes
ac_cv_lib_sunmath_main=no
ac_cv_objext=o
ac_cv_path_EGREP='/usr/bin/grep -E'
ac_cv_path_FGREP='/usr/bin/grep -F'
ac_cv_path_GREP=/usr/bin/grep
ac_cv_path_SED=/usr/bin/sed
ac_cv_path_ac_pt_PKG_CONFIG=/usr/bin/pkg-config
ac_cv_path_install='/usr/bin/install -c'
ac_cv_path_mkdir=/usr/bin/mkdir
ac_cv_prog_AWK=gawk
ac_cv_prog_CPP='gcc -E'
ac_cv_prog_CXXCPP='g++ -E'
ac_cv_prog_ac_ct_AR=ar
ac_cv_prog_ac_ct_CC=gcc
ac_cv_prog_ac_ct_CXX=g++
ac_cv_prog_ac_ct_OBJDUMP=objdump
ac_cv_prog_ac_ct_RANLIB=ranlib
ac_cv_prog_ac_ct_STRIP=strip
ac_cv_prog_cc_c89=
ac_cv_prog_cc_g=yes
ac_cv_prog_cc_gcc_c_o=yes
ac_cv_prog_cxx_g=yes
ac_cv_prog_make_make_set=yes
ac_cv_type__Bool=yes
ac_cv_type_size_t=yes
ac_cv_working_alloca_h=yes
am_cv_CC_dependencies_compiler_type=gcc3
am_cv_CXX_dependencies_compiler_type=gcc3
am_cv_make_support_nested_variables=yes
lt_cv_ar_at_file=@
lt_cv_deplibs_check_method=pass_all
lt_cv_file_magic_cmd='$MAGIC_CMD'
lt_cv_file_magic_test_file=
lt_cv_ld_reload_flag=-r
lt_cv_nm_interface='BSD nm'
lt_cv_objdir=.libs
lt_cv_path_LD=/usr/bin/ld
lt_cv_path_LDCXX=/usr/bin/ld
lt_cv_path_NM='/usr/bin/nm -B'
lt_cv_path_mainfest_tool=no
lt_cv_prog_compiler_c_o=yes
lt_cv_prog_compiler_c_o_CXX=yes
lt_cv_prog_compiler_pic='-fPIC -DPIC'
lt_cv_prog_compiler_pic_CXX='-fPIC -DPIC'
lt_cv_prog_compiler_pic_works=yes
lt_cv_prog_compiler_pic_works_CXX=yes
lt_cv_prog_compiler_rtti_exceptions=no
lt_cv_prog_compiler_static_works=yes
lt_cv_prog_compiler_static_works_CXX=no
lt_cv_prog_gnu_ld=yes
lt_cv_prog_gnu_ldcxx=yes
lt_cv_sharedlib_from_linklib_cmd='printf %s\n'
lt_cv_shlibpath_overrides_runpath=no
lt_cv_sys_global_symbol_pipe='sed -n -e '\''s/^.*[	 ]\([ABCDGIRSTW][ABCDGIRSTW]*\)[	 ][	 ]*\([_A-Za-z][_A-Za-z0-9]*\)$/\1 \2 \2/p'\'' | sed '\''/ __gnu_lto/d'\'''
lt_cv_sys_global_symbol_to_c_name_address='sed -n -e '\''s/^: \([^ ]*\)[ ]*$/  {\"\1\", (void *) 0},/p'\'' -e '\''s/^[ABCDGIRSTW]* \([^ ]*\) \([^ ]*\)$/  {"\2", (void *) \&\2},/p'\'''
lt_cv_sys_global_symbol_to_c_name_address_lib_prefix='sed -n -e '\''s/^: \([^ ]*\)[ ]*$/  {\"\1\", (void *) 0},/p'\'' -e '\''s/^[ABCDGIRSTW]* \([^ ]*\) \(lib[^ ]*\)$/  {"\2", (void *) \&\2},/p'\'' -e '\''s/^[ABCDGIRSTW]* \([^ ]*\) \([^ ]*\)$/  {"lib\2", (void *) \&\2},/p'\'''
lt_cv_sys_global_symbol_to_cdecl='sed -n -e '\''s/^T .* \(.*\)$/extern int \1();/p'\'' -e '\''s/^[ABCDGIRSTW]* .* \(.*\)$/extern char \1;/p'\'''
lt_cv_sys_max_cmd_len=1572864
lt_cv_to_host_file_cmd=func_convert_file_noop
lt_cv_to_tool_file_cmd=func_convert_file_noop
pkg_cv_X11_CFLAGS=' '
pkg_cv_X11_LIBS='-lX11  '

## ----------------- ##
## Output variables. ##
## ----------------- ##

ACLOCAL='${SHELL} /home/cac/Projects/OMGWTF2A/ode-0.12/missing aclocal-1.13'
ALLOCA=''
AMDEPBACKSLASH='\'
AMDEP_FALSE='#'
AMDEP_TRUE=''
AMTAR='$${TAR-tar}'
AM_BACKSLASH='\'
AM_DEFAULT_V='$(AM_DEFAULT_VERBOSITY)'
AM_DEFAULT_VERBOSITY='1'
AM_V='$(V)'
AR='ar'
AS='as'
AUTOCONF='${SHELL} /home/cac/Projects/OMGWTF2A/ode-0.12/missing autoconf'
AUTOHEADER='${SHELL} /home/cac/Projects/OMGWTF2A/ode-0.12/missing autoheader'
AUTOMAKE='${SHELL} /home/cac/Projects/OMGWTF2A/ode-0.12/missing automake-1.13'
AWK='gawk'
CC='gcc'
CCDEPMODE='depmode=gcc3'
CFLAGS='-g -O2'
CPP='gcc -E'
CPPFLAGS=' -DdSINGLE'
CXX='g++'
CXXCPP='g++ -E'
CXXDEPMODE='depmode=gcc3'
CXXFLAGS='-g -O2'
CYGPATH_W='echo'
DEFS='-DHAVE_CONFIG_H'
DEPDIR='.deps'
DLLTOOL='false'
DSYMUTIL=''
DUMPBIN=''
ECHO_C=''
ECHO_N='-n'
ECHO_T=''
EGREP='/usr/bin/grep -E'
ENABLE_DEMOS_FALSE='#'
ENABLE_DEMOS_TRUE=''
ENABLE_DRAWSTUFF_FALSE='#'
ENABLE_DRAWSTUFF_TRUE=''
ENABLE_OU_FALSE=''
ENABLE_OU_TRUE='#'
EXEEXT=''
EXTRA_LIBTOOL_LDFLAGS=''
FGREP='/usr/bin/grep -F'
GIMPACT_FALSE=''
GIMPACT_TRUE='#'
GL_LIBS='-lGLU -lGL'
GREP='/usr/bin/grep'
INSTALL_DATA='${INSTALL} -m 644'
INSTALL_PROGRAM='${INSTALL}'
INSTALL_SCRIPT='${INSTALL}'
INSTALL_STRIP_PROGRAM='$(install_sh) -c -s'
LD='/usr/bin/ld'
LDFLAGS=''
LIBCCD_BOX_CYL_FALSE=''
LIBCCD_BOX_CYL_TRUE='#'
LIBCCD_CAP_CYL_FALSE=''
LIBCCD_CAP_CYL_TRUE='#'
LIBCCD_CONVEX_BOX_FALSE=''
LIBCCD_CONVEX_BOX_TRUE='#'
LIBCCD_CONVEX_CAP_FALSE=''
LIBCCD_CONVEX_CAP_TRUE='#'
LIBCCD_CONVEX_CONVEX_FALSE=''
LIBCCD_CONVEX_CONVEX_TRUE='#'
LIBCCD_CONVEX_CYL_FALSE=''
LIBCCD_CONVEX_CYL_TRUE='#'
LIBCCD_CONVEX_SPHERE_FALSE=''
LIBCCD_CONVEX_SPHERE_TRUE='#'
LIBCCD_CYL_CYL_FALSE=''
LIBCCD_CYL_CYL_TRUE='#'
LIBCCD_FALSE=''
LIBCCD_TRUE='#'
LIBOBJS=''
LIBS='-lm  -lpthread'
LIBSTDCXX='-lstdc++'
LIBTOOL='$(SHELL) $(top_builddir)/libtool'
LIPO=''
LN_S='ln -s'
LTLIBOBJS=''
MAKEINFO='${SHELL} /home/cac/Projects/OMGWTF2A/ode-0.12/missing makeinfo'
MANIFEST_TOOL=':'
MKDIR_P='/usr/bin/mkdir -p'
NM='/usr/bin/nm -B'
NMEDIT=''
OBJDUMP='objdump'
OBJEXT='o'
ODE_PRECISION='-DdSINGLE'
ODE_RELEASE='0.12'
ODE_VERSION_INFO='-version-info 3:0:0'
OPCODE_FALSE='#'
OPCODE_TRUE=''
OSX_FALSE=''
OSX_TRUE='#'
OTOOL64=''
OTOOL=''
PACKAGE='ode'
PACKAGE_BUGREPORT='ode@ode.org'
PACKAGE_NAME='ODE'
PACKAGE_STRING='ODE 0.12'
PACKAGE_TARNAME='ode'
PACKAGE_URL=''
PACKAGE_VERSION='0.12'
PATH_SEPARATOR=':'
PKG_CONFIG='/usr/bin/pkg-config'
PKG_CONFIG_LIBDIR=''
PKG_CONFIG_PATH=''
RANLIB='ranlib'
SED='/usr/bin/sed'
SET_MAKE=''
SHELL='/bin/sh'
STRIP='strip'
TRIMESH_FALSE='#'
TRIMESH_TRUE=''
VERSION='0.12'
WIN32_FALSE=''
WIN32_TRUE='#'
WINDRES=''
X11_CFLAGS=' '
X11_FALSE='#'
X11_LIBS='-lX11  '
X11_TRUE=''
X86_64_SYSTEM_FALSE=''
X86_64_SYSTEM_TRUE='#'
ac_ct_AR='ar'
ac_ct_CC='gcc'
ac_ct_CXX='g++'
ac_ct_DUMPBIN=''
ac_ct_WINDRES=''
am__EXEEXT_FALSE=''
am__EXEEXT_TRUE='#'
am__fastdepCC_FALSE='#'
am__fastdepCC_TRUE=''
am__fastdepCXX_FALSE='#'
am__fastdepCXX_TRUE=''
am__include='include'
am__isrc=''
am__leading_dot='.'
am__nodep='_no'
am__quote=''
am__tar='$${TAR-tar} chof - "$$tardir"'
am__untar='$${TAR-tar} xf -'
bindir='${exec_prefix}/bin'
build='i686-pc-linux-gnu'
build_alias=''
build_cpu='i686'
build_os='linux-gnu'
build_vendor='pc'
datadir='${datarootdir}'
datarootdir='${prefix}/share'
docdir='${datarootdir}/doc/${PACKAGE_TARNAME}'
dvidir='${docdir}'
exec_prefix='${prefix}'
host='i686-pc-linux-gnu'
host_alias=''
host_cpu='i686'
host_os='linux-gnu'
host_vendor='pc'
htmldir='${docdir}'
includedir='${prefix}/include'
infodir='${datarootdir}/info'
install_sh='${SHELL} /home/cac/Projects/OMGWTF2A/ode-0.12/install-sh'
libdir='${exec_prefix}/lib'
libexecdir='${exec_prefix}/libexec'
localedir='${datarootdir}/locale'
localstatedir='${prefix}/var'
mandir='${datarootdir}/man'
mkdir_p='$(MKDIR_P)'
oldincludedir='/usr/include'
pdfdir='${docdir}'
prefix='/usr/local'
program_transform_name='s,x,x,'
psdir='${docdir}'
sbindir='${exec_prefix}/sbin'
sharedstatedir='${prefix}/com'
subdirs=' ou libccd'
sysconfdir='${prefix}/etc'
target_alias=''

## ----------- ##
## confdefs.h. ##
## ----------- ##

/* confdefs.h */
#define PACKAGE_NAME "ODE"
#define PACKAGE_TARNAME "ode"
#define PACKAGE_VERSION "0.12"
#define PACKAGE_STRING "ODE 0.12"
#define PACKAGE_BUGREPORT "ode@ode.org"
#define PACKAGE_URL ""
#define PACKAGE "ode"
#define VERSION "0.12"
#define STDC_HEADERS 1
#define HAVE_SYS_TYPES_H 1
#define HAVE_SYS_STAT_H 1
#define HAVE_STDLIB_H 1
#define HAVE_STRING_H 1
#define HAVE_MEMORY_H 1
#define HAVE_STRINGS_H 1
#define HAVE_INTTYPES_H 1
#define HAVE_STDINT_H 1
#define HAVE_UNISTD_H 1
#define HAVE_DLFCN_H 1
#define LT_OBJDIR ".libs/"
#define PENTIUM 1
#define HAVE_ALLOCA_H 1
#define HAVE_STDIO_H 1
#define HAVE_INTTYPES_H 1
#define HAVE_STDINT_H 1
#define HAVE_STDLIB_H 1
#define HAVE_MATH_H 1
#define HAVE_STRING_H 1
#define HAVE_STDARG_H 1
#define HAVE_MALLOC_H 1
#define HAVE_FLOAT_H 1
#define HAVE_TIME_H 1
#define HAVE_SYS_TIME_H 1
#define HAVE_LIMITS_H 1
#define HAVE_STDDEF_H 1
#define HAVE_GL_GL_H 1
#define HAVE_GL_GLU_H 1
#define HAVE_GL_GLEXT_H 1
#define HAVE__BOOL 1
#define HAVE_STDBOOL_H 1
#define HAVE_OBSTACK 1
#define HAVE_LIBM 1
#define HAVE_FLOOR 1
#define HAVE_MEMMOVE 1
#define HAVE_MEMSET 1
#define HAVE_SELECT 1
#define HAVE_SQRT 1
#define HAVE_SQRTF 1
#define HAVE_SINF 1
#define HAVE_COSF 1
#define HAVE_FABSF 1
#define HAVE_ATAN2F 1
#define HAVE_FMODF 1
#define HAVE_COPYSIGNF 1
#define HAVE_COPYSIGN 1
#define HAVE_SNPRINTF 1
#define HAVE_VSNPRINTF 1
#define HAVE_GETTIMEOFDAY 1
#define HAVE_ISNAN 1
#define HAVE_ISNANF 1
#define HAVE___ISNAN 1
#define HAVE___ISNANF 1
#define HAVE_STRCHR 1
#define HAVE_STRSTR 1
#define HAVE_ALLOCA_H 1
#define HAVE_ALLOCA 1
#define HAVE_STDLIB_H 1
#define HAVE_MALLOC 1
#define HAVE_OBSTACK 1
#define HAVE_STDLIB_H 1
#define HAVE_REALLOC 1
#define HAVE_SYS_SELECT_H 1
#define HAVE_SYS_SOCKET_H 1
#define SELECT_TYPE_ARG1 int
#define SELECT_TYPE_ARG234 (fd_set *)
#define SELECT_TYPE_ARG5 (struct timeval *)
#define HAVE_VPRINTF 1

configure: exit 0
