This file contains any messages produced by compilers while
running configure, to aid debugging if configure makes a mistake.

It was created by libccd configure 1.0, which was
generated by GNU Autoconf 2.69.  Invocation command line was

  $ ./configure --disable-option-checking --prefix=/usr/local --cache-file=/dev/null --srcdir=.

## --------- ##
## Platform. ##
## --------- ##

hostname = sudo
uname -m = i686
uname -r = 3.9.6-301.fc19.x86_64
uname -s = Linux
uname -v = #1 SMP Mon Jun 17 14:26:26 UTC 2013

/usr/bin/uname -p = i686
/bin/uname -X     = unknown

/bin/arch              = i686
/usr/bin/arch -k       = unknown
/usr/convex/getsysinfo = unknown
/usr/bin/hostinfo      = unknown
/bin/machine           = unknown
/usr/bin/oslevel       = unknown
/bin/universe          = unknown

PATH: /usr/lib64/qt-3.3/bin
PATH: /usr/libexec/lightdm
PATH: /usr/local/bin
PATH: /usr/bin
PATH: /bin
PATH: /usr/local/sbin
PATH: /usr/sbin
PATH: /home/cac/algs4/bin
PATH: /usr/class/cs143/cool/bin
PATH: /usr/local/sbin
PATH: /usr/sbin
PATH: /sbin
PATH: /home/cac/bin


## ----------- ##
## Core tests. ##
## ----------- ##

configure:2446: checking for a BSD-compatible install
configure:2514: result: /usr/bin/install -c
configure:2525: checking whether build environment is sane
configure:2580: result: yes
configure:2731: checking for a thread-safe mkdir -p
configure:2770: result: /usr/bin/mkdir -p
configure:2777: checking for gawk
configure:2793: found /usr/bin/gawk
configure:2804: result: gawk
configure:2815: checking whether make sets $(MAKE)
configure:2837: result: yes
configure:2866: checking whether make supports nested variables
configure:2883: result: yes
configure:3027: checking for g++
configure:3043: found /usr/bin/g++
configure:3054: result: g++
configure:3081: checking for C++ compiler version
configure:3090: g++ --version >&5
g++ (GCC) 4.8.1 20130603 (Red Hat 4.8.1-1)
Copyright (C) 2013 Free Software Foundation, Inc.
This is free software; see the source for copying conditions.  There is NO
warranty; not even for MERCHANTABILITY or FITNESS FOR A PARTICULAR PURPOSE.

configure:3101: $? = 0
configure:3090: g++ -v >&5
Using built-in specs.
COLLECT_GCC=g++
COLLECT_LTO_WRAPPER=/usr/libexec/gcc/x86_64-redhat-linux/4.8.1/lto-wrapper
Target: x86_64-redhat-linux
Configured with: ../configure --prefix=/usr --mandir=/usr/share/man --infodir=/usr/share/info --with-bugurl=http://bugzilla.redhat.com/bugzilla --enable-bootstrap --enable-shared --enable-threads=posix --enable-checking=release --with-system-zlib --enable-__cxa_atexit --disable-libunwind-exceptions --enable-gnu-unique-object --enable-linker-build-id --with-linker-hash-style=gnu --enable-languages=c,c++,objc,obj-c++,java,fortran,ada,go,lto --enable-plugin --enable-initfini-array --enable-java-awt=gtk --disable-dssi --with-java-home=/usr/lib/jvm/java-1.5.0-gcj-1.5.0.0/jre --enable-libgcj-multifile --enable-java-maintainer-mode --with-ecj-jar=/usr/share/java/eclipse-ecj.jar --disable-libjava-multilib --with-isl=/builddir/build/BUILD/gcc-4.8.1-20130603/obj-x86_64-redhat-linux/isl-install --with-cloog=/builddir/build/BUILD/gcc-4.8.1-20130603/obj-x86_64-redhat-linux/cloog-install --with-tune=generic --with-arch_32=i686 --build=x86_64-redhat-linux
Thread model: posix
gcc version 4.8.1 20130603 (Red Hat 4.8.1-1) (GCC) 
configure:3101: $? = 0
configure:3090: g++ -V >&5
g++: error: unrecognized command line option '-V'
g++: fatal error: no input files
compilation terminated.
configure:3101: $? = 4
configure:3090: g++ -qversion >&5
g++: error: unrecognized command line option '-qversion'
g++: fatal error: no input files
compilation terminated.
configure:3101: $? = 4
configure:3121: checking whether the C++ compiler works
configure:3143: g++    conftest.cpp  >&5
configure:3147: $? = 0
configure:3195: result: yes
configure:3198: checking for C++ compiler default output file name
configure:3200: result: a.out
configure:3206: checking for suffix of executables
configure:3213: g++ -o conftest    conftest.cpp  >&5
configure:3217: $? = 0
configure:3239: result: 
configure:3261: checking whether we are cross compiling
configure:3269: g++ -o conftest    conftest.cpp  >&5
configure:3273: $? = 0
configure:3280: ./conftest
configure:3284: $? = 0
configure:3299: result: no
configure:3304: checking for suffix of object files
configure:3326: g++ -c   conftest.cpp >&5
configure:3330: $? = 0
configure:3351: result: o
configure:3355: checking whether we are using the GNU C++ compiler
configure:3374: g++ -c   conftest.cpp >&5
configure:3374: $? = 0
configure:3383: result: yes
configure:3392: checking whether g++ accepts -g
configure:3412: g++ -c -g  conftest.cpp >&5
configure:3412: $? = 0
configure:3453: result: yes
configure:3487: checking for style of include used by make
configure:3515: result: GNU
configure:3541: checking dependency style of g++
configure:3652: result: gcc3
configure:3715: checking for gcc
configure:3731: found /usr/bin/gcc
configure:3742: result: gcc
configure:3971: checking for C compiler version
configure:3980: gcc --version >&5
gcc (GCC) 4.8.1 20130603 (Red Hat 4.8.1-1)
Copyright (C) 2013 Free Software Foundation, Inc.
This is free software; see the source for copying conditions.  There is NO
warranty; not even for MERCHANTABILITY or FITNESS FOR A PARTICULAR PURPOSE.

configure:3991: $? = 0
configure:3980: gcc -v >&5
Using built-in specs.
COLLECT_GCC=gcc
COLLECT_LTO_WRAPPER=/usr/libexec/gcc/x86_64-redhat-linux/4.8.1/lto-wrapper
Target: x86_64-redhat-linux
Configured with: ../configure --prefix=/usr --mandir=/usr/share/man --infodir=/usr/share/info --with-bugurl=http://bugzilla.redhat.com/bugzilla --enable-bootstrap --enable-shared --enable-threads=posix --enable-checking=release --with-system-zlib --enable-__cxa_atexit --disable-libunwind-exceptions --enable-gnu-unique-object --enable-linker-build-id --with-linker-hash-style=gnu --enable-languages=c,c++,objc,obj-c++,java,fortran,ada,go,lto --enable-plugin --enable-initfini-array --enable-java-awt=gtk --disable-dssi --with-java-home=/usr/lib/jvm/java-1.5.0-gcj-1.5.0.0/jre --enable-libgcj-multifile --enable-java-maintainer-mode --with-ecj-jar=/usr/share/java/eclipse-ecj.jar --disable-libjava-multilib --with-isl=/builddir/build/BUILD/gcc-4.8.1-20130603/obj-x86_64-redhat-linux/isl-install --with-cloog=/builddir/build/BUILD/gcc-4.8.1-20130603/obj-x86_64-redhat-linux/cloog-install --with-tune=generic --with-arch_32=i686 --build=x86_64-redhat-linux
Thread model: posix
gcc version 4.8.1 20130603 (Red Hat 4.8.1-1) (GCC) 
configure:3991: $? = 0
configure:3980: gcc -V >&5
gcc: error: unrecognized command line option '-V'
gcc: fatal error: no input files
compilation terminated.
configure:3991: $? = 4
configure:3980: gcc -qversion >&5
gcc: error: unrecognized command line option '-qversion'
gcc: fatal error: no input files
compilation terminated.
configure:3991: $? = 4
configure:3995: checking whether we are using the GNU C compiler
configure:4014: gcc -c   conftest.c >&5
configure:4014: $? = 0
configure:4023: result: yes
configure:4032: checking whether gcc accepts -g
configure:4052: gcc -c -g  conftest.c >&5
configure:4052: $? = 0
configure:4093: result: yes
configure:4110: checking for gcc option to accept ISO C89
configure:4173: gcc  -c -g -O2  conftest.c >&5
configure:4173: $? = 0
configure:4186: result: none needed
configure:4208: checking dependency style of gcc
configure:4319: result: gcc3
configure:4395: checking build system type
configure:4409: result: i686-pc-linux-gnu
configure:4429: checking host system type
configure:4442: result: i686-pc-linux-gnu
configure:4483: checking how to print strings
configure:4510: result: printf
configure:4531: checking for a sed that does not truncate output
configure:4595: result: /usr/bin/sed
configure:4613: checking for grep that handles long lines and -e
configure:4671: result: /usr/bin/grep
configure:4676: checking for egrep
configure:4738: result: /usr/bin/grep -E
configure:4743: checking for fgrep
configure:4805: result: /usr/bin/grep -F
configure:4840: checking for ld used by gcc
configure:4907: result: /usr/bin/ld
configure:4914: checking if the linker (/usr/bin/ld) is GNU ld
configure:4929: result: yes
configure:4941: checking for BSD- or MS-compatible name lister (nm)
configure:4990: result: /usr/bin/nm -B
configure:5120: checking the name lister (/usr/bin/nm -B) interface
configure:5127: gcc -c -g -O2  conftest.c >&5
configure:5130: /usr/bin/nm -B "conftest.o"
configure:5133: output
0000000000000000 B some_variable
configure:5140: result: BSD nm
configure:5143: checking whether ln -s works
configure:5147: result: yes
configure:5155: checking the maximum length of command line arguments
configure:5285: result: 1572864
configure:5302: checking whether the shell understands some XSI constructs
configure:5312: result: yes
configure:5316: checking whether the shell understands "+="
configure:5322: result: yes
configure:5357: checking how to convert i686-pc-linux-gnu file names to i686-pc-linux-gnu format
configure:5397: result: func_convert_file_noop
configure:5404: checking how to convert i686-pc-linux-gnu file names to toolchain format
configure:5424: result: func_convert_file_noop
configure:5431: checking for /usr/bin/ld option to reload object files
configure:5438: result: -r
configure:5512: checking for objdump
configure:5528: found /usr/bin/objdump
configure:5539: result: objdump
configure:5571: checking how to recognize dependent libraries
configure:5773: result: pass_all
configure:5858: checking for dlltool
configure:5888: result: no
configure:5918: checking how to associate runtime and link libraries
configure:5945: result: printf %s\n
configure:6006: checking for ar
configure:6022: found /usr/bin/ar
configure:6033: result: ar
configure:6070: checking for archiver @FILE support
configure:6087: gcc -c -g -O2  conftest.c >&5
configure:6087: $? = 0
configure:6090: ar cru libconftest.a @conftest.lst >&5
configure:6093: $? = 0
configure:6098: ar cru libconftest.a @conftest.lst >&5
ar: conftest.o: No such file or directory
configure:6101: $? = 1
configure:6113: result: @
configure:6171: checking for strip
configure:6187: found /usr/bin/strip
configure:6198: result: strip
configure:6270: checking for ranlib
configure:6286: found /usr/bin/ranlib
configure:6297: result: ranlib
configure:6399: checking command to parse /usr/bin/nm -B output from gcc object
configure:6519: gcc -c -g -O2  conftest.c >&5
configure:6522: $? = 0
configure:6526: /usr/bin/nm -B conftest.o \| sed -n -e 's/^.*[ ]\([ABCDGIRSTW][ABCDGIRSTW]*\)[ ][ ]*\([_A-Za-z][_A-Za-z0-9]*\)$/\1 \2 \2/p' | sed '/ __gnu_lto/d' \> conftest.nm
configure:6529: $? = 0
configure:6595: gcc -o conftest -g -O2   conftest.c conftstm.o >&5
configure:6598: $? = 0
configure:6636: result: ok
configure:6673: checking for sysroot
configure:6703: result: no
configure:6959: checking for mt
configure:6989: result: no
configure:7009: checking if : is a manifest tool
configure:7015: : '-?'
configure:7023: result: no
configure:7665: checking how to run the C preprocessor
configure:7696: gcc -E  conftest.c
configure:7696: $? = 0
configure:7710: gcc -E  conftest.c
conftest.c:11:28: fatal error: ac_nonexistent.h: No such file or directory
 #include <ac_nonexistent.h>
                            ^
compilation terminated.
configure:7710: $? = 1
configure: failed program was:
| /* confdefs.h */
| #define PACKAGE_NAME "libccd"
| #define PACKAGE_TARNAME "libccd"
| #define PACKAGE_VERSION "1.0"
| #define PACKAGE_STRING "libccd 1.0"
| #define PACKAGE_BUGREPORT "danfis@danfis.cz"
| #define PACKAGE_URL ""
| #define PACKAGE "libccd"
| #define VERSION "1.0"
| /* end confdefs.h.  */
| #include <ac_nonexistent.h>
configure:7735: result: gcc -E
configure:7755: gcc -E  conftest.c
configure:7755: $? = 0
configure:7769: gcc -E  conftest.c
conftest.c:11:28: fatal error: ac_nonexistent.h: No such file or directory
 #include <ac_nonexistent.h>
                            ^
compilation terminated.
configure:7769: $? = 1
configure: failed program was:
| /* confdefs.h */
| #define PACKAGE_NAME "libccd"
| #define PACKAGE_TARNAME "libccd"
| #define PACKAGE_VERSION "1.0"
| #define PACKAGE_STRING "libccd 1.0"
| #define PACKAGE_BUGREPORT "danfis@danfis.cz"
| #define PACKAGE_URL ""
| #define PACKAGE "libccd"
| #define VERSION "1.0"
| /* end confdefs.h.  */
| #include <ac_nonexistent.h>
configure:7798: checking for ANSI C header files
configure:7818: gcc -c -g -O2  conftest.c >&5
configure:7818: $? = 0
configure:7891: gcc -o conftest -g -O2   conftest.c  >&5
configure:7891: $? = 0
configure:7891: ./conftest
configure:7891: $? = 0
configure:7902: result: yes
configure:7915: checking for sys/types.h
configure:7915: gcc -c -g -O2  conftest.c >&5
configure:7915: $? = 0
configure:7915: result: yes
configure:7915: checking for sys/stat.h
configure:7915: gcc -c -g -O2  conftest.c >&5
configure:7915: $? = 0
configure:7915: result: yes
configure:7915: checking for stdlib.h
configure:7915: gcc -c -g -O2  conftest.c >&5
configure:7915: $? = 0
configure:7915: result: yes
configure:7915: checking for string.h
configure:7915: gcc -c -g -O2  conftest.c >&5
configure:7915: $? = 0
configure:7915: result: yes
configure:7915: checking for memory.h
configure:7915: gcc -c -g -O2  conftest.c >&5
configure:7915: $? = 0
configure:7915: result: yes
configure:7915: checking for strings.h
configure:7915: gcc -c -g -O2  conftest.c >&5
configure:7915: $? = 0
configure:7915: result: yes
configure:7915: checking for inttypes.h
configure:7915: gcc -c -g -O2  conftest.c >&5
configure:7915: $? = 0
configure:7915: result: yes
configure:7915: checking for stdint.h
configure:7915: gcc -c -g -O2  conftest.c >&5
configure:7915: $? = 0
configure:7915: result: yes
configure:7915: checking for unistd.h
configure:7915: gcc -c -g -O2  conftest.c >&5
configure:7915: $? = 0
configure:7915: result: yes
configure:7929: checking for dlfcn.h
configure:7929: gcc -c -g -O2  conftest.c >&5
configure:7929: $? = 0
configure:7929: result: yes
configure:8116: checking for objdir
configure:8131: result: .libs
configure:8398: checking if gcc supports -fno-rtti -fno-exceptions
configure:8416: gcc -c -g -O2  -fno-rtti -fno-exceptions conftest.c >&5
cc1: warning: command line option '-fno-rtti' is valid for C++/ObjC++ but not for C [enabled by default]
configure:8420: $? = 0
configure:8433: result: no
configure:8760: checking for gcc option to produce PIC
configure:8767: result: -fPIC -DPIC
configure:8775: checking if gcc PIC flag -fPIC -DPIC works
configure:8793: gcc -c -g -O2  -fPIC -DPIC -DPIC conftest.c >&5
configure:8797: $? = 0
configure:8810: result: yes
configure:8839: checking if gcc static flag -static works
configure:8867: result: yes
configure:8882: checking if gcc supports -c -o file.o
configure:8903: gcc -c -g -O2  -o out/conftest2.o conftest.c >&5
configure:8907: $? = 0
configure:8929: result: yes
configure:8937: checking if gcc supports -c -o file.o
configure:8984: result: yes
configure:9017: checking whether the gcc linker (/usr/bin/ld) supports shared libraries
configure:10170: result: yes
configure:10410: checking dynamic linker characteristics
configure:10921: gcc -o conftest -g -O2   -Wl,-rpath -Wl,/foo conftest.c  >&5
configure:10921: $? = 0
configure:11147: result: GNU/Linux ld.so
configure:11254: checking how to hardcode library paths into programs
configure:11279: result: immediate
configure:11819: checking whether stripping libraries is possible
configure:11824: result: yes
configure:11859: checking if libtool supports shared libraries
configure:11861: result: yes
configure:11864: checking whether to build shared libraries
configure:11885: result: no
configure:11888: checking whether to build static libraries
configure:11892: result: yes
configure:11915: checking how to run the C++ preprocessor
configure:11942: g++ -E  conftest.cpp
configure:11942: $? = 0
configure:11956: g++ -E  conftest.cpp
conftest.cpp:23:28: fatal error: ac_nonexistent.h: No such file or directory
 #include <ac_nonexistent.h>
                            ^
compilation terminated.
configure:11956: $? = 1
configure: failed program was:
| /* confdefs.h */
| #define PACKAGE_NAME "libccd"
| #define PACKAGE_TARNAME "libccd"
| #define PACKAGE_VERSION "1.0"
| #define PACKAGE_STRING "libccd 1.0"
| #define PACKAGE_BUGREPORT "danfis@danfis.cz"
| #define PACKAGE_URL ""
| #define PACKAGE "libccd"
| #define VERSION "1.0"
| #define STDC_HEADERS 1
| #define HAVE_SYS_TYPES_H 1
| #define HAVE_SYS_STAT_H 1
| #define HAVE_STDLIB_H 1
| #define HAVE_STRING_H 1
| #define HAVE_MEMORY_H 1
| #define HAVE_STRINGS_H 1
| #define HAVE_INTTYPES_H 1
| #define HAVE_STDINT_H 1
| #define HAVE_UNISTD_H 1
| #define HAVE_DLFCN_H 1
| #define LT_OBJDIR ".libs/"
| /* end confdefs.h.  */
| #include <ac_nonexistent.h>
configure:11981: result: g++ -E
configure:12001: g++ -E  conftest.cpp
configure:12001: $? = 0
configure:12015: g++ -E  conftest.cpp
conftest.cpp:23:28: fatal error: ac_nonexistent.h: No such file or directory
 #include <ac_nonexistent.h>
                            ^
compilation terminated.
configure:12015: $? = 1
configure: failed program was:
| /* confdefs.h */
| #define PACKAGE_NAME "libccd"
| #define PACKAGE_TARNAME "libccd"
| #define PACKAGE_VERSION "1.0"
| #define PACKAGE_STRING "libccd 1.0"
| #define PACKAGE_BUGREPORT "danfis@danfis.cz"
| #define PACKAGE_URL ""
| #define PACKAGE "libccd"
| #define VERSION "1.0"
| #define STDC_HEADERS 1
| #define HAVE_SYS_TYPES_H 1
| #define HAVE_SYS_STAT_H 1
| #define HAVE_STDLIB_H 1
| #define HAVE_STRING_H 1
| #define HAVE_MEMORY_H 1
| #define HAVE_STRINGS_H 1
| #define HAVE_INTTYPES_H 1
| #define HAVE_STDINT_H 1
| #define HAVE_UNISTD_H 1
| #define HAVE_DLFCN_H 1
| #define LT_OBJDIR ".libs/"
| /* end confdefs.h.  */
| #include <ac_nonexistent.h>
configure:12184: checking for ld used by g++
configure:12251: result: /usr/bin/ld
configure:12258: checking if the linker (/usr/bin/ld) is GNU ld
configure:12273: result: yes
configure:12328: checking whether the g++ linker (/usr/bin/ld) supports shared libraries
configure:13333: result: yes
configure:13369: g++ -c -g -O2  conftest.cpp >&5
configure:13372: $? = 0
configure:13892: checking for g++ option to produce PIC
configure:13899: result: -fPIC -DPIC
configure:13907: checking if g++ PIC flag -fPIC -DPIC works
configure:13925: g++ -c -g -O2  -fPIC -DPIC -DPIC conftest.cpp >&5
configure:13929: $? = 0
configure:13942: result: yes
configure:13965: checking if g++ static flag -static works
configure:13993: result: no
configure:14005: checking if g++ supports -c -o file.o
configure:14026: g++ -c -g -O2  -o out/conftest2.o conftest.cpp >&5
configure:14030: $? = 0
configure:14052: result: yes
configure:14057: checking if g++ supports -c -o file.o
configure:14104: result: yes
configure:14134: checking whether the g++ linker (/usr/bin/ld) supports shared libraries
configure:14170: result: yes
configure:14311: checking dynamic linker characteristics
configure:14982: result: GNU/Linux ld.so
configure:15035: checking how to hardcode library paths into programs
configure:15060: result: immediate
configure:15123: checking for main in -lm
configure:15142: gcc -o conftest -g -O2   conftest.c -lm   >&5
configure:15142: $? = 0
configure:15151: result: yes
configure:15163: checking for main in -lrt
configure:15182: gcc -o conftest -g -O2   conftest.c -lrt  -lm  >&5
configure:15182: $? = 0
configure:15191: result: yes
configure:15207: checking float.h usability
configure:15207: gcc -c -g -O2  conftest.c >&5
configure:15207: $? = 0
configure:15207: result: yes
configure:15207: checking float.h presence
configure:15207: gcc -E  conftest.c
configure:15207: $? = 0
configure:15207: result: yes
configure:15207: checking for float.h
configure:15207: result: yes
configure:15207: checking for stdlib.h
configure:15207: result: yes
configure:15207: checking for string.h
configure:15207: result: yes
configure:15207: checking for unistd.h
configure:15207: result: yes
configure:15219: checking for size_t
configure:15219: gcc -c -g -O2  conftest.c >&5
configure:15219: $? = 0
configure:15219: gcc -c -g -O2  conftest.c >&5
conftest.c: In function 'main':
conftest.c:65:21: error: expected expression before ')' token
 if (sizeof ((size_t)))
                     ^
configure:15219: $? = 1
configure: failed program was:
| /* confdefs.h */
| #define PACKAGE_NAME "libccd"
| #define PACKAGE_TARNAME "libccd"
| #define PACKAGE_VERSION "1.0"
| #define PACKAGE_STRING "libccd 1.0"
| #define PACKAGE_BUGREPORT "danfis@danfis.cz"
| #define PACKAGE_URL ""
| #define PACKAGE "libccd"
| #define VERSION "1.0"
| #define STDC_HEADERS 1
| #define HAVE_SYS_TYPES_H 1
| #define HAVE_SYS_STAT_H 1
| #define HAVE_STDLIB_H 1
| #define HAVE_STRING_H 1
| #define HAVE_MEMORY_H 1
| #define HAVE_STRINGS_H 1
| #define HAVE_INTTYPES_H 1
| #define HAVE_STDINT_H 1
| #define HAVE_UNISTD_H 1
| #define HAVE_DLFCN_H 1
| #define LT_OBJDIR ".libs/"
| #define HAVE_LIBM 1
| #define HAVE_LIBRT 1
| #define HAVE_FLOAT_H 1
| #define HAVE_STDLIB_H 1
| #define HAVE_STRING_H 1
| #define HAVE_UNISTD_H 1
| /* end confdefs.h.  */
| #include <stdio.h>
| #ifdef HAVE_SYS_TYPES_H
| # include <sys/types.h>
| #endif
| #ifdef HAVE_SYS_STAT_H
| # include <sys/stat.h>
| #endif
| #ifdef STDC_HEADERS
| # include <stdlib.h>
| # include <stddef.h>
| #else
| # ifdef HAVE_STDLIB_H
| #  include <stdlib.h>
| # endif
| #endif
| #ifdef HAVE_STRING_H
| # if !defined STDC_HEADERS && defined HAVE_MEMORY_H
| #  include <memory.h>
| # endif
| # include <string.h>
| #endif
| #ifdef HAVE_STRINGS_H
| # include <strings.h>
| #endif
| #ifdef HAVE_INTTYPES_H
| # include <inttypes.h>
| #endif
| #ifdef HAVE_STDINT_H
| # include <stdint.h>
| #endif
| #ifdef HAVE_UNISTD_H
| # include <unistd.h>
| #endif
| int
| main ()
| {
| if (sizeof ((size_t)))
| 	    return 0;
|   ;
|   return 0;
| }
configure:15219: result: yes
configure:15232: checking for pid_t
configure:15232: gcc -c -g -O2  conftest.c >&5
configure:15232: $? = 0
configure:15232: gcc -c -g -O2  conftest.c >&5
conftest.c: In function 'main':
conftest.c:65:20: error: expected expression before ')' token
 if (sizeof ((pid_t)))
                    ^
configure:15232: $? = 1
configure: failed program was:
| /* confdefs.h */
| #define PACKAGE_NAME "libccd"
| #define PACKAGE_TARNAME "libccd"
| #define PACKAGE_VERSION "1.0"
| #define PACKAGE_STRING "libccd 1.0"
| #define PACKAGE_BUGREPORT "danfis@danfis.cz"
| #define PACKAGE_URL ""
| #define PACKAGE "libccd"
| #define VERSION "1.0"
| #define STDC_HEADERS 1
| #define HAVE_SYS_TYPES_H 1
| #define HAVE_SYS_STAT_H 1
| #define HAVE_STDLIB_H 1
| #define HAVE_STRING_H 1
| #define HAVE_MEMORY_H 1
| #define HAVE_STRINGS_H 1
| #define HAVE_INTTYPES_H 1
| #define HAVE_STDINT_H 1
| #define HAVE_UNISTD_H 1
| #define HAVE_DLFCN_H 1
| #define LT_OBJDIR ".libs/"
| #define HAVE_LIBM 1
| #define HAVE_LIBRT 1
| #define HAVE_FLOAT_H 1
| #define HAVE_STDLIB_H 1
| #define HAVE_STRING_H 1
| #define HAVE_UNISTD_H 1
| /* end confdefs.h.  */
| #include <stdio.h>
| #ifdef HAVE_SYS_TYPES_H
| # include <sys/types.h>
| #endif
| #ifdef HAVE_SYS_STAT_H
| # include <sys/stat.h>
| #endif
| #ifdef STDC_HEADERS
| # include <stdlib.h>
| # include <stddef.h>
| #else
| # ifdef HAVE_STDLIB_H
| #  include <stdlib.h>
| # endif
| #endif
| #ifdef HAVE_STRING_H
| # if !defined STDC_HEADERS && defined HAVE_MEMORY_H
| #  include <memory.h>
| # endif
| # include <string.h>
| #endif
| #ifdef HAVE_STRINGS_H
| # include <strings.h>
| #endif
| #ifdef HAVE_INTTYPES_H
| # include <inttypes.h>
| #endif
| #ifdef HAVE_STDINT_H
| # include <stdint.h>
| #endif
| #ifdef HAVE_UNISTD_H
| # include <unistd.h>
| #endif
| int
| main ()
| {
| if (sizeof ((pid_t)))
| 	    return 0;
|   ;
|   return 0;
| }
configure:15232: result: yes
configure:15245: checking vfork.h usability
configure:15245: gcc -c -g -O2  conftest.c >&5
conftest.c:62:19: fatal error: vfork.h: No such file or directory
 #include <vfork.h>
                   ^
compilation terminated.
configure:15245: $? = 1
configure: failed program was:
| /* confdefs.h */
| #define PACKAGE_NAME "libccd"
| #define PACKAGE_TARNAME "libccd"
| #define PACKAGE_VERSION "1.0"
| #define PACKAGE_STRING "libccd 1.0"
| #define PACKAGE_BUGREPORT "danfis@danfis.cz"
| #define PACKAGE_URL ""
| #define PACKAGE "libccd"
| #define VERSION "1.0"
| #define STDC_HEADERS 1
| #define HAVE_SYS_TYPES_H 1
| #define HAVE_SYS_STAT_H 1
| #define HAVE_STDLIB_H 1
| #define HAVE_STRING_H 1
| #define HAVE_MEMORY_H 1
| #define HAVE_STRINGS_H 1
| #define HAVE_INTTYPES_H 1
| #define HAVE_STDINT_H 1
| #define HAVE_UNISTD_H 1
| #define HAVE_DLFCN_H 1
| #define LT_OBJDIR ".libs/"
| #define HAVE_LIBM 1
| #define HAVE_LIBRT 1
| #define HAVE_FLOAT_H 1
| #define HAVE_STDLIB_H 1
| #define HAVE_STRING_H 1
| #define HAVE_UNISTD_H 1
| /* end confdefs.h.  */
| #include <stdio.h>
| #ifdef HAVE_SYS_TYPES_H
| # include <sys/types.h>
| #endif
| #ifdef HAVE_SYS_STAT_H
| # include <sys/stat.h>
| #endif
| #ifdef STDC_HEADERS
| # include <stdlib.h>
| # include <stddef.h>
| #else
| # ifdef HAVE_STDLIB_H
| #  include <stdlib.h>
| # endif
| #endif
| #ifdef HAVE_STRING_H
| # if !defined STDC_HEADERS && defined HAVE_MEMORY_H
| #  include <memory.h>
| # endif
| # include <string.h>
| #endif
| #ifdef HAVE_STRINGS_H
| # include <strings.h>
| #endif
| #ifdef HAVE_INTTYPES_H
| # include <inttypes.h>
| #endif
| #ifdef HAVE_STDINT_H
| # include <stdint.h>
| #endif
| #ifdef HAVE_UNISTD_H
| # include <unistd.h>
| #endif
| #include <vfork.h>
configure:15245: result: no
configure:15245: checking vfork.h presence
configure:15245: gcc -E  conftest.c
conftest.c:29:19: fatal error: vfork.h: No such file or directory
 #include <vfork.h>
                   ^
compilation terminated.
configure:15245: $? = 1
configure: failed program was:
| /* confdefs.h */
| #define PACKAGE_NAME "libccd"
| #define PACKAGE_TARNAME "libccd"
| #define PACKAGE_VERSION "1.0"
| #define PACKAGE_STRING "libccd 1.0"
| #define PACKAGE_BUGREPORT "danfis@danfis.cz"
| #define PACKAGE_URL ""
| #define PACKAGE "libccd"
| #define VERSION "1.0"
| #define STDC_HEADERS 1
| #define HAVE_SYS_TYPES_H 1
| #define HAVE_SYS_STAT_H 1
| #define HAVE_STDLIB_H 1
| #define HAVE_STRING_H 1
| #define HAVE_MEMORY_H 1
| #define HAVE_STRINGS_H 1
| #define HAVE_INTTYPES_H 1
| #define HAVE_STDINT_H 1
| #define HAVE_UNISTD_H 1
| #define HAVE_DLFCN_H 1
| #define LT_OBJDIR ".libs/"
| #define HAVE_LIBM 1
| #define HAVE_LIBRT 1
| #define HAVE_FLOAT_H 1
| #define HAVE_STDLIB_H 1
| #define HAVE_STRING_H 1
| #define HAVE_UNISTD_H 1
| /* end confdefs.h.  */
| #include <vfork.h>
configure:15245: result: no
configure:15245: checking for vfork.h
configure:15245: result: no
configure:15258: checking for fork
configure:15258: gcc -o conftest -g -O2   conftest.c -lrt -lm  >&5
conftest.c:52:6: warning: conflicting types for built-in function 'fork' [enabled by default]
 char fork ();
      ^
configure:15258: $? = 0
configure:15258: result: yes
configure:15258: checking for vfork
configure:15258: gcc -o conftest -g -O2   conftest.c -lrt -lm  >&5
configure:15258: $? = 0
configure:15258: result: yes
configure:15268: checking for working fork
configure:15290: gcc -o conftest -g -O2   conftest.c -lrt -lm  >&5
configure:15290: $? = 0
configure:15290: ./conftest
configure:15290: $? = 0
configure:15300: result: yes
configure:15321: checking for working vfork
configure:15431: result: yes
configure:15458: checking for stdlib.h
configure:15458: result: yes
configure:15468: checking for GNU libc compatible realloc
configure:15492: gcc -o conftest -g -O2   conftest.c -lrt -lm  >&5
configure:15492: $? = 0
configure:15492: ./conftest
configure:15492: $? = 0
configure:15502: result: yes
configure:15525: checking for clock_gettime
configure:15525: gcc -o conftest -g -O2   conftest.c -lrt -lm  >&5
configure:15525: $? = 0
configure:15525: result: yes
configure:15664: checking that generated files are newer than configure
configure:15670: result: done
configure:15697: creating ./config.status

## ---------------------- ##
## Running config.status. ##
## ---------------------- ##

This file was extended by libccd config.status 1.0, which was
generated by GNU Autoconf 2.69.  Invocation command line was

  CONFIG_FILES    = 
  CONFIG_HEADERS  = 
  CONFIG_LINKS    = 
  CONFIG_COMMANDS = 
  $ ./config.status 

on sudo

config.status:1160: creating Makefile
config.status:1160: creating src/Makefile
config.status:1160: creating src/testsuites/Makefile
config.status:1160: creating src/testsuites/cu/Makefile
config.status:1160: creating src/ccd/config.h
config.status:1341: src/ccd/config.h is unchanged
config.status:1389: executing depfiles commands
config.status:1389: executing libtool commands

## ---------------- ##
## Cache variables. ##
## ---------------- ##

ac_cv_build=i686-pc-linux-gnu
ac_cv_c_compiler_gnu=yes
ac_cv_cxx_compiler_gnu=yes
ac_cv_env_CCC_set=
ac_cv_env_CCC_value=
ac_cv_env_CC_set=
ac_cv_env_CC_value=
ac_cv_env_CFLAGS_set=
ac_cv_env_CFLAGS_value=
ac_cv_env_CPPFLAGS_set=
ac_cv_env_CPPFLAGS_value=
ac_cv_env_CPP_set=
ac_cv_env_CPP_value=
ac_cv_env_CXXCPP_set=
ac_cv_env_CXXCPP_value=
ac_cv_env_CXXFLAGS_set=
ac_cv_env_CXXFLAGS_value=
ac_cv_env_CXX_set=
ac_cv_env_CXX_value=
ac_cv_env_LDFLAGS_set=
ac_cv_env_LDFLAGS_value=
ac_cv_env_LIBS_set=
ac_cv_env_LIBS_value=
ac_cv_env_build_alias_set=
ac_cv_env_build_alias_value=
ac_cv_env_host_alias_set=
ac_cv_env_host_alias_value=
ac_cv_env_target_alias_set=
ac_cv_env_target_alias_value=
ac_cv_func_clock_gettime=yes
ac_cv_func_fork=yes
ac_cv_func_fork_works=yes
ac_cv_func_realloc_0_nonnull=yes
ac_cv_func_vfork=yes
ac_cv_func_vfork_works=yes
ac_cv_header_dlfcn_h=yes
ac_cv_header_float_h=yes
ac_cv_header_inttypes_h=yes
ac_cv_header_memory_h=yes
ac_cv_header_stdc=yes
ac_cv_header_stdint_h=yes
ac_cv_header_stdlib_h=yes
ac_cv_header_string_h=yes
ac_cv_header_strings_h=yes
ac_cv_header_sys_stat_h=yes
ac_cv_header_sys_types_h=yes
ac_cv_header_unistd_h=yes
ac_cv_header_vfork_h=no
ac_cv_host=i686-pc-linux-gnu
ac_cv_lib_m_main=yes
ac_cv_lib_rt_main=yes
ac_cv_objext=o
ac_cv_path_EGREP='/usr/bin/grep -E'
ac_cv_path_FGREP='/usr/bin/grep -F'
ac_cv_path_GREP=/usr/bin/grep
ac_cv_path_SED=/usr/bin/sed
ac_cv_path_install='/usr/bin/install -c'
ac_cv_path_mkdir=/usr/bin/mkdir
ac_cv_prog_AWK=gawk
ac_cv_prog_CPP='gcc -E'
ac_cv_prog_CXXCPP='g++ -E'
ac_cv_prog_ac_ct_AR=ar
ac_cv_prog_ac_ct_CC=gcc
ac_cv_prog_ac_ct_CXX=g++
ac_cv_prog_ac_ct_OBJDUMP=objdump
ac_cv_prog_ac_ct_RANLIB=ranlib
ac_cv_prog_ac_ct_STRIP=strip
ac_cv_prog_cc_c89=
ac_cv_prog_cc_g=yes
ac_cv_prog_cxx_g=yes
ac_cv_prog_make_make_set=yes
ac_cv_type_pid_t=yes
ac_cv_type_size_t=yes
am_cv_CC_dependencies_compiler_type=gcc3
am_cv_CXX_dependencies_compiler_type=gcc3
am_cv_make_support_nested_variables=yes
lt_cv_ar_at_file=@
lt_cv_deplibs_check_method=pass_all
lt_cv_file_magic_cmd='$MAGIC_CMD'
lt_cv_file_magic_test_file=
lt_cv_ld_reload_flag=-r
lt_cv_nm_interface='BSD nm'
lt_cv_objdir=.libs
lt_cv_path_LD=/usr/bin/ld
lt_cv_path_LDCXX=/usr/bin/ld
lt_cv_path_NM='/usr/bin/nm -B'
lt_cv_path_mainfest_tool=no
lt_cv_prog_compiler_c_o=yes
lt_cv_prog_compiler_c_o_CXX=yes
lt_cv_prog_compiler_pic='-fPIC -DPIC'
lt_cv_prog_compiler_pic_CXX='-fPIC -DPIC'
lt_cv_prog_compiler_pic_works=yes
lt_cv_prog_compiler_pic_works_CXX=yes
lt_cv_prog_compiler_rtti_exceptions=no
lt_cv_prog_compiler_static_works=yes
lt_cv_prog_compiler_static_works_CXX=no
lt_cv_prog_gnu_ld=yes
lt_cv_prog_gnu_ldcxx=yes
lt_cv_sharedlib_from_linklib_cmd='printf %s\n'
lt_cv_shlibpath_overrides_runpath=no
lt_cv_sys_global_symbol_pipe='sed -n -e '\''s/^.*[	 ]\([ABCDGIRSTW][ABCDGIRSTW]*\)[	 ][	 ]*\([_A-Za-z][_A-Za-z0-9]*\)$/\1 \2 \2/p'\'' | sed '\''/ __gnu_lto/d'\'''
lt_cv_sys_global_symbol_to_c_name_address='sed -n -e '\''s/^: \([^ ]*\)[ ]*$/  {\"\1\", (void *) 0},/p'\'' -e '\''s/^[ABCDGIRSTW]* \([^ ]*\) \([^ ]*\)$/  {"\2", (void *) \&\2},/p'\'''
lt_cv_sys_global_symbol_to_c_name_address_lib_prefix='sed -n -e '\''s/^: \([^ ]*\)[ ]*$/  {\"\1\", (void *) 0},/p'\'' -e '\''s/^[ABCDGIRSTW]* \([^ ]*\) \(lib[^ ]*\)$/  {"\2", (void *) \&\2},/p'\'' -e '\''s/^[ABCDGIRSTW]* \([^ ]*\) \([^ ]*\)$/  {"lib\2", (void *) \&\2},/p'\'''
lt_cv_sys_global_symbol_to_cdecl='sed -n -e '\''s/^T .* \(.*\)$/extern int \1();/p'\'' -e '\''s/^[ABCDGIRSTW]* .* \(.*\)$/extern char \1;/p'\'''
lt_cv_sys_max_cmd_len=1572864
lt_cv_to_host_file_cmd=func_convert_file_noop
lt_cv_to_tool_file_cmd=func_convert_file_noop

## ----------------- ##
## Output variables. ##
## ----------------- ##

ACLOCAL='${SHELL} /home/cac/Projects/OMGWTF2A/ode-0.12/missing aclocal-1.13'
AMDEPBACKSLASH='\'
AMDEP_FALSE='#'
AMDEP_TRUE=''
AMTAR='$${TAR-tar}'
AM_BACKSLASH='\'
AM_DEFAULT_V='$(AM_DEFAULT_VERBOSITY)'
AM_DEFAULT_VERBOSITY='1'
AM_V='$(V)'
AR='ar'
AUTOCONF='${SHELL} /home/cac/Projects/OMGWTF2A/ode-0.12/missing autoconf'
AUTOHEADER='${SHELL} /home/cac/Projects/OMGWTF2A/ode-0.12/missing autoheader'
AUTOMAKE='${SHELL} /home/cac/Projects/OMGWTF2A/ode-0.12/missing automake-1.13'
AWK='gawk'
CC='gcc'
CCDEPMODE='depmode=gcc3'
CFLAGS='-g -O2'
CPP='gcc -E'
CPPFLAGS=''
CXX='g++'
CXXCPP='g++ -E'
CXXDEPMODE='depmode=gcc3'
CXXFLAGS='-g -O2'
CYGPATH_W='echo'
DEFS='-DHAVE_CONFIG_H'
DEPDIR='.deps'
DLLTOOL='false'
DSYMUTIL=''
DUMPBIN=''
ECHO_C=''
ECHO_N='-n'
ECHO_T=''
EGREP='/usr/bin/grep -E'
EXEEXT=''
FGREP='/usr/bin/grep -F'
GREP='/usr/bin/grep'
INSTALL_DATA='${INSTALL} -m 644'
INSTALL_PROGRAM='${INSTALL}'
INSTALL_SCRIPT='${INSTALL}'
INSTALL_STRIP_PROGRAM='$(install_sh) -c -s'
LD='/usr/bin/ld'
LDFLAGS=''
LIBOBJS=''
LIBS='-lrt -lm '
LIBTOOL='$(SHELL) $(top_builddir)/libtool'
LIPO=''
LN_S='ln -s'
LTLIBOBJS=''
MAKEINFO='${SHELL} /home/cac/Projects/OMGWTF2A/ode-0.12/missing makeinfo'
MANIFEST_TOOL=':'
MKDIR_P='/usr/bin/mkdir -p'
NM='/usr/bin/nm -B'
NMEDIT=''
OBJDUMP='objdump'
OBJEXT='o'
OTOOL64=''
OTOOL=''
PACKAGE='libccd'
PACKAGE_BUGREPORT='danfis@danfis.cz'
PACKAGE_NAME='libccd'
PACKAGE_STRING='libccd 1.0'
PACKAGE_TARNAME='libccd'
PACKAGE_URL=''
PACKAGE_VERSION='1.0'
PATH_SEPARATOR=':'
RANLIB='ranlib'
SED='/usr/bin/sed'
SET_MAKE=''
SHELL='/bin/sh'
STRIP='strip'
VERSION='1.0'
ac_ct_AR='ar'
ac_ct_CC='gcc'
ac_ct_CXX='g++'
ac_ct_DUMPBIN=''
am__EXEEXT_FALSE=''
am__EXEEXT_TRUE='#'
am__fastdepCC_FALSE='#'
am__fastdepCC_TRUE=''
am__fastdepCXX_FALSE='#'
am__fastdepCXX_TRUE=''
am__include='include'
am__isrc=''
am__leading_dot='.'
am__nodep='_no'
am__quote=''
am__tar='$${TAR-tar} chof - "$$tardir"'
am__untar='$${TAR-tar} xf -'
bindir='${exec_prefix}/bin'
build='i686-pc-linux-gnu'
build_alias=''
build_cpu='i686'
build_os='linux-gnu'
build_vendor='pc'
datadir='${datarootdir}'
datarootdir='${prefix}/share'
docdir='${datarootdir}/doc/${PACKAGE_TARNAME}'
dvidir='${docdir}'
exec_prefix='${prefix}'
host='i686-pc-linux-gnu'
host_alias=''
host_cpu='i686'
host_os='linux-gnu'
host_vendor='pc'
htmldir='${docdir}'
includedir='${prefix}/include'
infodir='${datarootdir}/info'
install_sh='${SHELL} /home/cac/Projects/OMGWTF2A/ode-0.12/install-sh'
libdir='${exec_prefix}/lib'
libexecdir='${exec_prefix}/libexec'
localedir='${datarootdir}/locale'
localstatedir='${prefix}/var'
mandir='${datarootdir}/man'
mkdir_p='$(MKDIR_P)'
oldincludedir='/usr/include'
pdfdir='${docdir}'
prefix='/usr/local'
program_transform_name='s,x,x,'
psdir='${docdir}'
sbindir='${exec_prefix}/sbin'
sharedstatedir='${prefix}/com'
sysconfdir='${prefix}/etc'
target_alias=''

## ----------- ##
## confdefs.h. ##
## ----------- ##

/* confdefs.h */
#define PACKAGE_NAME "libccd"
#define PACKAGE_TARNAME "libccd"
#define PACKAGE_VERSION "1.0"
#define PACKAGE_STRING "libccd 1.0"
#define PACKAGE_BUGREPORT "danfis@danfis.cz"
#define PACKAGE_URL ""
#define PACKAGE "libccd"
#define VERSION "1.0"
#define STDC_HEADERS 1
#define HAVE_SYS_TYPES_H 1
#define HAVE_SYS_STAT_H 1
#define HAVE_STDLIB_H 1
#define HAVE_STRING_H 1
#define HAVE_MEMORY_H 1
#define HAVE_STRINGS_H 1
#define HAVE_INTTYPES_H 1
#define HAVE_STDINT_H 1
#define HAVE_UNISTD_H 1
#define HAVE_DLFCN_H 1
#define LT_OBJDIR ".libs/"
#define HAVE_LIBM 1
#define HAVE_LIBRT 1
#define HAVE_FLOAT_H 1
#define HAVE_STDLIB_H 1
#define HAVE_STRING_H 1
#define HAVE_UNISTD_H 1
#define HAVE_FORK 1
#define HAVE_VFORK 1
#define HAVE_WORKING_VFORK 1
#define HAVE_WORKING_FORK 1
#define HAVE_STDLIB_H 1
#define HAVE_REALLOC 1
#define HAVE_CLOCK_GETTIME 1
#define CCD_SINGLE /**/

configure: exit 0
